2024-11-17 11:22:38 [Thread-0] INFO  CustomerRun - Ticket purchased by john202 (Event: lork)
2024-11-17 11:22:41 [Thread-0] INFO  CustomerRun - Ticket purchased by john202 (Event: lork)
2024-11-17 11:22:43 [Thread-0] INFO  CustomerRun - Ticket purchased by john202 (Event: lork)
2024-11-17 11:22:44 [Thread-1] INFO  CustomerRun - Ticket purchased by john202 (Event: Ren)
2024-11-17 11:22:46 [Thread-0] INFO  CustomerRun - Ticket purchased by john202 (Event: lork)
2024-11-17 11:22:46 [Thread-1] INFO  CustomerRun - Ticket purchased by john202 (Event: Ren)
2024-11-17 11:22:49 [Thread-0] INFO  CustomerRun - Ticket purchased by john202 (Event: lork)
2024-11-17 11:22:49 [Thread-1] INFO  CustomerRun - Ticket purchased by john202 (Event: Ren)
2024-11-17 11:22:52 [Thread-0] INFO  CustomerRun - Ticket purchased by john202 (Event: lork)
2024-11-17 11:22:52 [Thread-1] INFO  CustomerRun - Ticket purchased by john202 (Event: Ren)
2024-11-17 11:22:54 [Thread-0] INFO  CustomerRun - Ticket purchased by john202 (Event: lork)
2024-11-17 11:22:54 [Thread-1] INFO  CustomerRun - Ticket purchased by john202 (Event: Ren)
2024-11-17 11:22:57 [Thread-0] INFO  CustomerRun - Ticket purchased by john202 (Event: lork)
2024-11-17 11:22:57 [Thread-1] INFO  CustomerRun - Ticket purchased by john202 (Event: Ren)
2024-11-17 11:23:00 [Thread-0] INFO  CustomerRun - Ticket purchased by john202 (Event: lork)
2024-11-17 11:23:00 [Thread-1] INFO  CustomerRun - Ticket purchased by john202 (Event: Ren)
2024-11-17 11:23:02 [Thread-0] INFO  CustomerRun - Ticket purchased by john202 (Event: lork)
2024-11-17 11:23:03 [Thread-1] INFO  CustomerRun - Ticket purchased by john202 (Event: Ren)
2024-11-17 11:23:05 [Thread-0] INFO  CustomerRun - Ticket purchased by john202 (Event: lork)
2024-11-17 11:23:05 [Thread-1] INFO  CustomerRun - Ticket purchased by john202 (Event: Ren)
2024-11-17 11:23:08 [Thread-0] INFO  CustomerRun - Ticket purchased by john202 (Event: lork)
2024-11-17 11:23:08 [Thread-1] INFO  CustomerRun - Ticket purchased by john202 (Event: Ren)
2024-11-17 11:23:10 [Thread-0] INFO  CustomerRun - Ticket purchased by john202 (Event: lork)
2024-11-17 11:23:11 [Thread-1] INFO  CustomerRun - Ticket purchased by john202 (Event: Ren)
2024-11-17 11:23:13 [Thread-0] INFO  CustomerRun - Ticket purchased by john202 (Event: lork)
2024-11-17 11:23:13 [Thread-1] INFO  CustomerRun - Ticket purchased by john202 (Event: Ren)
2024-11-17 11:23:16 [Thread-0] INFO  CustomerRun - Ticket purchased by john202 (Event: lork)
2024-11-17 11:23:16 [Thread-1] INFO  CustomerRun - Ticket purchased by john202 (Event: Ren)
2024-11-17 11:23:19 [Thread-0] INFO  CustomerRun - Ticket purchased by john202 (Event: lork)
2024-11-17 11:23:19 [Thread-1] INFO  CustomerRun - Ticket purchased by john202 (Event: Ren)
2024-11-17 11:23:21 [Thread-0] INFO  CustomerRun - Ticket purchased by john202 (Event: lork)
2024-11-17 11:23:22 [Thread-1] INFO  CustomerRun - Ticket purchased by john202 (Event: Ren)
2024-11-17 11:23:24 [Thread-0] INFO  CustomerRun - Ticket purchased by john202 (Event: lork)
2024-11-17 11:23:24 [Thread-1] INFO  CustomerRun - Ticket purchased by john202 (Event: Ren)
2024-11-17 11:23:27 [Thread-0] INFO  CustomerRun - Ticket purchased by john202 (Event: lork)
2024-11-17 11:23:27 [Thread-1] INFO  CustomerRun - Ticket purchased by john202 (Event: Ren)
2024-11-17 11:23:29 [Thread-0] INFO  CustomerRun - Ticket purchased by john202 (Event: lork)
2024-11-17 11:23:30 [Thread-1] INFO  CustomerRun - Ticket purchased by john202 (Event: Ren)
2024-11-17 11:23:32 [Thread-0] INFO  CustomerRun - Ticket purchased by john202 (Event: lork)
2024-11-17 11:23:32 [Thread-1] INFO  CustomerRun - Ticket purchased by john202 (Event: Ren)
2024-11-17 11:23:35 [Thread-0] INFO  CustomerRun - Ticket purchased by john202 (Event: lork)
2024-11-17 11:23:35 [Thread-1] INFO  CustomerRun - Ticket purchased by john202 (Event: Ren)
2024-11-17 11:23:38 [Thread-0] INFO  CustomerRun - Ticket purchased by john202 (Event: lork)
2024-11-17 11:23:38 [Thread-1] INFO  CustomerRun - Ticket purchased by john202 (Event: Ren)
2024-11-17 11:23:40 [Thread-0] INFO  CustomerRun - Ticket purchased by john202 (Event: lork)
2024-11-17 11:23:41 [Thread-1] INFO  CustomerRun - Ticket purchased by john202 (Event: Ren)
2024-11-17 11:23:43 [Thread-0] INFO  CustomerRun - Ticket purchased by john202 (Event: lork)
2024-11-17 11:23:43 [Thread-1] INFO  CustomerRun - Ticket purchased by john202 (Event: Ren)
2024-11-17 11:23:46 [Thread-0] INFO  CustomerRun - Ticket purchased by john202 (Event: lork)
2024-11-17 11:23:46 [Thread-1] INFO  CustomerRun - Ticket purchased by john202 (Event: Ren)
2024-11-17 11:23:48 [Thread-0] INFO  CustomerRun - Ticket purchased by john202 (Event: lork)
2024-11-17 11:23:49 [Thread-1] INFO  CustomerRun - Ticket purchased by john202 (Event: Ren)
2024-11-17 11:23:51 [Thread-0] INFO  CustomerRun - Ticket purchased by john202 (Event: lork)
2024-11-17 11:23:51 [Thread-1] INFO  CustomerRun - Ticket purchased by john202 (Event: Ren)
2024-11-17 11:23:54 [Thread-0] INFO  CustomerRun - Ticket purchased by john202 (Event: lork)
2024-11-17 11:23:54 [Thread-1] INFO  CustomerRun - Ticket purchased by john202 (Event: Ren)
2024-11-17 11:23:57 [Thread-0] INFO  CustomerRun - Ticket purchased by john202 (Event: lork)
2024-11-17 11:23:57 [Thread-1] INFO  CustomerRun - Ticket purchased by john202 (Event: Ren)
2024-11-17 11:23:59 [Thread-0] INFO  CustomerRun - Ticket purchased by john202 (Event: lork)
2024-11-17 11:24:00 [Thread-1] INFO  CustomerRun - Ticket purchased by john202 (Event: Ren)
2024-11-17 11:24:02 [Thread-0] INFO  CustomerRun - Ticket purchased by john202 (Event: lork)
2024-11-17 11:24:02 [Thread-1] INFO  CustomerRun - Ticket purchased by john202 (Event: Ren)
2024-11-17 11:24:05 [Thread-0] INFO  CustomerRun - Ticket purchased by john202 (Event: lork)
2024-11-17 11:24:05 [Thread-1] INFO  CustomerRun - Ticket purchased by john202 (Event: Ren)
2024-11-17 11:24:07 [Thread-0] INFO  CustomerRun - Ticket purchased by john202 (Event: lork)
2024-11-17 11:24:08 [Thread-1] INFO  CustomerRun - Ticket purchased by john202 (Event: Ren)
2024-11-17 11:24:10 [Thread-0] INFO  CustomerRun - Ticket purchased by john202 (Event: lork)
2024-11-17 11:24:10 [Thread-1] INFO  CustomerRun - Ticket purchased by john202 (Event: Ren)
2024-11-17 11:24:13 [Thread-0] INFO  CustomerRun - Ticket purchased by john202 (Event: lork)
2024-11-17 11:24:13 [Thread-1] INFO  CustomerRun - Ticket purchased by john202 (Event: Ren)
2024-11-17 11:24:16 [Thread-0] INFO  CustomerRun - Ticket purchased by john202 (Event: lork)
2024-11-17 11:24:16 [Thread-1] INFO  CustomerRun - Ticket purchased by john202 (Event: Ren)
2024-11-17 11:24:18 [Thread-0] INFO  CustomerRun - Ticket purchased by john202 (Event: lork)
2024-11-17 11:24:19 [Thread-1] INFO  CustomerRun - Ticket purchased by john202 (Event: Ren)
2024-11-17 11:24:21 [Thread-0] INFO  CustomerRun - Ticket purchased by john202 (Event: lork)
2024-11-17 11:24:21 [Thread-1] INFO  CustomerRun - Ticket purchased by john202 (Event: Ren)
2024-11-17 11:24:24 [Thread-0] INFO  CustomerRun - Ticket purchased by john202 (Event: lork)
2024-11-17 11:24:24 [Thread-1] INFO  CustomerRun - Ticket purchased by john202 (Event: Ren)
2024-11-17 11:24:26 [Thread-0] INFO  CustomerRun - Ticket purchased by john202 (Event: lork)
2024-11-17 11:24:27 [Thread-1] INFO  CustomerRun - Ticket purchased by john202 (Event: Ren)
2024-11-17 11:24:29 [Thread-0] INFO  CustomerRun - Ticket purchased by john202 (Event: lork)
2024-11-17 11:24:29 [Thread-1] INFO  CustomerRun - Ticket purchased by john202 (Event: Ren)
2024-11-17 11:24:32 [Thread-0] INFO  CustomerRun - Ticket purchased by john202 (Event: lork)
2024-11-17 11:24:32 [Thread-1] INFO  CustomerRun - Ticket purchased by john202 (Event: Ren)
2024-11-17 11:24:35 [Thread-0] INFO  CustomerRun - Ticket purchased by john202 (Event: lork)
2024-11-17 11:24:35 [Thread-1] INFO  CustomerRun - Ticket purchased by john202 (Event: Ren)
2024-11-17 11:24:37 [Thread-0] INFO  CustomerRun - Ticket purchased by john202 (Event: lork)
2024-11-17 11:24:37 [Thread-1] INFO  CustomerRun - Ticket purchased by john202 (Event: Ren)
2024-11-17 11:24:40 [Thread-0] INFO  CustomerRun - Ticket purchased by john202 (Event: lork)
2024-11-17 11:24:40 [Thread-1] INFO  CustomerRun - Ticket purchased by john202 (Event: Ren)
2024-11-17 11:24:43 [Thread-0] INFO  CustomerRun - Ticket purchased by john202 (Event: lork)
2024-11-17 11:24:43 [Thread-1] INFO  CustomerRun - Ticket purchased by john202 (Event: Ren)
2024-11-17 11:24:45 [Thread-0] INFO  CustomerRun - Ticket purchased by john202 (Event: lork)
2024-11-17 11:24:46 [Thread-1] INFO  CustomerRun - Ticket purchased by john202 (Event: Ren)
2024-11-17 11:24:48 [Thread-0] INFO  CustomerRun - Ticket purchased by john202 (Event: lork)
2024-11-17 11:24:48 [Thread-1] INFO  CustomerRun - Ticket purchased by john202 (Event: Ren)
2024-11-17 11:24:51 [Thread-0] INFO  CustomerRun - Ticket purchased by john202 (Event: lork)
2024-11-17 11:24:51 [Thread-1] INFO  CustomerRun - Ticket purchased by john202 (Event: Ren)
2024-11-17 11:24:54 [Thread-0] INFO  CustomerRun - Ticket purchased by john202 (Event: lork)
2024-11-17 11:24:54 [Thread-1] INFO  CustomerRun - Ticket purchased by john202 (Event: Ren)
2024-11-17 11:24:56 [Thread-0] INFO  CustomerRun - Ticket purchased by john202 (Event: lork)
2024-11-17 11:24:56 [Thread-1] INFO  CustomerRun - Ticket purchased by john202 (Event: Ren)
2024-11-17 11:24:59 [Thread-0] INFO  CustomerRun - Ticket purchased by john202 (Event: lork)
2024-11-17 11:24:59 [Thread-1] INFO  CustomerRun - Ticket purchasing completed for consumer: john202 (Event: Ren)
2024-11-17 11:25:02 [Thread-0] INFO  CustomerRun - Ticket purchased by john202 (Event: lork)
2024-11-17 11:25:04 [Thread-0] INFO  CustomerRun - Ticket purchased by john202 (Event: lork)
2024-11-17 11:25:07 [Thread-0] INFO  CustomerRun - Ticket purchased by john202 (Event: lork)
2024-11-17 11:25:10 [Thread-0] INFO  CustomerRun - Ticket purchased by john202 (Event: lork)
2024-11-17 11:25:12 [Thread-0] INFO  CustomerRun - Ticket purchased by john202 (Event: lork)
2024-11-17 11:25:15 [Thread-0] INFO  CustomerRun - Ticket purchased by john202 (Event: lork)
2024-11-17 11:25:18 [Thread-0] INFO  CustomerRun - Ticket purchased by john202 (Event: lork)
2024-11-17 11:25:21 [Thread-0] INFO  CustomerRun - Ticket purchased by john202 (Event: lork)
2024-11-17 11:25:23 [Thread-0] INFO  CustomerRun - Ticket purchased by john202 (Event: lork)
2024-11-17 11:25:26 [Thread-0] INFO  CustomerRun - Ticket purchased by john202 (Event: lork)
2024-11-17 11:25:29 [Thread-0] INFO  CustomerRun - Ticket purchased by john202 (Event: lork)
2024-11-17 11:25:31 [Thread-0] INFO  CustomerRun - Ticket purchased by john202 (Event: lork)
2024-11-17 11:25:34 [Thread-0] INFO  CustomerRun - Ticket purchased by john202 (Event: lork)
2024-11-17 11:25:37 [Thread-0] INFO  CustomerRun - Ticket purchased by john202 (Event: lork)
2024-11-17 11:25:40 [Thread-0] INFO  CustomerRun - Ticket purchased by john202 (Event: lork)
2024-11-17 11:25:42 [Thread-0] INFO  CustomerRun - Ticket purchased by john202 (Event: lork)
2024-11-17 11:25:45 [Thread-0] INFO  CustomerRun - Ticket purchased by john202 (Event: lork)
2024-11-17 11:25:48 [Thread-0] INFO  CustomerRun - Ticket purchasing completed for consumer: john202 (Event: lork)
2024-11-17 21:02:44 [Thread-5] INFO  CustomerRun - Ticket purchased by ehsn432 (Event: dem)
2024-11-17 21:02:45 [Thread-5] INFO  CustomerRun - Ticket purchased by ehsn432 (Event: dem)
2024-11-17 21:02:46 [Thread-5] INFO  CustomerRun - Ticket purchased by ehsn432 (Event: dem)
2024-11-17 21:02:47 [Thread-5] INFO  CustomerRun - Ticket purchased by ehsn432 (Event: dem)
2024-11-17 21:02:48 [Thread-5] INFO  CustomerRun - Ticket purchased by ehsn432 (Event: dem)
2024-11-17 21:02:49 [Thread-6] INFO  CustomerRun - Ticket purchased by ehsn432 (Event: dem)
2024-11-17 21:02:49 [Thread-5] INFO  CustomerRun - Ticket purchased by ehsn432 (Event: dem)
2024-11-17 21:02:50 [Thread-6] INFO  CustomerRun - Ticket purchased by ehsn432 (Event: dem)
2024-11-17 21:02:50 [Thread-5] INFO  CustomerRun - Ticket purchased by ehsn432 (Event: dem)
2024-11-17 21:02:51 [Thread-6] INFO  CustomerRun - Ticket purchased by ehsn432 (Event: dem)
2024-11-17 21:02:51 [Thread-5] INFO  CustomerRun - Ticket purchased by ehsn432 (Event: dem)
2024-11-17 21:02:52 [Thread-6] INFO  CustomerRun - Ticket purchased by ehsn432 (Event: dem)
2024-11-17 21:02:52 [Thread-5] INFO  CustomerRun - Ticket purchased by ehsn432 (Event: dem)
2024-11-17 21:02:53 [Thread-6] INFO  CustomerRun - Ticket purchased by ehsn432 (Event: dem)
2024-11-17 21:02:53 [Thread-5] INFO  CustomerRun - Ticket purchased by ehsn432 (Event: dem)
2024-11-17 21:02:54 [Thread-6] INFO  CustomerRun - Ticket purchased by ehsn432 (Event: dem)
2024-11-17 21:02:54 [Thread-5] INFO  CustomerRun - Ticket purchased by ehsn432 (Event: dem)
2024-11-17 21:02:55 [Thread-6] INFO  CustomerRun - Ticket purchased by ehsn432 (Event: dem)
2024-11-17 21:02:55 [Thread-5] INFO  CustomerRun - Ticket purchased by ehsn432 (Event: dem)
2024-11-17 21:02:56 [Thread-6] INFO  CustomerRun - Ticket purchased by ehsn432 (Event: dem)
2024-11-17 21:02:56 [Thread-5] INFO  CustomerRun - Ticket purchased by ehsn432 (Event: dem)
2024-11-17 21:02:57 [Thread-6] INFO  CustomerRun - Ticket purchased by ehsn432 (Event: dem)
2024-11-17 21:02:57 [Thread-5] INFO  CustomerRun - Ticket purchased by ehsn432 (Event: dem)
2024-11-17 21:02:58 [Thread-6] INFO  CustomerRun - Ticket purchased by ehsn432 (Event: dem)
2024-11-17 21:02:58 [Thread-5] INFO  CustomerRun - Ticket purchased by ehsn432 (Event: dem)
2024-11-17 21:02:59 [Thread-6] INFO  CustomerRun - Ticket purchased by ehsn432 (Event: dem)
2024-11-17 21:02:59 [Thread-5] INFO  CustomerRun - Ticket purchased by ehsn432 (Event: dem)
2024-11-17 21:03:00 [Thread-6] INFO  CustomerRun - Ticket purchased by ehsn432 (Event: dem)
2024-11-17 21:03:00 [Thread-5] INFO  CustomerRun - Ticket purchased by ehsn432 (Event: dem)
2024-11-17 21:03:01 [Thread-6] INFO  CustomerRun - Ticket purchased by ehsn432 (Event: dem)
2024-11-17 21:03:01 [Thread-5] INFO  CustomerRun - Ticket purchased by ehsn432 (Event: dem)
2024-11-17 21:03:02 [Thread-6] INFO  CustomerRun - Ticket purchased by ehsn432 (Event: dem)
2024-11-17 21:03:02 [Thread-5] INFO  CustomerRun - Ticket purchased by ehsn432 (Event: dem)
2024-11-17 21:03:03 [Thread-6] INFO  CustomerRun - Ticket purchased by ehsn432 (Event: dem)
2024-11-17 21:03:03 [Thread-5] INFO  CustomerRun - Ticket purchased by ehsn432 (Event: dem)
2024-11-17 21:03:04 [Thread-6] INFO  CustomerRun - Ticket purchased by ehsn432 (Event: dem)
2024-11-17 21:03:04 [Thread-5] INFO  CustomerRun - Ticket purchased by ehsn432 (Event: dem)
2024-11-17 21:03:05 [Thread-6] INFO  CustomerRun - Ticket purchased by ehsn432 (Event: dem)
2024-11-17 21:03:05 [Thread-5] INFO  CustomerRun - Ticket purchased by ehsn432 (Event: dem)
2024-11-17 21:03:06 [Thread-6] INFO  CustomerRun - Ticket purchased by ehsn432 (Event: dem)
2024-11-17 21:03:06 [Thread-5] INFO  CustomerRun - Ticket purchased by ehsn432 (Event: dem)
2024-11-17 21:03:07 [Thread-6] INFO  CustomerRun - Ticket purchased by ehsn432 (Event: dem)
2024-11-17 21:03:07 [Thread-5] INFO  CustomerRun - Ticket purchased by ehsn432 (Event: dem)
2024-11-17 21:03:08 [Thread-6] INFO  CustomerRun - Ticket purchased by ehsn432 (Event: dem)
2024-11-17 21:03:08 [Thread-5] INFO  CustomerRun - Ticket purchased by ehsn432 (Event: dem)
2024-11-17 21:03:09 [Thread-6] INFO  CustomerRun - Ticket purchased by ehsn432 (Event: dem)
2024-11-17 21:03:09 [Thread-5] INFO  CustomerRun - Ticket purchased by ehsn432 (Event: dem)
2024-11-17 21:03:10 [Thread-6] INFO  CustomerRun - Ticket purchased by ehsn432 (Event: dem)
2024-11-17 21:03:10 [Thread-5] INFO  CustomerRun - Ticket purchased by ehsn432 (Event: dem)
2024-11-17 21:03:11 [Thread-6] INFO  CustomerRun - Ticket purchased by ehsn432 (Event: dem)
2024-11-17 21:03:11 [Thread-5] INFO  CustomerRun - Ticket purchased by ehsn432 (Event: dem)
2024-11-17 21:03:12 [Thread-6] INFO  CustomerRun - Ticket purchased by ehsn432 (Event: dem)
2024-11-17 21:03:12 [Thread-5] INFO  CustomerRun - Ticket purchased by ehsn432 (Event: dem)
2024-11-17 21:03:13 [Thread-6] INFO  CustomerRun - Ticket purchased by ehsn432 (Event: dem)
2024-11-17 21:03:13 [Thread-5] INFO  CustomerRun - Ticket purchased by ehsn432 (Event: dem)
2024-11-17 21:03:14 [Thread-6] INFO  CustomerRun - Ticket purchased by ehsn432 (Event: dem)
2024-11-17 21:03:14 [Thread-5] INFO  CustomerRun - Ticket purchased by ehsn432 (Event: dem)
2024-11-17 21:03:15 [Thread-6] INFO  CustomerRun - Ticket purchased by ehsn432 (Event: dem)
2024-11-17 21:03:15 [Thread-5] INFO  CustomerRun - Ticket purchased by ehsn432 (Event: dem)
2024-11-17 21:03:16 [Thread-6] INFO  CustomerRun - Ticket purchased by ehsn432 (Event: dem)
2024-11-17 21:03:16 [Thread-5] INFO  CustomerRun - Ticket purchased by ehsn432 (Event: dem)
2024-11-17 21:03:17 [Thread-6] INFO  CustomerRun - Ticket purchased by ehsn432 (Event: dem)
2024-11-17 21:03:17 [Thread-5] INFO  CustomerRun - Ticket purchased by ehsn432 (Event: dem)
2024-11-17 21:03:18 [Thread-6] INFO  CustomerRun - Ticket purchased by ehsn432 (Event: dem)
2024-11-17 21:03:18 [Thread-5] INFO  CustomerRun - Ticket purchased by ehsn432 (Event: dem)
2024-11-17 21:03:19 [Thread-6] INFO  CustomerRun - Ticket purchased by ehsn432 (Event: dem)
2024-11-17 21:03:20 [Thread-5] INFO  CustomerRun - Ticket purchased by ehsn432 (Event: dem)
2024-11-17 21:03:20 [Thread-6] INFO  CustomerRun - Ticket purchased by ehsn432 (Event: dem)
2024-11-17 21:03:21 [Thread-5] INFO  CustomerRun - Ticket purchased by ehsn432 (Event: dem)
2024-11-17 21:03:21 [Thread-6] INFO  CustomerRun - Ticket purchased by ehsn432 (Event: dem)
2024-11-17 21:03:22 [Thread-5] INFO  CustomerRun - Ticket purchased by ehsn432 (Event: dem)
2024-11-17 21:03:22 [Thread-6] INFO  CustomerRun - Ticket purchased by ehsn432 (Event: dem)
2024-11-17 21:03:23 [Thread-5] INFO  CustomerRun - Ticket purchased by ehsn432 (Event: dem)
2024-11-17 21:03:23 [Thread-6] INFO  CustomerRun - Ticket purchased by ehsn432 (Event: dem)
2024-11-17 21:03:24 [Thread-5] INFO  CustomerRun - Ticket purchased by ehsn432 (Event: dem)
2024-11-17 21:03:24 [Thread-6] INFO  CustomerRun - Ticket purchased by ehsn432 (Event: dem)
2024-11-17 21:03:25 [Thread-5] INFO  CustomerRun - Ticket purchased by ehsn432 (Event: dem)
2024-11-17 21:03:25 [Thread-6] INFO  CustomerRun - Ticket purchased by ehsn432 (Event: dem)
2024-11-17 21:03:26 [Thread-5] INFO  CustomerRun - Ticket purchased by ehsn432 (Event: dem)
2024-11-17 21:03:26 [Thread-6] INFO  CustomerRun - Ticket purchased by ehsn432 (Event: dem)
2024-11-17 21:03:27 [Thread-5] INFO  CustomerRun - Ticket purchased by ehsn432 (Event: dem)
2024-11-17 21:03:27 [Thread-6] INFO  CustomerRun - Ticket purchased by ehsn432 (Event: dem)
2024-11-17 21:03:28 [Thread-5] INFO  CustomerRun - Ticket purchased by ehsn432 (Event: dem)
2024-11-17 21:03:28 [Thread-6] INFO  CustomerRun - Ticket purchased by ehsn432 (Event: dem)
2024-11-17 21:03:29 [Thread-5] INFO  CustomerRun - Ticket purchased by ehsn432 (Event: dem)
2024-11-17 21:03:29 [Thread-6] INFO  CustomerRun - Ticket purchased by ehsn432 (Event: dem)
2024-11-17 21:03:30 [Thread-5] INFO  CustomerRun - Ticket purchased by ehsn432 (Event: dem)
2024-11-17 21:03:30 [Thread-6] INFO  CustomerRun - Ticket purchased by ehsn432 (Event: dem)
2024-11-17 21:03:31 [Thread-5] INFO  CustomerRun - Ticket purchased by ehsn432 (Event: dem)
2024-11-17 21:03:31 [Thread-6] INFO  CustomerRun - Ticket purchased by ehsn432 (Event: dem)
2024-11-17 21:03:32 [Thread-5] INFO  CustomerRun - Ticket purchased by ehsn432 (Event: dem)
2024-11-17 21:03:32 [Thread-6] INFO  CustomerRun - Ticket purchased by ehsn432 (Event: dem)
2024-11-17 21:03:33 [Thread-5] INFO  CustomerRun - Ticket purchased by ehsn432 (Event: dem)
2024-11-17 21:03:33 [Thread-6] INFO  CustomerRun - Ticket purchased by ehsn432 (Event: dem)
2024-11-17 21:03:34 [Thread-5] INFO  CustomerRun - Ticket purchased by ehsn432 (Event: dem)
2024-11-17 21:03:34 [Thread-6] INFO  CustomerRun - Ticket purchased by ehsn432 (Event: dem)
2024-11-17 21:03:35 [Thread-5] INFO  CustomerRun - Ticket purchased by ehsn432 (Event: dem)
2024-11-17 21:03:36 [Thread-6] INFO  CustomerRun - Ticket purchased by ehsn432 (Event: dem)
2024-11-17 21:03:36 [Thread-5] INFO  CustomerRun - Ticket purchased by ehsn432 (Event: dem)
2024-11-17 21:03:37 [Thread-6] INFO  CustomerRun - Ticket purchased by ehsn432 (Event: dem)
2024-11-17 21:03:37 [Thread-5] INFO  CustomerRun - Ticket purchased by ehsn432 (Event: dem)
2024-11-17 21:03:38 [Thread-6] INFO  CustomerRun - Ticket purchased by ehsn432 (Event: dem)
2024-11-17 21:03:38 [Thread-5] INFO  CustomerRun - Ticket purchased by ehsn432 (Event: dem)
2024-11-17 21:03:39 [Thread-6] INFO  CustomerRun - Ticket purchased by ehsn432 (Event: dem)
2024-11-17 21:03:39 [Thread-5] INFO  CustomerRun - Ticket purchased by ehsn432 (Event: dem)
2024-11-17 21:03:40 [Thread-6] INFO  CustomerRun - Ticket purchased by ehsn432 (Event: dem)
2024-11-17 21:03:40 [Thread-5] INFO  CustomerRun - Ticket purchased by ehsn432 (Event: dem)
2024-11-17 21:03:41 [Thread-6] INFO  CustomerRun - Ticket purchased by ehsn432 (Event: dem)
2024-11-17 21:03:41 [Thread-5] INFO  CustomerRun - Ticket purchased by ehsn432 (Event: dem)
2024-11-17 21:03:42 [Thread-6] INFO  CustomerRun - Ticket purchased by ehsn432 (Event: dem)
2024-11-17 21:03:42 [Thread-5] INFO  CustomerRun - Ticket purchased by ehsn432 (Event: dem)
2024-11-17 21:03:43 [Thread-6] INFO  CustomerRun - Ticket purchased by ehsn432 (Event: dem)
2024-11-17 21:03:43 [Thread-5] INFO  CustomerRun - Ticket purchased by ehsn432 (Event: dem)
2024-11-17 21:03:44 [Thread-6] INFO  CustomerRun - Ticket purchased by ehsn432 (Event: dem)
2024-11-17 21:03:44 [Thread-5] INFO  CustomerRun - Ticket purchased by ehsn432 (Event: dem)
2024-11-17 21:03:45 [Thread-6] INFO  CustomerRun - Ticket purchased by ehsn432 (Event: dem)
2024-11-17 21:03:45 [Thread-5] INFO  CustomerRun - Ticket purchasing completed for consumer: ehsn432 (Event: dem)
2024-11-17 21:03:46 [Thread-6] INFO  CustomerRun - Ticket purchased by ehsn432 (Event: dem)
2024-11-17 21:03:47 [Thread-6] INFO  CustomerRun - Ticket purchased by ehsn432 (Event: dem)
2024-11-17 21:03:48 [Thread-6] INFO  CustomerRun - Ticket purchased by ehsn432 (Event: dem)
2024-11-17 21:03:49 [Thread-6] INFO  CustomerRun - Ticket purchased by ehsn432 (Event: dem)
2024-11-17 21:03:50 [Thread-6] INFO  CustomerRun - Ticket purchasing completed for consumer: ehsn432 (Event: dem)
2024-11-17 21:16:00 [Thread-0] INFO  CustomerRun - Ticket purchased by john202 (Event: rel)
2024-11-17 21:16:01 [Thread-0] INFO  CustomerRun - Ticket purchased by john202 (Event: rel)
2024-11-17 21:16:02 [Thread-0] INFO  CustomerRun - Ticket purchased by john202 (Event: rel)
2024-11-17 21:16:03 [Thread-0] INFO  CustomerRun - Ticket purchased by john202 (Event: rel)
2024-11-17 21:16:04 [Thread-0] INFO  CustomerRun - Ticket purchasing stopped after sleep for consumer: john202 (Event: rel)
