2024-11-17 07:51:50 [Thread-0] INFO  TicketPoolAdd - Ticket added to pool: hesh234-1 lork
2024-11-17 07:51:53 [Thread-0] INFO  TicketPoolAdd - Ticket added to pool: hesh234-2 lork
2024-11-17 07:51:55 [Thread-0] INFO  TicketPoolAdd - Ticket added to pool: hesh234-3 lork
2024-11-17 07:51:58 [Thread-0] INFO  TicketPoolAdd - Ticket added to pool: hesh234-4 lork
2024-11-17 07:52:00 [Thread-0] INFO  TicketPoolAdd - Ticket added to pool: hesh234-5 lork
2024-11-17 07:52:03 [Thread-0] INFO  TicketPoolAdd - Ticket added to pool: hesh234-6 lork
2024-11-17 07:52:06 [Thread-0] INFO  TicketPoolAdd - Ticket added to pool: hesh234-7 lork
2024-11-17 07:52:08 [Thread-0] INFO  TicketPoolAdd - Ticket added to pool: hesh234-8 lork
2024-11-17 07:52:11 [Thread-0] INFO  TicketPoolAdd - Ticket added to pool: hesh234-9 lork
2024-11-17 07:52:13 [Thread-1] INFO  TicketPoolAdd - Ticket added to pool: hesh234-1 Ren
2024-11-17 07:52:14 [Thread-0] INFO  TicketPoolAdd - Ticket added to pool: hesh234-10 lork
2024-11-17 07:52:16 [Thread-1] INFO  TicketPoolAdd - Ticket added to pool: hesh234-2 Ren
2024-11-17 07:52:16 [Thread-0] INFO  TicketPoolAdd - Ticket added to pool: hesh234-11 lork
2024-11-17 07:52:18 [Thread-1] INFO  TicketPoolAdd - Ticket added to pool: hesh234-3 Ren
2024-11-17 07:52:19 [Thread-0] INFO  TicketPoolAdd - Ticket added to pool: hesh234-12 lork
2024-11-17 07:52:21 [Thread-1] INFO  TicketPoolAdd - Ticket added to pool: hesh234-4 Ren
2024-11-17 07:52:21 [Thread-0] INFO  TicketPoolAdd - Ticket added to pool: hesh234-13 lork
2024-11-17 07:52:24 [Thread-1] INFO  TicketPoolAdd - Ticket added to pool: hesh234-5 Ren
2024-11-17 07:52:24 [Thread-0] INFO  TicketPoolAdd - Ticket added to pool: hesh234-14 lork
2024-11-17 07:52:26 [Thread-1] INFO  TicketPoolAdd - Ticket added to pool: hesh234-6 Ren
2024-11-17 07:52:27 [Thread-0] INFO  TicketPoolAdd - Ticket added to pool: hesh234-15 lork
2024-11-17 07:52:29 [Thread-1] INFO  TicketPoolAdd - Ticket added to pool: hesh234-7 Ren
2024-11-17 07:52:29 [Thread-0] INFO  TicketPoolAdd - Ticket added to pool: hesh234-16 lork
2024-11-17 07:52:32 [Thread-1] INFO  TicketPoolAdd - Ticket added to pool: hesh234-8 Ren
2024-11-17 07:52:32 [Thread-0] INFO  TicketPoolAdd - Ticket added to pool: hesh234-17 lork
2024-11-17 07:52:34 [Thread-1] INFO  TicketPoolAdd - Ticket added to pool: hesh234-9 Ren
2024-11-17 07:52:34 [Thread-0] INFO  TicketPoolAdd - Ticket added to pool: hesh234-18 lork
2024-11-17 07:52:37 [Thread-1] INFO  TicketPoolAdd - Ticket added to pool: hesh234-10 Ren
2024-11-17 07:52:37 [Thread-0] INFO  TicketPoolAdd - Ticket added to pool: hesh234-19 lork
2024-11-17 07:52:39 [Thread-1] INFO  TicketPoolAdd - Ticket added to pool: hesh234-11 Ren
2024-11-17 07:52:40 [Thread-0] INFO  TicketPoolAdd - Ticket added to pool: hesh234-20 lork
2024-11-17 07:52:42 [Thread-1] INFO  TicketPoolAdd - Ticket added to pool: hesh234-12 Ren
2024-11-17 07:52:42 [Thread-0] INFO  TicketPoolAdd - Ticket added to pool: hesh234-21 lork
2024-11-17 07:52:45 [Thread-1] INFO  TicketPoolAdd - Ticket added to pool: hesh234-13 Ren
2024-11-17 07:52:45 [Thread-0] INFO  TicketPoolAdd - Ticket added to pool: hesh234-22 lork
2024-11-17 07:52:47 [Thread-1] INFO  TicketPoolAdd - Ticket added to pool: hesh234-14 Ren
2024-11-17 07:52:48 [Thread-0] INFO  TicketPoolAdd - Ticket added to pool: hesh234-23 lork
2024-11-17 07:52:50 [Thread-1] INFO  TicketPoolAdd - Ticket added to pool: hesh234-15 Ren
2024-11-17 07:52:50 [Thread-0] INFO  TicketPoolAdd - Ticket added to pool: hesh234-24 lork
2024-11-17 07:52:52 [Thread-1] INFO  TicketPoolAdd - Ticket added to pool: hesh234-16 Ren
2024-11-17 07:52:53 [Thread-0] INFO  TicketPoolAdd - Ticket added to pool: hesh234-25 lork
2024-11-17 07:52:55 [Thread-1] INFO  TicketPoolAdd - Ticket added to pool: hesh234-17 Ren
2024-11-17 07:52:55 [Thread-0] INFO  TicketPoolAdd - Ticket added to pool: hesh234-26 lork
2024-11-17 07:52:58 [Thread-1] INFO  TicketPoolAdd - Ticket added to pool: hesh234-18 Ren
2024-11-17 07:52:58 [Thread-0] INFO  TicketPoolAdd - Ticket added to pool: hesh234-27 lork
2024-11-17 07:53:00 [Thread-1] INFO  TicketPoolAdd - Ticket added to pool: hesh234-19 Ren
2024-11-17 07:53:01 [Thread-0] INFO  TicketPoolAdd - Ticket added to pool: hesh234-28 lork
2024-11-17 07:53:03 [Thread-1] INFO  TicketPoolAdd - Ticket added to pool: hesh234-20 Ren
2024-11-17 07:53:03 [Thread-0] INFO  TicketPoolAdd - Ticket added to pool: hesh234-29 lork
2024-11-17 07:53:06 [Thread-1] INFO  TicketPoolAdd - Ticket added to pool: hesh234-21 Ren
2024-11-17 07:53:06 [Thread-0] INFO  TicketPoolAdd - Ticket added to pool: hesh234-30 lork
2024-11-17 07:53:08 [Thread-1] INFO  TicketPoolAdd - Ticket added to pool: hesh234-22 Ren
2024-11-17 07:53:08 [Thread-0] INFO  TicketPoolAdd - Ticket added to pool: hesh234-31 lork
2024-11-17 07:53:11 [Thread-1] INFO  TicketPoolAdd - Ticket added to pool: hesh234-23 Ren
2024-11-17 07:53:11 [Thread-0] INFO  TicketPoolAdd - Ticket added to pool: hesh234-32 lork
2024-11-17 07:53:13 [Thread-1] INFO  TicketPoolAdd - Ticket added to pool: hesh234-24 Ren
2024-11-17 07:53:14 [Thread-0] INFO  TicketPoolAdd - Ticket added to pool: hesh234-33 lork
2024-11-17 07:53:16 [Thread-1] INFO  TicketPoolAdd - Ticket added to pool: hesh234-25 Ren
2024-11-17 07:53:16 [Thread-0] INFO  TicketPoolAdd - Ticket added to pool: hesh234-34 lork
2024-11-17 07:53:19 [Thread-1] INFO  TicketPoolAdd - Ticket added to pool: hesh234-26 Ren
2024-11-17 07:53:19 [Thread-0] INFO  TicketPoolAdd - Ticket added to pool: hesh234-35 lork
2024-11-17 07:53:21 [Thread-1] INFO  TicketPoolAdd - Ticket added to pool: hesh234-27 Ren
2024-11-17 07:53:21 [Thread-0] INFO  TicketPoolAdd - Ticket added to pool: hesh234-36 lork
2024-11-17 07:53:24 [Thread-1] INFO  TicketPoolAdd - Ticket added to pool: hesh234-28 Ren
2024-11-17 07:53:24 [Thread-0] INFO  TicketPoolAdd - Ticket added to pool: hesh234-37 lork
2024-11-17 07:53:26 [Thread-1] INFO  TicketPoolAdd - Ticket added to pool: hesh234-29 Ren
2024-11-17 07:53:27 [Thread-0] INFO  TicketPoolAdd - Ticket added to pool: hesh234-38 lork
2024-11-17 07:53:29 [Thread-1] INFO  TicketPoolAdd - Ticket added to pool: hesh234-30 Ren
2024-11-17 07:53:29 [Thread-0] INFO  TicketPoolAdd - Ticket added to pool: hesh234-39 lork
2024-11-17 07:53:32 [Thread-1] INFO  TicketPoolAdd - Ticket added to pool: hesh234-31 Ren
2024-11-17 07:53:32 [Thread-0] INFO  TicketPoolAdd - Ticket added to pool: hesh234-40 lork
2024-11-17 07:53:34 [Thread-1] INFO  TicketPoolAdd - Ticket added to pool: hesh234-32 Ren
2024-11-17 07:53:35 [Thread-0] INFO  TicketPoolAdd - Ticket added to pool: hesh234-41 lork
2024-11-17 07:53:37 [Thread-1] INFO  TicketPoolAdd - Ticket added to pool: hesh234-33 Ren
2024-11-17 07:53:37 [Thread-0] INFO  TicketPoolAdd - Ticket added to pool: hesh234-42 lork
2024-11-17 07:53:40 [Thread-1] INFO  TicketPoolAdd - Ticket added to pool: hesh234-34 Ren
2024-11-17 07:53:40 [Thread-0] INFO  TicketPoolAdd - Ticket added to pool: hesh234-43 lork
2024-11-17 07:53:42 [Thread-1] INFO  TicketPoolAdd - Ticket added to pool: hesh234-35 Ren
2024-11-17 07:53:42 [Thread-0] INFO  TicketPoolAdd - Ticket added to pool: hesh234-44 lork
2024-11-17 07:53:45 [Thread-1] INFO  TicketPoolAdd - Ticket added to pool: hesh234-36 Ren
2024-11-17 07:53:45 [Thread-0] INFO  TicketPoolAdd - Ticket added to pool: hesh234-45 lork
2024-11-17 07:53:47 [Thread-1] INFO  TicketPoolAdd - Ticket added to pool: hesh234-37 Ren
2024-11-17 07:53:48 [Thread-0] INFO  TicketPoolAdd - Ticket added to pool: hesh234-46 lork
2024-11-17 07:53:50 [Thread-1] INFO  TicketPoolAdd - Ticket added to pool: hesh234-38 Ren
2024-11-17 07:53:50 [Thread-0] INFO  TicketPoolAdd - Ticket added to pool: hesh234-47 lork
2024-11-17 07:53:53 [Thread-1] INFO  TicketPoolAdd - Ticket added to pool: hesh234-39 Ren
2024-11-17 07:53:53 [Thread-0] INFO  TicketPoolAdd - Ticket added to pool: hesh234-48 lork
2024-11-17 07:53:55 [Thread-1] INFO  TicketPoolAdd - Ticket added to pool: hesh234-40 Ren
2024-11-17 07:53:56 [Thread-0] INFO  TicketPoolAdd - Ticket added to pool: hesh234-49 lork
2024-11-17 07:53:58 [Thread-1] INFO  TicketPoolAdd - Ticket added to pool: hesh234-41 Ren
2024-11-17 07:53:58 [Thread-0] INFO  TicketPoolAdd - Ticket added to pool: hesh234-50 lork
2024-11-17 07:54:00 [Thread-1] INFO  TicketPoolAdd - Ticket added to pool: hesh234-42 Ren
2024-11-17 07:54:01 [Thread-0] INFO  TicketPoolAdd - Ticket added to pool: hesh234-51 lork
2024-11-17 07:54:03 [Thread-1] INFO  TicketPoolAdd - Ticket added to pool: hesh234-43 Ren
2024-11-17 07:54:03 [Thread-0] INFO  TicketPoolAdd - Ticket added to pool: hesh234-52 lork
2024-11-17 07:54:06 [Thread-1] INFO  TicketPoolAdd - Ticket added to pool: hesh234-44 Ren
2024-11-17 07:54:06 [Thread-0] INFO  TicketPoolAdd - Ticket added to pool: hesh234-53 lork
2024-11-17 07:54:08 [Thread-1] INFO  TicketPoolAdd - Ticket added to pool: hesh234-45 Ren
2024-11-17 07:54:09 [Thread-0] INFO  TicketPoolAdd - Ticket added to pool: hesh234-54 lork
2024-11-17 07:54:11 [Thread-1] INFO  TicketPoolAdd - Ticket added to pool: hesh234-46 Ren
2024-11-17 07:54:11 [Thread-0] INFO  TicketPoolAdd - Ticket added to pool: hesh234-55 lork
2024-11-17 07:54:14 [Thread-1] INFO  TicketPoolAdd - Ticket added to pool: hesh234-47 Ren
2024-11-17 07:54:14 [Thread-0] INFO  TicketPoolAdd - Ticket added to pool: hesh234-56 lork
2024-11-17 07:54:16 [Thread-1] INFO  TicketPoolAdd - Ticket added to pool: hesh234-48 Ren
2024-11-17 07:54:16 [Thread-0] INFO  TicketPoolAdd - Ticket added to pool: hesh234-57 lork
2024-11-17 07:54:19 [Thread-1] INFO  TicketPoolAdd - Ticket added to pool: hesh234-49 Ren
2024-11-17 07:54:19 [Thread-0] INFO  TicketPoolAdd - Ticket added to pool: hesh234-58 lork
2024-11-17 07:54:21 [Thread-1] INFO  TicketPoolAdd - Ticket added to pool: hesh234-50 Ren
2024-11-17 07:54:22 [Thread-0] INFO  TicketPoolAdd - Ticket added to pool: hesh234-59 lork
2024-11-17 07:54:24 [Thread-0] INFO  TicketPoolAdd - Ticket added to pool: hesh234-60 lork
2024-11-17 07:54:27 [Thread-0] INFO  TicketPoolAdd - Ticket added to pool: hesh234-61 lork
2024-11-17 07:54:29 [Thread-0] INFO  TicketPoolAdd - Ticket added to pool: hesh234-62 lork
2024-11-17 07:54:32 [Thread-0] INFO  TicketPoolAdd - Ticket added to pool: hesh234-63 lork
2024-11-17 07:54:35 [Thread-0] INFO  TicketPoolAdd - Ticket added to pool: hesh234-64 lork
2024-11-17 07:54:37 [Thread-0] INFO  TicketPoolAdd - Ticket added to pool: hesh234-65 lork
2024-11-17 07:54:40 [Thread-0] INFO  TicketPoolAdd - Ticket added to pool: hesh234-66 lork
2024-11-17 07:54:43 [Thread-0] INFO  TicketPoolAdd - Ticket added to pool: hesh234-67 lork
2024-11-17 07:54:45 [Thread-0] INFO  TicketPoolAdd - Ticket added to pool: hesh234-68 lork
2024-11-17 07:54:48 [Thread-0] INFO  TicketPoolAdd - Ticket added to pool: hesh234-69 lork
2024-11-17 07:54:50 [Thread-0] INFO  TicketPoolAdd - Ticket added to pool: hesh234-70 lork
2024-11-17 20:50:37 [Thread-0] INFO  TicketPoolAdd - Ticket added to pool: hesh234-1 reco
2024-11-17 20:50:39 [Thread-0] INFO  TicketPoolAdd - Ticket added to pool: hesh234-2 reco
2024-11-17 20:50:42 [Thread-0] INFO  TicketPoolAdd - Ticket added to pool: hesh234-3 reco
2024-11-17 20:50:45 [Thread-0] INFO  TicketPoolAdd - Ticket added to pool: hesh234-4 reco
2024-11-17 20:50:47 [Thread-0] INFO  TicketPoolAdd - Ticket added to pool: hesh234-5 reco
2024-11-17 20:50:50 [Thread-0] INFO  TicketPoolAdd - Ticket added to pool: hesh234-6 reco
2024-11-17 20:50:53 [Thread-0] INFO  TicketPoolAdd - Ticket added to pool: hesh234-7 reco
2024-11-17 20:50:55 [Thread-0] INFO  TicketPoolAdd - Ticket added to pool: hesh234-8 reco
2024-11-17 20:50:58 [Thread-0] INFO  TicketPoolAdd - Ticket added to pool: hesh234-9 reco
2024-11-17 20:51:00 [Thread-0] INFO  TicketPoolAdd - Ticket added to pool: hesh234-10 reco
2024-11-17 20:51:03 [Thread-0] INFO  TicketPoolAdd - Ticket added to pool: hesh234-11 reco
2024-11-17 20:52:11 [Thread-1] INFO  TicketPoolAdd - Ticket added to pool: hesh234-1 fel
2024-11-17 20:52:14 [Thread-1] INFO  TicketPoolAdd - Ticket added to pool: hesh234-2 fel
2024-11-17 20:52:16 [Thread-1] INFO  TicketPoolAdd - Ticket added to pool: hesh234-3 fel
2024-11-17 20:52:19 [Thread-1] INFO  TicketPoolAdd - Ticket added to pool: hesh234-4 fel
2024-11-17 20:52:22 [Thread-1] INFO  TicketPoolAdd - Ticket added to pool: hesh234-5 fel
2024-11-17 20:52:24 [Thread-1] INFO  TicketPoolAdd - Ticket added to pool: hesh234-6 fel
2024-11-17 20:52:27 [Thread-1] INFO  TicketPoolAdd - Ticket added to pool: hesh234-7 fel
2024-11-17 20:52:29 [Thread-1] INFO  TicketPoolAdd - Ticket added to pool: hesh234-8 fel
2024-11-17 20:52:32 [Thread-1] INFO  TicketPoolAdd - Ticket added to pool: hesh234-9 fel
2024-11-17 20:52:35 [Thread-1] INFO  TicketPoolAdd - Ticket added to pool: hesh234-10 fel
2024-11-17 20:52:35 [Thread-2] INFO  TicketPoolAdd - Ticket added to pool: hesh234-1 gem
2024-11-17 20:52:37 [Thread-1] INFO  TicketPoolAdd - Ticket added to pool: hesh234-11 fel
2024-11-17 20:52:37 [Thread-2] INFO  TicketPoolAdd - Ticket added to pool: hesh234-2 gem
2024-11-17 20:52:40 [Thread-1] INFO  TicketPoolAdd - Ticket added to pool: hesh234-12 fel
2024-11-17 20:52:40 [Thread-2] INFO  TicketPoolAdd - Ticket added to pool: hesh234-3 gem
2024-11-17 20:52:42 [Thread-1] INFO  TicketPoolAdd - Ticket added to pool: hesh234-13 fel
2024-11-17 20:52:43 [Thread-2] INFO  TicketPoolAdd - Ticket added to pool: hesh234-4 gem
2024-11-17 20:52:45 [Thread-1] INFO  TicketPoolAdd - Ticket added to pool: hesh234-14 fel
2024-11-17 20:52:45 [Thread-2] INFO  TicketPoolAdd - Ticket added to pool: hesh234-5 gem
2024-11-17 20:52:48 [Thread-1] INFO  TicketPoolAdd - Ticket added to pool: hesh234-15 fel
2024-11-17 20:52:48 [Thread-2] INFO  TicketPoolAdd - Ticket added to pool: hesh234-6 gem
2024-11-17 20:52:50 [Thread-1] INFO  TicketPoolAdd - Ticket added to pool: hesh234-16 fel
2024-11-17 20:52:50 [Thread-2] INFO  TicketPoolAdd - Ticket added to pool: hesh234-7 gem
2024-11-17 20:52:53 [Thread-1] INFO  TicketPoolAdd - Ticket added to pool: hesh234-17 fel
2024-11-17 20:52:53 [Thread-2] INFO  TicketPoolAdd - Ticket added to pool: hesh234-8 gem
2024-11-17 20:52:56 [Thread-1] INFO  TicketPoolAdd - Ticket added to pool: hesh234-18 fel
2024-11-17 20:52:56 [Thread-2] INFO  TicketPoolAdd - Ticket added to pool: hesh234-9 gem
2024-11-17 20:52:58 [Thread-1] INFO  TicketPoolAdd - Ticket added to pool: hesh234-19 fel
2024-11-17 20:52:58 [Thread-2] INFO  TicketPoolAdd - Ticket added to pool: hesh234-10 gem
2024-11-17 20:53:01 [Thread-1] INFO  TicketPoolAdd - Ticket added to pool: hesh234-20 fel
2024-11-17 20:53:01 [Thread-2] INFO  TicketPoolAdd - Ticket added to pool: hesh234-11 gem
2024-11-17 20:53:03 [Thread-1] INFO  TicketPoolAdd - Ticket added to pool: hesh234-21 fel
2024-11-17 20:53:04 [Thread-2] INFO  TicketPoolAdd - Ticket added to pool: hesh234-12 gem
2024-11-17 20:53:06 [Thread-1] INFO  TicketPoolAdd - Ticket added to pool: hesh234-22 fel
2024-11-17 20:53:06 [Thread-2] INFO  TicketPoolAdd - Ticket added to pool: hesh234-13 gem
2024-11-17 20:53:09 [Thread-1] INFO  TicketPoolAdd - Ticket added to pool: hesh234-23 fel
2024-11-17 20:53:09 [Thread-2] INFO  TicketPoolAdd - Ticket added to pool: hesh234-14 gem
2024-11-17 20:53:11 [Thread-1] INFO  TicketPoolAdd - Ticket added to pool: hesh234-24 fel
2024-11-17 20:53:11 [Thread-2] INFO  TicketPoolAdd - Ticket added to pool: hesh234-15 gem
2024-11-17 20:53:14 [Thread-1] INFO  TicketPoolAdd - Ticket added to pool: hesh234-25 fel
2024-11-17 20:53:14 [Thread-2] INFO  TicketPoolAdd - Ticket added to pool: hesh234-16 gem
2024-11-17 20:55:14 [Thread-3] INFO  TicketPoolAdd - Ticket added to pool: hesh234-1 rel
2024-11-17 20:55:17 [Thread-3] INFO  TicketPoolAdd - Ticket added to pool: hesh234-2 rel
2024-11-17 20:55:19 [Thread-3] INFO  TicketPoolAdd - Ticket added to pool: hesh234-3 rel
2024-11-17 20:55:22 [Thread-3] INFO  TicketPoolAdd - Ticket added to pool: hesh234-4 rel
2024-11-17 20:55:25 [Thread-3] INFO  TicketPoolAdd - Ticket added to pool: hesh234-5 rel
2024-11-17 20:55:27 [Thread-3] INFO  TicketPoolAdd - Ticket added to pool: hesh234-6 rel
2024-11-17 20:55:30 [Thread-3] INFO  TicketPoolAdd - Ticket added to pool: hesh234-7 rel
2024-11-17 20:55:32 [Thread-3] INFO  TicketPoolAdd - Ticket added to pool: hesh234-8 rel
2024-11-17 20:55:35 [Thread-3] INFO  TicketPoolAdd - Ticket added to pool: hesh234-9 rel
2024-11-17 20:55:38 [Thread-3] INFO  TicketPoolAdd - Ticket added to pool: hesh234-10 rel
2024-11-17 20:55:40 [Thread-3] INFO  TicketPoolAdd - Ticket added to pool: hesh234-11 rel
2024-11-17 20:55:43 [Thread-3] INFO  TicketPoolAdd - Ticket added to pool: hesh234-12 rel
2024-11-17 20:55:45 [Thread-3] INFO  TicketPoolAdd - Ticket added to pool: hesh234-13 rel
2024-11-17 20:55:48 [Thread-3] INFO  TicketPoolAdd - Ticket added to pool: hesh234-14 rel
2024-11-17 20:55:51 [Thread-3] INFO  TicketPoolAdd - Ticket added to pool: hesh234-15 rel
2024-11-17 20:55:53 [Thread-3] INFO  TicketPoolAdd - Ticket added to pool: hesh234-16 rel
2024-11-17 20:55:56 [Thread-3] INFO  TicketPoolAdd - Ticket added to pool: hesh234-17 rel
2024-11-17 20:55:59 [Thread-3] INFO  TicketPoolAdd - Ticket added to pool: hesh234-18 rel
2024-11-17 20:56:01 [Thread-3] INFO  TicketPoolAdd - Ticket added to pool: hesh234-19 rel
2024-11-17 20:56:04 [Thread-3] INFO  TicketPoolAdd - Ticket added to pool: hesh234-20 rel
2024-11-17 20:56:06 [Thread-3] INFO  TicketPoolAdd - Ticket added to pool: hesh234-21 rel
2024-11-17 20:56:09 [Thread-3] INFO  TicketPoolAdd - Ticket added to pool: hesh234-22 rel
2024-11-17 20:56:12 [Thread-3] INFO  TicketPoolAdd - Ticket added to pool: hesh234-23 rel
2024-11-17 20:56:14 [Thread-3] INFO  TicketPoolAdd - Ticket added to pool: hesh234-24 rel
2024-11-17 20:56:17 [Thread-3] INFO  TicketPoolAdd - Ticket added to pool: hesh234-25 rel
2024-11-17 20:56:19 [Thread-3] INFO  TicketPoolAdd - Ticket added to pool: hesh234-26 rel
2024-11-17 20:56:22 [Thread-3] INFO  TicketPoolAdd - Ticket added to pool: hesh234-27 rel
2024-11-17 20:56:25 [Thread-3] INFO  TicketPoolAdd - Ticket added to pool: hesh234-28 rel
2024-11-17 20:56:27 [Thread-3] INFO  TicketPoolAdd - Ticket added to pool: hesh234-29 rel
2024-11-17 20:56:30 [Thread-3] INFO  TicketPoolAdd - Ticket added to pool: hesh234-30 rel
2024-11-17 20:56:33 [Thread-3] INFO  TicketPoolAdd - Ticket added to pool: hesh234-31 rel
2024-11-17 20:56:35 [Thread-3] INFO  TicketPoolAdd - Ticket added to pool: hesh234-32 rel
2024-11-17 20:56:38 [Thread-3] INFO  TicketPoolAdd - Ticket added to pool: hesh234-33 rel
2024-11-17 20:56:40 [Thread-3] INFO  TicketPoolAdd - Ticket added to pool: hesh234-34 rel
2024-11-17 20:56:43 [Thread-3] INFO  TicketPoolAdd - Ticket added to pool: hesh234-35 rel
2024-11-17 20:56:46 [Thread-3] INFO  TicketPoolAdd - Ticket added to pool: hesh234-36 rel
2024-11-17 20:56:48 [Thread-3] INFO  TicketPoolAdd - Ticket added to pool: hesh234-37 rel
2024-11-17 20:56:51 [Thread-3] INFO  TicketPoolAdd - Ticket added to pool: hesh234-38 rel
2024-11-17 20:56:53 [Thread-3] INFO  TicketPoolAdd - Ticket added to pool: hesh234-39 rel
2024-11-17 20:56:56 [Thread-3] INFO  TicketPoolAdd - Ticket added to pool: hesh234-40 rel
2024-11-17 20:56:59 [Thread-3] INFO  TicketPoolAdd - Ticket added to pool: hesh234-41 rel
2024-11-17 20:57:01 [Thread-3] INFO  TicketPoolAdd - Ticket added to pool: hesh234-42 rel
2024-11-17 20:57:04 [Thread-3] INFO  TicketPoolAdd - Ticket added to pool: hesh234-43 rel
2024-11-17 21:00:02 [Thread-4] INFO  TicketPoolAdd - Ticket added to pool: hesh234-1 dem
2024-11-17 21:00:03 [Thread-4] INFO  TicketPoolAdd - Ticket added to pool: hesh234-2 dem
2024-11-17 21:00:03 [Thread-4] INFO  TicketPoolAdd - Ticket added to pool: hesh234-3 dem
2024-11-17 21:00:04 [Thread-4] INFO  TicketPoolAdd - Ticket added to pool: hesh234-4 dem
2024-11-17 21:00:04 [Thread-4] INFO  TicketPoolAdd - Ticket added to pool: hesh234-5 dem
2024-11-17 21:00:04 [Thread-4] INFO  TicketPoolAdd - Ticket added to pool: hesh234-6 dem
2024-11-17 21:00:05 [Thread-4] INFO  TicketPoolAdd - Ticket added to pool: hesh234-7 dem
2024-11-17 21:00:05 [Thread-4] INFO  TicketPoolAdd - Ticket added to pool: hesh234-8 dem
2024-11-17 21:00:06 [Thread-4] INFO  TicketPoolAdd - Ticket added to pool: hesh234-9 dem
2024-11-17 21:00:06 [Thread-4] INFO  TicketPoolAdd - Ticket added to pool: hesh234-10 dem
2024-11-17 21:00:07 [Thread-4] INFO  TicketPoolAdd - Ticket added to pool: hesh234-11 dem
2024-11-17 21:00:07 [Thread-4] INFO  TicketPoolAdd - Ticket added to pool: hesh234-12 dem
2024-11-17 21:00:07 [Thread-4] INFO  TicketPoolAdd - Ticket added to pool: hesh234-13 dem
2024-11-17 21:00:08 [Thread-4] INFO  TicketPoolAdd - Ticket added to pool: hesh234-14 dem
2024-11-17 21:00:08 [Thread-4] INFO  TicketPoolAdd - Ticket added to pool: hesh234-15 dem
2024-11-17 21:00:09 [Thread-4] INFO  TicketPoolAdd - Ticket added to pool: hesh234-16 dem
2024-11-17 21:00:09 [Thread-4] INFO  TicketPoolAdd - Ticket added to pool: hesh234-17 dem
2024-11-17 21:00:09 [Thread-4] INFO  TicketPoolAdd - Ticket added to pool: hesh234-18 dem
2024-11-17 21:00:10 [Thread-4] INFO  TicketPoolAdd - Ticket added to pool: hesh234-19 dem
2024-11-17 21:00:10 [Thread-4] INFO  TicketPoolAdd - Ticket added to pool: hesh234-20 dem
2024-11-17 21:00:11 [Thread-4] INFO  TicketPoolAdd - Ticket added to pool: hesh234-21 dem
2024-11-17 21:00:11 [Thread-4] INFO  TicketPoolAdd - Ticket added to pool: hesh234-22 dem
2024-11-17 21:00:12 [Thread-4] INFO  TicketPoolAdd - Ticket added to pool: hesh234-23 dem
2024-11-17 21:00:12 [Thread-4] INFO  TicketPoolAdd - Ticket added to pool: hesh234-24 dem
2024-11-17 21:00:12 [Thread-4] INFO  TicketPoolAdd - Ticket added to pool: hesh234-25 dem
2024-11-17 21:00:13 [Thread-4] INFO  TicketPoolAdd - Ticket added to pool: hesh234-26 dem
2024-11-17 21:00:13 [Thread-4] INFO  TicketPoolAdd - Ticket added to pool: hesh234-27 dem
2024-11-17 21:00:14 [Thread-4] INFO  TicketPoolAdd - Ticket added to pool: hesh234-28 dem
2024-11-17 21:00:14 [Thread-4] INFO  TicketPoolAdd - Ticket added to pool: hesh234-29 dem
2024-11-17 21:00:14 [Thread-4] INFO  TicketPoolAdd - Ticket added to pool: hesh234-30 dem
2024-11-17 21:00:15 [Thread-4] INFO  TicketPoolAdd - Ticket added to pool: hesh234-31 dem
2024-11-17 21:00:15 [Thread-4] INFO  TicketPoolAdd - Ticket added to pool: hesh234-32 dem
2024-11-17 21:00:16 [Thread-4] INFO  TicketPoolAdd - Ticket added to pool: hesh234-33 dem
2024-11-17 21:00:16 [Thread-4] INFO  TicketPoolAdd - Ticket added to pool: hesh234-34 dem
2024-11-17 21:00:16 [Thread-4] INFO  TicketPoolAdd - Ticket added to pool: hesh234-35 dem
2024-11-17 21:00:17 [Thread-4] INFO  TicketPoolAdd - Ticket added to pool: hesh234-36 dem
2024-11-17 21:00:17 [Thread-4] INFO  TicketPoolAdd - Ticket added to pool: hesh234-37 dem
2024-11-17 21:00:18 [Thread-4] INFO  TicketPoolAdd - Ticket added to pool: hesh234-38 dem
2024-11-17 21:00:18 [Thread-4] INFO  TicketPoolAdd - Ticket added to pool: hesh234-39 dem
2024-11-17 21:00:19 [Thread-4] INFO  TicketPoolAdd - Ticket added to pool: hesh234-40 dem
2024-11-17 21:00:19 [Thread-4] INFO  TicketPoolAdd - Ticket added to pool: hesh234-41 dem
2024-11-17 21:00:19 [Thread-4] INFO  TicketPoolAdd - Ticket added to pool: hesh234-42 dem
2024-11-17 21:00:20 [Thread-4] INFO  TicketPoolAdd - Ticket added to pool: hesh234-43 dem
2024-11-17 21:00:20 [Thread-4] INFO  TicketPoolAdd - Ticket added to pool: hesh234-44 dem
2024-11-17 21:00:21 [Thread-4] INFO  TicketPoolAdd - Ticket added to pool: hesh234-45 dem
2024-11-17 21:00:21 [Thread-4] INFO  TicketPoolAdd - Ticket added to pool: hesh234-46 dem
2024-11-17 21:00:21 [Thread-4] INFO  TicketPoolAdd - Ticket added to pool: hesh234-47 dem
2024-11-17 21:00:22 [Thread-4] INFO  TicketPoolAdd - Ticket added to pool: hesh234-48 dem
2024-11-17 21:00:22 [Thread-4] INFO  TicketPoolAdd - Ticket added to pool: hesh234-49 dem
2024-11-17 21:00:23 [Thread-4] INFO  TicketPoolAdd - Ticket added to pool: hesh234-50 dem
2024-11-17 21:00:23 [Thread-4] INFO  TicketPoolAdd - Ticket added to pool: hesh234-51 dem
2024-11-17 21:00:24 [Thread-4] INFO  TicketPoolAdd - Ticket added to pool: hesh234-52 dem
2024-11-17 21:00:24 [Thread-4] INFO  TicketPoolAdd - Ticket added to pool: hesh234-53 dem
2024-11-17 21:00:24 [Thread-4] INFO  TicketPoolAdd - Ticket added to pool: hesh234-54 dem
2024-11-17 21:00:25 [Thread-4] INFO  TicketPoolAdd - Ticket added to pool: hesh234-55 dem
2024-11-17 21:00:25 [Thread-4] INFO  TicketPoolAdd - Ticket added to pool: hesh234-56 dem
2024-11-17 21:00:26 [Thread-4] INFO  TicketPoolAdd - Ticket added to pool: hesh234-57 dem
2024-11-17 21:00:26 [Thread-4] INFO  TicketPoolAdd - Ticket added to pool: hesh234-58 dem
2024-11-17 21:00:26 [Thread-4] INFO  TicketPoolAdd - Ticket added to pool: hesh234-59 dem
2024-11-17 21:00:27 [Thread-4] INFO  TicketPoolAdd - Ticket added to pool: hesh234-60 dem
2024-11-17 21:00:27 [Thread-4] INFO  TicketPoolAdd - Ticket added to pool: hesh234-61 dem
2024-11-17 21:00:28 [Thread-4] INFO  TicketPoolAdd - Ticket added to pool: hesh234-62 dem
2024-11-17 21:00:28 [Thread-4] INFO  TicketPoolAdd - Ticket added to pool: hesh234-63 dem
2024-11-17 21:00:29 [Thread-4] INFO  TicketPoolAdd - Ticket added to pool: hesh234-64 dem
2024-11-17 21:00:29 [Thread-4] INFO  TicketPoolAdd - Ticket added to pool: hesh234-65 dem
2024-11-17 21:00:29 [Thread-4] INFO  TicketPoolAdd - Ticket added to pool: hesh234-66 dem
2024-11-17 21:00:30 [Thread-4] INFO  TicketPoolAdd - Ticket added to pool: hesh234-67 dem
2024-11-17 21:00:30 [Thread-4] INFO  TicketPoolAdd - Ticket added to pool: hesh234-68 dem
2024-11-17 21:00:31 [Thread-4] INFO  TicketPoolAdd - Ticket added to pool: hesh234-69 dem
2024-11-17 21:00:31 [Thread-4] INFO  TicketPoolAdd - Ticket added to pool: hesh234-70 dem
2024-11-17 21:00:31 [Thread-4] INFO  TicketPoolAdd - Ticket added to pool: hesh234-71 dem
2024-11-17 21:00:32 [Thread-4] INFO  TicketPoolAdd - Ticket added to pool: hesh234-72 dem
2024-11-17 21:00:32 [Thread-4] INFO  TicketPoolAdd - Ticket added to pool: hesh234-73 dem
2024-11-17 21:00:33 [Thread-4] INFO  TicketPoolAdd - Ticket added to pool: hesh234-74 dem
2024-11-17 21:00:33 [Thread-4] INFO  TicketPoolAdd - Ticket added to pool: hesh234-75 dem
2024-11-17 21:00:33 [Thread-4] INFO  TicketPoolAdd - Ticket added to pool: hesh234-76 dem
2024-11-17 21:00:34 [Thread-4] INFO  TicketPoolAdd - Ticket added to pool: hesh234-77 dem
2024-11-17 21:00:34 [Thread-4] INFO  TicketPoolAdd - Ticket added to pool: hesh234-78 dem
2024-11-17 21:00:35 [Thread-4] INFO  TicketPoolAdd - Ticket added to pool: hesh234-79 dem
2024-11-17 21:00:35 [Thread-4] INFO  TicketPoolAdd - Ticket added to pool: hesh234-80 dem
2024-11-17 21:00:36 [Thread-4] INFO  TicketPoolAdd - Ticket added to pool: hesh234-81 dem
2024-11-17 21:00:36 [Thread-4] INFO  TicketPoolAdd - Ticket added to pool: hesh234-82 dem
2024-11-17 21:00:36 [Thread-4] INFO  TicketPoolAdd - Ticket added to pool: hesh234-83 dem
2024-11-17 21:00:37 [Thread-4] INFO  TicketPoolAdd - Ticket added to pool: hesh234-84 dem
2024-11-17 21:00:37 [Thread-4] INFO  TicketPoolAdd - Ticket added to pool: hesh234-85 dem
2024-11-17 21:00:38 [Thread-4] INFO  TicketPoolAdd - Ticket added to pool: hesh234-86 dem
2024-11-17 21:00:38 [Thread-4] INFO  TicketPoolAdd - Ticket added to pool: hesh234-87 dem
2024-11-17 21:00:38 [Thread-4] INFO  TicketPoolAdd - Ticket added to pool: hesh234-88 dem
2024-11-17 21:00:39 [Thread-4] INFO  TicketPoolAdd - Ticket added to pool: hesh234-89 dem
2024-11-17 21:00:39 [Thread-4] INFO  TicketPoolAdd - Ticket added to pool: hesh234-90 dem
2024-11-17 21:00:40 [Thread-4] INFO  TicketPoolAdd - Ticket added to pool: hesh234-91 dem
2024-11-17 21:00:40 [Thread-4] INFO  TicketPoolAdd - Ticket added to pool: hesh234-92 dem
2024-11-17 21:00:40 [Thread-4] INFO  TicketPoolAdd - Ticket added to pool: hesh234-93 dem
2024-11-17 21:00:41 [Thread-4] INFO  TicketPoolAdd - Ticket added to pool: hesh234-94 dem
2024-11-17 21:00:41 [Thread-4] INFO  TicketPoolAdd - Ticket added to pool: hesh234-95 dem
2024-11-17 21:00:42 [Thread-4] INFO  TicketPoolAdd - Ticket added to pool: hesh234-96 dem
2024-11-17 21:00:42 [Thread-4] INFO  TicketPoolAdd - Ticket added to pool: hesh234-97 dem
2024-11-17 21:00:43 [Thread-4] INFO  TicketPoolAdd - Ticket added to pool: hesh234-98 dem
2024-11-17 21:00:43 [Thread-4] INFO  TicketPoolAdd - Ticket added to pool: hesh234-99 dem
2024-11-17 21:00:43 [Thread-4] INFO  TicketPoolAdd - Ticket added to pool: hesh234-100 dem
2024-11-17 21:00:44 [Thread-4] INFO  TicketPoolAdd - Ticket added to pool: hesh234-101 dem
2024-11-17 21:00:44 [Thread-4] INFO  TicketPoolAdd - Ticket added to pool: hesh234-102 dem
2024-11-17 21:00:45 [Thread-4] INFO  TicketPoolAdd - Ticket added to pool: hesh234-103 dem
2024-11-17 21:00:45 [Thread-4] INFO  TicketPoolAdd - Ticket added to pool: hesh234-104 dem
2024-11-17 21:00:45 [Thread-4] INFO  TicketPoolAdd - Ticket added to pool: hesh234-105 dem
2024-11-17 21:00:46 [Thread-4] INFO  TicketPoolAdd - Ticket added to pool: hesh234-106 dem
2024-11-17 21:00:46 [Thread-4] INFO  TicketPoolAdd - Ticket added to pool: hesh234-107 dem
2024-11-17 21:00:47 [Thread-4] INFO  TicketPoolAdd - Ticket added to pool: hesh234-108 dem
2024-11-17 21:00:47 [Thread-4] INFO  TicketPoolAdd - Ticket added to pool: hesh234-109 dem
2024-11-17 21:00:48 [Thread-4] INFO  TicketPoolAdd - Ticket added to pool: hesh234-110 dem
2024-11-17 21:00:48 [Thread-4] INFO  TicketPoolAdd - Ticket added to pool: hesh234-111 dem
2024-11-17 21:00:48 [Thread-4] INFO  TicketPoolAdd - Ticket added to pool: hesh234-112 dem
2024-11-17 21:00:49 [Thread-4] INFO  TicketPoolAdd - Ticket added to pool: hesh234-113 dem
2024-11-17 21:00:49 [Thread-4] INFO  TicketPoolAdd - Ticket added to pool: hesh234-114 dem
2024-11-17 21:00:50 [Thread-4] INFO  TicketPoolAdd - Ticket added to pool: hesh234-115 dem
2024-11-17 21:00:50 [Thread-4] INFO  TicketPoolAdd - Ticket added to pool: hesh234-116 dem
2024-11-17 21:00:50 [Thread-4] INFO  TicketPoolAdd - Ticket added to pool: hesh234-117 dem
2024-11-17 21:00:51 [Thread-4] INFO  TicketPoolAdd - Ticket added to pool: hesh234-118 dem
2024-11-17 21:00:51 [Thread-4] INFO  TicketPoolAdd - Ticket added to pool: hesh234-119 dem
2024-11-17 21:00:52 [Thread-4] INFO  TicketPoolAdd - Ticket added to pool: hesh234-120 dem
