2024-11-30 19:37:52 [Thread-18] INFO  c.h.t.service.TicketPoolService - Added ticket for event: Event_VEND003
2024-11-30 19:37:52 [Thread-18] INFO  c.h.t.service.TicketPoolService - Thread 91 notified consumers for event: Event_VEND003
2024-11-30 19:37:52 [Thread-17] INFO  c.h.t.service.TicketPoolService - Thread 90 waiting for tickets to become available for event: Event_VEND004
2024-11-30 19:37:52 [Thread-19] INFO  c.h.t.service.TicketPoolService - Thread 92 booked ticket 1 for event: Event_VEND003 by customer: cust003
2024-11-30 19:37:52 [Thread-19] INFO  c.h.t.service.TicketPoolService - Thread 92 signaled vendors for more capacity
2024-11-30 19:37:52 [Thread-20] INFO  c.h.t.service.TicketPoolService - Added ticket for event: Event_VEND005
2024-11-30 19:37:52 [Thread-20] INFO  c.h.t.service.TicketPoolService - Thread 93 notified consumers for event: Event_VEND005
2024-11-30 19:37:52 [Thread-21] INFO  c.h.t.service.TicketPoolService - Thread 94 waiting for tickets to become available for event: Event_VEND001
2024-11-30 19:37:52 [Thread-23] INFO  c.h.t.service.TicketPoolService - Added ticket for event: Event_VEND001
2024-11-30 19:37:52 [Thread-23] INFO  c.h.t.service.TicketPoolService - Thread 96 notified consumers for event: Event_VEND001
2024-11-30 19:37:52 [Thread-22] INFO  c.h.t.service.TicketPoolService - Added ticket for event: Event_VEND002
2024-11-30 19:37:52 [Thread-22] INFO  c.h.t.service.TicketPoolService - Thread 95 notified consumers for event: Event_VEND002
2024-11-30 19:37:52 [Thread-24] INFO  c.h.t.service.TicketPoolService - Thread 97 booked ticket 2 for event: Event_VEND005 by customer: cust005
2024-11-30 19:37:52 [Thread-24] INFO  c.h.t.service.TicketPoolService - Thread 97 signaled vendors for more capacity
2024-11-30 19:37:52 [Thread-25] INFO  c.h.t.service.TicketPoolService - Added ticket for event: Event_VEND004
2024-11-30 19:37:52 [Thread-25] INFO  c.h.t.service.TicketPoolService - Thread 98 notified consumers for event: Event_VEND004
2024-11-30 19:37:52 [Thread-26] INFO  c.h.t.service.TicketPoolService - Thread 99 booked ticket 4 for event: Event_VEND002 by customer: cust002
2024-11-30 19:37:52 [Thread-26] INFO  c.h.t.service.TicketPoolService - Thread 99 signaled vendors for more capacity
2024-11-30 19:37:52 [Thread-21] INFO  c.h.t.service.TicketPoolService - Thread 94 booked ticket 3 for event: Event_VEND001 by customer: cust001
2024-11-30 19:37:52 [Thread-21] INFO  c.h.t.service.TicketPoolService - Thread 94 signaled vendors for more capacity
2024-11-30 19:37:52 [Thread-17] INFO  c.h.t.service.TicketPoolService - Thread 90 booked ticket 5 for event: Event_VEND004 by customer: cust004
2024-11-30 19:37:52 [Thread-17] INFO  c.h.t.service.TicketPoolService - Thread 90 signaled vendors for more capacity
2024-11-30 19:37:54 [Thread-18] INFO  c.h.t.service.TicketPoolService - Added ticket for event: Event_VEND003
2024-11-30 19:37:54 [Thread-18] INFO  c.h.t.service.TicketPoolService - Thread 91 notified consumers for event: Event_VEND003
2024-11-30 19:37:54 [Thread-20] INFO  c.h.t.service.TicketPoolService - Added ticket for event: Event_VEND005
2024-11-30 19:37:54 [Thread-20] INFO  c.h.t.service.TicketPoolService - Thread 93 notified consumers for event: Event_VEND005
2024-11-30 19:37:54 [Thread-23] INFO  c.h.t.service.TicketPoolService - Added ticket for event: Event_VEND001
2024-11-30 19:37:54 [Thread-23] INFO  c.h.t.service.TicketPoolService - Thread 96 notified consumers for event: Event_VEND001
2024-11-30 19:37:54 [Thread-22] INFO  c.h.t.service.TicketPoolService - Added ticket for event: Event_VEND002
2024-11-30 19:37:54 [Thread-22] INFO  c.h.t.service.TicketPoolService - Thread 95 notified consumers for event: Event_VEND002
2024-11-30 19:37:54 [Thread-25] INFO  c.h.t.service.TicketPoolService - Added ticket for event: Event_VEND004
2024-11-30 19:37:54 [Thread-25] INFO  c.h.t.service.TicketPoolService - Thread 98 notified consumers for event: Event_VEND004
2024-11-30 19:37:55 [Thread-19] INFO  c.h.t.service.TicketPoolService - Thread 92 booked ticket 6 for event: Event_VEND003 by customer: cust003
2024-11-30 19:37:55 [Thread-19] INFO  c.h.t.service.TicketPoolService - Thread 92 signaled vendors for more capacity
2024-11-30 19:37:55 [Thread-24] INFO  c.h.t.service.TicketPoolService - Thread 97 booked ticket 7 for event: Event_VEND005 by customer: cust005
2024-11-30 19:37:55 [Thread-24] INFO  c.h.t.service.TicketPoolService - Thread 97 signaled vendors for more capacity
2024-11-30 19:37:55 [Thread-21] INFO  c.h.t.service.TicketPoolService - Thread 94 booked ticket 8 for event: Event_VEND001 by customer: cust001
2024-11-30 19:37:55 [Thread-21] INFO  c.h.t.service.TicketPoolService - Thread 94 signaled vendors for more capacity
2024-11-30 19:37:55 [Thread-26] INFO  c.h.t.service.TicketPoolService - Thread 99 booked ticket 9 for event: Event_VEND002 by customer: cust002
2024-11-30 19:37:55 [Thread-26] INFO  c.h.t.service.TicketPoolService - Thread 99 signaled vendors for more capacity
2024-11-30 19:37:55 [Thread-17] INFO  c.h.t.service.TicketPoolService - Thread 90 booked ticket 10 for event: Event_VEND004 by customer: cust004
2024-11-30 19:37:55 [Thread-17] INFO  c.h.t.service.TicketPoolService - Thread 90 signaled vendors for more capacity
2024-11-30 19:37:56 [Thread-18] INFO  c.h.t.service.TicketPoolService - Added ticket for event: Event_VEND003
2024-11-30 19:37:56 [Thread-18] INFO  c.h.t.service.TicketPoolService - Thread 91 notified consumers for event: Event_VEND003
2024-11-30 19:37:56 [Thread-20] INFO  c.h.t.service.TicketPoolService - Added ticket for event: Event_VEND005
2024-11-30 19:37:56 [Thread-20] INFO  c.h.t.service.TicketPoolService - Thread 93 notified consumers for event: Event_VEND005
2024-11-30 19:37:56 [Thread-23] INFO  c.h.t.service.TicketPoolService - Added ticket for event: Event_VEND001
2024-11-30 19:37:56 [Thread-23] INFO  c.h.t.service.TicketPoolService - Thread 96 notified consumers for event: Event_VEND001
2024-11-30 19:37:56 [Thread-22] INFO  c.h.t.service.TicketPoolService - Added ticket for event: Event_VEND002
2024-11-30 19:37:56 [Thread-22] INFO  c.h.t.service.TicketPoolService - Thread 95 notified consumers for event: Event_VEND002
2024-11-30 19:37:56 [Thread-25] INFO  c.h.t.service.TicketPoolService - Added ticket for event: Event_VEND004
2024-11-30 19:37:56 [Thread-25] INFO  c.h.t.service.TicketPoolService - Thread 98 notified consumers for event: Event_VEND004
2024-11-30 19:37:58 [Thread-19] INFO  c.h.t.service.TicketPoolService - Thread 92 booked ticket 11 for event: Event_VEND003 by customer: cust003
2024-11-30 19:37:58 [Thread-19] INFO  c.h.t.service.TicketPoolService - Thread 92 signaled vendors for more capacity
2024-11-30 19:37:58 [Thread-18] INFO  c.h.t.service.TicketPoolService - Added ticket for event: Event_VEND003
2024-11-30 19:37:58 [Thread-18] INFO  c.h.t.service.TicketPoolService - Thread 91 notified consumers for event: Event_VEND003
2024-11-30 19:37:58 [Thread-20] INFO  c.h.t.service.TicketPoolService - Added ticket for event: Event_VEND005
2024-11-30 19:37:58 [Thread-20] INFO  c.h.t.service.TicketPoolService - Thread 93 notified consumers for event: Event_VEND005
2024-11-30 19:37:58 [Thread-24] INFO  c.h.t.service.TicketPoolService - Thread 97 booked ticket 12 for event: Event_VEND005 by customer: cust005
2024-11-30 19:37:58 [Thread-24] INFO  c.h.t.service.TicketPoolService - Thread 97 signaled vendors for more capacity
2024-11-30 19:37:58 [Thread-23] INFO  c.h.t.service.TicketPoolService - Added ticket for event: Event_VEND001
2024-11-30 19:37:58 [Thread-23] INFO  c.h.t.service.TicketPoolService - Thread 96 notified consumers for event: Event_VEND001
2024-11-30 19:37:58 [Thread-22] INFO  c.h.t.service.TicketPoolService - Added ticket for event: Event_VEND002
2024-11-30 19:37:58 [Thread-22] INFO  c.h.t.service.TicketPoolService - Thread 95 notified consumers for event: Event_VEND002
2024-11-30 19:37:58 [Thread-21] INFO  c.h.t.service.TicketPoolService - Thread 94 booked ticket 13 for event: Event_VEND001 by customer: cust001
2024-11-30 19:37:58 [Thread-21] INFO  c.h.t.service.TicketPoolService - Thread 94 signaled vendors for more capacity
2024-11-30 19:37:58 [Thread-17] INFO  c.h.t.service.TicketPoolService - Thread 90 booked ticket 15 for event: Event_VEND004 by customer: cust004
2024-11-30 19:37:58 [Thread-17] INFO  c.h.t.service.TicketPoolService - Thread 90 signaled vendors for more capacity
2024-11-30 19:37:58 [Thread-26] INFO  c.h.t.service.TicketPoolService - Thread 99 booked ticket 14 for event: Event_VEND002 by customer: cust002
2024-11-30 19:37:58 [Thread-26] INFO  c.h.t.service.TicketPoolService - Thread 99 signaled vendors for more capacity
2024-11-30 19:37:58 [Thread-25] INFO  c.h.t.service.TicketPoolService - Added ticket for event: Event_VEND004
2024-11-30 19:37:58 [Thread-25] INFO  c.h.t.service.TicketPoolService - Thread 98 notified consumers for event: Event_VEND004
2024-11-30 19:38:00 [Thread-18] INFO  c.h.t.service.TicketPoolService - Added ticket for event: Event_VEND003
2024-11-30 19:38:00 [Thread-18] INFO  c.h.t.service.TicketPoolService - Thread 91 notified consumers for event: Event_VEND003
2024-11-30 19:38:00 [Thread-20] INFO  c.h.t.service.TicketPoolService - Added ticket for event: Event_VEND005
2024-11-30 19:38:00 [Thread-20] INFO  c.h.t.service.TicketPoolService - Thread 93 notified consumers for event: Event_VEND005
2024-11-30 19:38:00 [Thread-23] INFO  c.h.t.service.TicketPoolService - Added ticket for event: Event_VEND001
2024-11-30 19:38:00 [Thread-23] INFO  c.h.t.service.TicketPoolService - Thread 96 notified consumers for event: Event_VEND001
2024-11-30 19:38:00 [Thread-22] INFO  c.h.t.service.TicketPoolService - Added ticket for event: Event_VEND002
2024-11-30 19:38:00 [Thread-22] INFO  c.h.t.service.TicketPoolService - Thread 95 notified consumers for event: Event_VEND002
2024-11-30 19:38:00 [Thread-25] INFO  c.h.t.service.TicketPoolService - Added ticket for event: Event_VEND004
2024-11-30 19:38:00 [Thread-25] INFO  c.h.t.service.TicketPoolService - Thread 98 notified consumers for event: Event_VEND004
2024-11-30 19:38:01 [Thread-19] INFO  c.h.t.service.TicketPoolService - Thread 92 booked ticket 16 for event: Event_VEND003 by customer: cust003
2024-11-30 19:38:01 [Thread-19] INFO  c.h.t.service.TicketPoolService - Thread 92 signaled vendors for more capacity
2024-11-30 19:38:01 [Thread-24] INFO  c.h.t.service.TicketPoolService - Thread 97 booked ticket 17 for event: Event_VEND005 by customer: cust005
2024-11-30 19:38:01 [Thread-24] INFO  c.h.t.service.TicketPoolService - Thread 97 signaled vendors for more capacity
2024-11-30 19:38:01 [Thread-21] INFO  c.h.t.service.TicketPoolService - Thread 94 booked ticket 18 for event: Event_VEND001 by customer: cust001
2024-11-30 19:38:01 [Thread-21] INFO  c.h.t.service.TicketPoolService - Thread 94 signaled vendors for more capacity
2024-11-30 19:38:01 [Thread-17] INFO  c.h.t.service.TicketPoolService - Thread 90 booked ticket 20 for event: Event_VEND004 by customer: cust004
2024-11-30 19:38:01 [Thread-17] INFO  c.h.t.service.TicketPoolService - Thread 90 signaled vendors for more capacity
2024-11-30 19:38:01 [Thread-26] INFO  c.h.t.service.TicketPoolService - Thread 99 booked ticket 19 for event: Event_VEND002 by customer: cust002
2024-11-30 19:38:01 [Thread-26] INFO  c.h.t.service.TicketPoolService - Thread 99 signaled vendors for more capacity
2024-11-30 19:38:02 [Thread-18] INFO  c.h.t.service.TicketPoolService - Added ticket for event: Event_VEND003
2024-11-30 19:38:02 [Thread-18] INFO  c.h.t.service.TicketPoolService - Thread 91 notified consumers for event: Event_VEND003
2024-11-30 19:38:02 [Thread-20] INFO  c.h.t.service.TicketPoolService - Added ticket for event: Event_VEND005
2024-11-30 19:38:02 [Thread-20] INFO  c.h.t.service.TicketPoolService - Thread 93 notified consumers for event: Event_VEND005
2024-11-30 19:38:02 [Thread-23] INFO  c.h.t.service.TicketPoolService - Added ticket for event: Event_VEND001
2024-11-30 19:38:02 [Thread-23] INFO  c.h.t.service.TicketPoolService - Thread 96 notified consumers for event: Event_VEND001
2024-11-30 19:38:02 [Thread-22] INFO  c.h.t.service.TicketPoolService - Added ticket for event: Event_VEND002
2024-11-30 19:38:02 [Thread-22] INFO  c.h.t.service.TicketPoolService - Thread 95 notified consumers for event: Event_VEND002
2024-11-30 19:38:02 [Thread-25] INFO  c.h.t.service.TicketPoolService - Added ticket for event: Event_VEND004
2024-11-30 19:38:02 [Thread-25] INFO  c.h.t.service.TicketPoolService - Thread 98 notified consumers for event: Event_VEND004
2024-11-30 19:38:04 [Thread-19] INFO  c.h.t.service.TicketPoolService - Thread 92 booked ticket 21 for event: Event_VEND003 by customer: cust003
2024-11-30 19:38:04 [Thread-19] INFO  c.h.t.service.TicketPoolService - Thread 92 signaled vendors for more capacity
2024-11-30 19:38:04 [Thread-18] INFO  c.h.t.service.TicketPoolService - Added ticket for event: Event_VEND003
2024-11-30 19:38:04 [Thread-18] INFO  c.h.t.service.TicketPoolService - Thread 91 notified consumers for event: Event_VEND003
2024-11-30 19:38:04 [Thread-24] INFO  c.h.t.service.TicketPoolService - Thread 97 booked ticket 22 for event: Event_VEND005 by customer: cust005
2024-11-30 19:38:04 [Thread-24] INFO  c.h.t.service.TicketPoolService - Thread 97 signaled vendors for more capacity
2024-11-30 19:38:04 [Thread-20] INFO  c.h.t.service.TicketPoolService - Added ticket for event: Event_VEND005
2024-11-30 19:38:04 [Thread-20] INFO  c.h.t.service.TicketPoolService - Thread 93 notified consumers for event: Event_VEND005
2024-11-30 19:38:04 [Thread-21] INFO  c.h.t.service.TicketPoolService - Thread 94 booked ticket 23 for event: Event_VEND001 by customer: cust001
2024-11-30 19:38:04 [Thread-21] INFO  c.h.t.service.TicketPoolService - Thread 94 signaled vendors for more capacity
2024-11-30 19:38:04 [Thread-17] INFO  c.h.t.service.TicketPoolService - Thread 90 booked ticket 25 for event: Event_VEND004 by customer: cust004
2024-11-30 19:38:04 [Thread-17] INFO  c.h.t.service.TicketPoolService - Thread 90 signaled vendors for more capacity
2024-11-30 19:38:04 [Thread-23] INFO  c.h.t.service.TicketPoolService - Added ticket for event: Event_VEND001
2024-11-30 19:38:04 [Thread-23] INFO  c.h.t.service.TicketPoolService - Thread 96 notified consumers for event: Event_VEND001
2024-11-30 19:38:04 [Thread-26] INFO  c.h.t.service.TicketPoolService - Thread 99 booked ticket 24 for event: Event_VEND002 by customer: cust002
2024-11-30 19:38:04 [Thread-26] INFO  c.h.t.service.TicketPoolService - Thread 99 signaled vendors for more capacity
2024-11-30 19:38:04 [Thread-22] INFO  c.h.t.service.TicketPoolService - Added ticket for event: Event_VEND002
2024-11-30 19:38:04 [Thread-22] INFO  c.h.t.service.TicketPoolService - Thread 95 notified consumers for event: Event_VEND002
2024-11-30 19:38:04 [Thread-25] INFO  c.h.t.service.TicketPoolService - Added ticket for event: Event_VEND004
2024-11-30 19:38:04 [Thread-25] INFO  c.h.t.service.TicketPoolService - Thread 98 notified consumers for event: Event_VEND004
2024-11-30 19:38:06 [Thread-18] INFO  c.h.t.service.TicketPoolService - Added ticket for event: Event_VEND003
2024-11-30 19:38:06 [Thread-18] INFO  c.h.t.service.TicketPoolService - Thread 91 notified consumers for event: Event_VEND003
2024-11-30 19:38:06 [Thread-20] INFO  c.h.t.service.TicketPoolService - Added ticket for event: Event_VEND005
2024-11-30 19:38:06 [Thread-20] INFO  c.h.t.service.TicketPoolService - Thread 93 notified consumers for event: Event_VEND005
2024-11-30 19:38:06 [Thread-23] INFO  c.h.t.service.TicketPoolService - Added ticket for event: Event_VEND001
2024-11-30 19:38:06 [Thread-23] INFO  c.h.t.service.TicketPoolService - Thread 96 notified consumers for event: Event_VEND001
2024-11-30 19:38:06 [Thread-22] INFO  c.h.t.service.TicketPoolService - Added ticket for event: Event_VEND002
2024-11-30 19:38:06 [Thread-22] INFO  c.h.t.service.TicketPoolService - Thread 95 notified consumers for event: Event_VEND002
2024-11-30 19:38:06 [Thread-25] INFO  c.h.t.service.TicketPoolService - Added ticket for event: Event_VEND004
2024-11-30 19:38:06 [Thread-25] INFO  c.h.t.service.TicketPoolService - Thread 98 notified consumers for event: Event_VEND004
2024-11-30 19:38:07 [Thread-19] INFO  c.h.t.service.TicketPoolService - Thread 92 booked ticket 26 for event: Event_VEND003 by customer: cust003
2024-11-30 19:38:07 [Thread-19] INFO  c.h.t.service.TicketPoolService - Thread 92 signaled vendors for more capacity
2024-11-30 19:38:07 [Thread-24] INFO  c.h.t.service.TicketPoolService - Thread 97 booked ticket 27 for event: Event_VEND005 by customer: cust005
2024-11-30 19:38:07 [Thread-24] INFO  c.h.t.service.TicketPoolService - Thread 97 signaled vendors for more capacity
2024-11-30 19:38:07 [Thread-17] INFO  c.h.t.service.TicketPoolService - Thread 90 booked ticket 30 for event: Event_VEND004 by customer: cust004
2024-11-30 19:38:07 [Thread-17] INFO  c.h.t.service.TicketPoolService - Thread 90 signaled vendors for more capacity
2024-11-30 19:38:07 [Thread-21] INFO  c.h.t.service.TicketPoolService - Thread 94 booked ticket 28 for event: Event_VEND001 by customer: cust001
2024-11-30 19:38:07 [Thread-21] INFO  c.h.t.service.TicketPoolService - Thread 94 signaled vendors for more capacity
2024-11-30 19:38:07 [Thread-26] INFO  c.h.t.service.TicketPoolService - Thread 99 booked ticket 29 for event: Event_VEND002 by customer: cust002
2024-11-30 19:38:07 [Thread-26] INFO  c.h.t.service.TicketPoolService - Thread 99 signaled vendors for more capacity
2024-11-30 19:38:08 [Thread-18] INFO  c.h.t.service.TicketPoolService - Added ticket for event: Event_VEND003
2024-11-30 19:38:08 [Thread-18] INFO  c.h.t.service.TicketPoolService - Thread 91 notified consumers for event: Event_VEND003
2024-11-30 19:38:08 [Thread-20] INFO  c.h.t.service.TicketPoolService - Added ticket for event: Event_VEND005
2024-11-30 19:38:08 [Thread-20] INFO  c.h.t.service.TicketPoolService - Thread 93 notified consumers for event: Event_VEND005
2024-11-30 19:38:08 [Thread-23] INFO  c.h.t.service.TicketPoolService - Added ticket for event: Event_VEND001
2024-11-30 19:38:08 [Thread-23] INFO  c.h.t.service.TicketPoolService - Thread 96 notified consumers for event: Event_VEND001
2024-11-30 19:38:08 [Thread-22] INFO  c.h.t.service.TicketPoolService - Added ticket for event: Event_VEND002
2024-11-30 19:38:08 [Thread-22] INFO  c.h.t.service.TicketPoolService - Thread 95 notified consumers for event: Event_VEND002
2024-11-30 19:38:08 [Thread-25] INFO  c.h.t.service.TicketPoolService - Added ticket for event: Event_VEND004
2024-11-30 19:38:08 [Thread-25] INFO  c.h.t.service.TicketPoolService - Thread 98 notified consumers for event: Event_VEND004
2024-11-30 19:38:10 [Thread-19] INFO  c.h.t.service.TicketPoolService - Thread 92 booked ticket 31 for event: Event_VEND003 by customer: cust003
2024-11-30 19:38:10 [Thread-19] INFO  c.h.t.service.TicketPoolService - Thread 92 signaled vendors for more capacity
2024-11-30 19:38:10 [Thread-24] INFO  c.h.t.service.TicketPoolService - Thread 97 booked ticket 32 for event: Event_VEND005 by customer: cust005
2024-11-30 19:38:10 [Thread-24] INFO  c.h.t.service.TicketPoolService - Thread 97 signaled vendors for more capacity
2024-11-30 19:38:10 [Thread-18] INFO  c.h.t.service.TicketPoolService - Added ticket for event: Event_VEND003
2024-11-30 19:38:10 [Thread-18] INFO  c.h.t.service.TicketPoolService - Thread 91 notified consumers for event: Event_VEND003
2024-11-30 19:38:10 [Thread-17] INFO  c.h.t.service.TicketPoolService - Thread 90 booked ticket 35 for event: Event_VEND004 by customer: cust004
2024-11-30 19:38:10 [Thread-17] INFO  c.h.t.service.TicketPoolService - Thread 90 signaled vendors for more capacity
2024-11-30 19:38:10 [Thread-21] INFO  c.h.t.service.TicketPoolService - Thread 94 booked ticket 33 for event: Event_VEND001 by customer: cust001
2024-11-30 19:38:10 [Thread-21] INFO  c.h.t.service.TicketPoolService - Thread 94 signaled vendors for more capacity
2024-11-30 19:38:10 [Thread-20] INFO  c.h.t.service.TicketPoolService - Added ticket for event: Event_VEND005
2024-11-30 19:38:10 [Thread-20] INFO  c.h.t.service.TicketPoolService - Thread 93 notified consumers for event: Event_VEND005
2024-11-30 19:38:10 [Thread-26] INFO  c.h.t.service.TicketPoolService - Thread 99 booked ticket 34 for event: Event_VEND002 by customer: cust002
2024-11-30 19:38:10 [Thread-26] INFO  c.h.t.service.TicketPoolService - Thread 99 signaled vendors for more capacity
2024-11-30 19:38:10 [Thread-23] INFO  c.h.t.service.TicketPoolService - Added ticket for event: Event_VEND001
2024-11-30 19:38:10 [Thread-23] INFO  c.h.t.service.TicketPoolService - Thread 96 notified consumers for event: Event_VEND001
2024-11-30 19:38:10 [Thread-22] INFO  c.h.t.service.TicketPoolService - Added ticket for event: Event_VEND002
2024-11-30 19:38:10 [Thread-22] INFO  c.h.t.service.TicketPoolService - Thread 95 notified consumers for event: Event_VEND002
2024-11-30 19:38:10 [Thread-25] INFO  c.h.t.service.TicketPoolService - Added ticket for event: Event_VEND004
2024-11-30 19:38:10 [Thread-25] INFO  c.h.t.service.TicketPoolService - Thread 98 notified consumers for event: Event_VEND004
2024-11-30 19:38:13 [Thread-19] INFO  c.h.t.service.TicketPoolService - Thread 92 booked ticket 36 for event: Event_VEND003 by customer: cust003
2024-11-30 19:38:13 [Thread-19] INFO  c.h.t.service.TicketPoolService - Thread 92 signaled vendors for more capacity
2024-11-30 19:38:13 [Thread-24] INFO  c.h.t.service.TicketPoolService - Thread 97 booked ticket 37 for event: Event_VEND005 by customer: cust005
2024-11-30 19:38:13 [Thread-24] INFO  c.h.t.service.TicketPoolService - Thread 97 signaled vendors for more capacity
2024-11-30 19:38:13 [Thread-17] INFO  c.h.t.service.TicketPoolService - Thread 90 booked ticket 40 for event: Event_VEND004 by customer: cust004
2024-11-30 19:38:13 [Thread-17] INFO  c.h.t.service.TicketPoolService - Thread 90 signaled vendors for more capacity
2024-11-30 19:38:13 [Thread-21] INFO  c.h.t.service.TicketPoolService - Thread 94 booked ticket 38 for event: Event_VEND001 by customer: cust001
2024-11-30 19:38:13 [Thread-21] INFO  c.h.t.service.TicketPoolService - Thread 94 signaled vendors for more capacity
2024-11-30 19:38:13 [Thread-26] INFO  c.h.t.service.TicketPoolService - Thread 99 booked ticket 39 for event: Event_VEND002 by customer: cust002
2024-11-30 19:38:13 [Thread-26] INFO  c.h.t.service.TicketPoolService - Thread 99 signaled vendors for more capacity
2024-11-30 19:38:16 [Thread-19] INFO  c.h.t.service.TicketPoolService - Thread 92 booked ticket 41 for event: Event_VEND003 by customer: cust003
2024-11-30 19:38:16 [Thread-19] INFO  c.h.t.service.TicketPoolService - Thread 92 signaled vendors for more capacity
2024-11-30 19:38:16 [Thread-24] INFO  c.h.t.service.TicketPoolService - Thread 97 booked ticket 42 for event: Event_VEND005 by customer: cust005
2024-11-30 19:38:16 [Thread-24] INFO  c.h.t.service.TicketPoolService - Thread 97 signaled vendors for more capacity
2024-11-30 19:38:16 [Thread-17] INFO  c.h.t.service.TicketPoolService - Thread 90 booked ticket 45 for event: Event_VEND004 by customer: cust004
2024-11-30 19:38:16 [Thread-17] INFO  c.h.t.service.TicketPoolService - Thread 90 signaled vendors for more capacity
2024-11-30 19:38:16 [Thread-21] INFO  c.h.t.service.TicketPoolService - Thread 94 booked ticket 43 for event: Event_VEND001 by customer: cust001
2024-11-30 19:38:16 [Thread-21] INFO  c.h.t.service.TicketPoolService - Thread 94 signaled vendors for more capacity
2024-11-30 19:38:16 [Thread-26] INFO  c.h.t.service.TicketPoolService - Thread 99 booked ticket 44 for event: Event_VEND002 by customer: cust002
2024-11-30 19:38:16 [Thread-26] INFO  c.h.t.service.TicketPoolService - Thread 99 signaled vendors for more capacity
2024-11-30 19:38:19 [Thread-19] INFO  c.h.t.service.TicketPoolService - Thread 92 booked ticket 46 for event: Event_VEND003 by customer: cust003
2024-11-30 19:38:19 [Thread-19] INFO  c.h.t.service.TicketPoolService - Thread 92 signaled vendors for more capacity
2024-11-30 19:38:19 [Thread-24] INFO  c.h.t.service.TicketPoolService - Thread 97 booked ticket 47 for event: Event_VEND005 by customer: cust005
2024-11-30 19:38:19 [Thread-24] INFO  c.h.t.service.TicketPoolService - Thread 97 signaled vendors for more capacity
2024-11-30 19:38:19 [Thread-17] INFO  c.h.t.service.TicketPoolService - Thread 90 booked ticket 50 for event: Event_VEND004 by customer: cust004
2024-11-30 19:38:19 [Thread-17] INFO  c.h.t.service.TicketPoolService - Thread 90 signaled vendors for more capacity
2024-11-30 19:38:19 [Thread-21] INFO  c.h.t.service.TicketPoolService - Thread 94 booked ticket 48 for event: Event_VEND001 by customer: cust001
2024-11-30 19:38:19 [Thread-21] INFO  c.h.t.service.TicketPoolService - Thread 94 signaled vendors for more capacity
2024-11-30 19:38:19 [Thread-26] INFO  c.h.t.service.TicketPoolService - Thread 99 booked ticket 49 for event: Event_VEND002 by customer: cust002
2024-11-30 19:38:19 [Thread-26] INFO  c.h.t.service.TicketPoolService - Thread 99 signaled vendors for more capacity
2024-11-30 19:53:58 [Thread-17] INFO  c.h.t.service.TicketPoolService - Added ticket for event: Event_VEND003
2024-11-30 19:53:58 [Thread-17] INFO  c.h.t.service.TicketPoolService - Thread 91 notified consumers for event: Event_VEND003
2024-11-30 19:53:58 [Thread-18] INFO  c.h.t.service.TicketPoolService - Added ticket for event: Event_VEND001
2024-11-30 19:53:58 [Thread-18] INFO  c.h.t.service.TicketPoolService - Thread 92 notified consumers for event: Event_VEND001
2024-11-30 19:53:58 [Thread-21] INFO  c.h.t.service.TicketPoolService - Thread 95 waiting for tickets to become available for event: Event_VEND004
2024-11-30 19:53:58 [Thread-22] INFO  c.h.t.service.TicketPoolService - Thread 96 booked ticket 52 for event: Event_VEND001 by customer: cust001
2024-11-30 19:53:58 [Thread-22] INFO  c.h.t.service.TicketPoolService - Thread 96 signaled vendors for more capacity
2024-11-30 19:53:58 [Thread-20] INFO  c.h.t.service.TicketPoolService - Added ticket for event: Event_VEND004
2024-11-30 19:53:58 [Thread-20] INFO  c.h.t.service.TicketPoolService - Thread 94 notified consumers for event: Event_VEND004
2024-11-30 19:53:58 [Thread-23] INFO  c.h.t.service.TicketPoolService - Thread 97 booked ticket 51 for event: Event_VEND003 by customer: cust003
2024-11-30 19:53:58 [Thread-23] INFO  c.h.t.service.TicketPoolService - Thread 97 signaled vendors for more capacity
2024-11-30 19:53:58 [Thread-25] INFO  c.h.t.service.TicketPoolService - Thread 99 waiting for tickets to become available for event: Event_VEND005
2024-11-30 19:53:58 [Thread-19] INFO  c.h.t.service.TicketPoolService - Added ticket for event: Event_VEND002
2024-11-30 19:53:58 [Thread-19] INFO  c.h.t.service.TicketPoolService - Thread 93 notified consumers for event: Event_VEND002
2024-11-30 19:53:58 [Thread-24] INFO  c.h.t.service.TicketPoolService - Added ticket for event: Event_VEND005
2024-11-30 19:53:58 [Thread-24] INFO  c.h.t.service.TicketPoolService - Thread 98 notified consumers for event: Event_VEND005
2024-11-30 19:53:58 [Thread-26] INFO  c.h.t.service.TicketPoolService - Thread 100 booked ticket 54 for event: Event_VEND002 by customer: cust002
2024-11-30 19:53:58 [Thread-26] INFO  c.h.t.service.TicketPoolService - Thread 100 signaled vendors for more capacity
2024-11-30 19:53:58 [Thread-21] INFO  c.h.t.service.TicketPoolService - Thread 95 booked ticket 53 for event: Event_VEND004 by customer: cust004
2024-11-30 19:53:58 [Thread-21] INFO  c.h.t.service.TicketPoolService - Thread 95 signaled vendors for more capacity
2024-11-30 19:53:58 [Thread-25] INFO  c.h.t.service.TicketPoolService - Thread 99 booked ticket 55 for event: Event_VEND005 by customer: cust005
2024-11-30 19:53:58 [Thread-25] INFO  c.h.t.service.TicketPoolService - Thread 99 signaled vendors for more capacity
2024-11-30 19:54:00 [Thread-17] INFO  c.h.t.service.TicketPoolService - Added ticket for event: Event_VEND003
2024-11-30 19:54:00 [Thread-17] INFO  c.h.t.service.TicketPoolService - Thread 91 notified consumers for event: Event_VEND003
2024-11-30 19:54:00 [Thread-18] INFO  c.h.t.service.TicketPoolService - Added ticket for event: Event_VEND001
2024-11-30 19:54:00 [Thread-18] INFO  c.h.t.service.TicketPoolService - Thread 92 notified consumers for event: Event_VEND001
2024-11-30 19:54:00 [Thread-20] INFO  c.h.t.service.TicketPoolService - Added ticket for event: Event_VEND004
2024-11-30 19:54:00 [Thread-20] INFO  c.h.t.service.TicketPoolService - Thread 94 notified consumers for event: Event_VEND004
2024-11-30 19:54:00 [Thread-19] INFO  c.h.t.service.TicketPoolService - Added ticket for event: Event_VEND002
2024-11-30 19:54:00 [Thread-19] INFO  c.h.t.service.TicketPoolService - Thread 93 notified consumers for event: Event_VEND002
2024-11-30 19:54:00 [Thread-24] INFO  c.h.t.service.TicketPoolService - Added ticket for event: Event_VEND005
2024-11-30 19:54:00 [Thread-24] INFO  c.h.t.service.TicketPoolService - Thread 98 notified consumers for event: Event_VEND005
2024-11-30 19:54:01 [Thread-22] INFO  c.h.t.service.TicketPoolService - Thread 96 booked ticket 57 for event: Event_VEND001 by customer: cust001
2024-11-30 19:54:01 [Thread-22] INFO  c.h.t.service.TicketPoolService - Thread 96 signaled vendors for more capacity
2024-11-30 19:54:01 [Thread-23] INFO  c.h.t.service.TicketPoolService - Thread 97 booked ticket 56 for event: Event_VEND003 by customer: cust003
2024-11-30 19:54:01 [Thread-23] INFO  c.h.t.service.TicketPoolService - Thread 97 signaled vendors for more capacity
2024-11-30 19:54:01 [Thread-26] INFO  c.h.t.service.TicketPoolService - Thread 100 booked ticket 59 for event: Event_VEND002 by customer: cust002
2024-11-30 19:54:01 [Thread-26] INFO  c.h.t.service.TicketPoolService - Thread 100 signaled vendors for more capacity
2024-11-30 19:54:01 [Thread-25] INFO  c.h.t.service.TicketPoolService - Thread 99 booked ticket 60 for event: Event_VEND005 by customer: cust005
2024-11-30 19:54:01 [Thread-25] INFO  c.h.t.service.TicketPoolService - Thread 99 signaled vendors for more capacity
2024-11-30 19:54:01 [Thread-21] INFO  c.h.t.service.TicketPoolService - Thread 95 booked ticket 58 for event: Event_VEND004 by customer: cust004
2024-11-30 19:54:01 [Thread-21] INFO  c.h.t.service.TicketPoolService - Thread 95 signaled vendors for more capacity
2024-11-30 19:54:02 [Thread-17] INFO  c.h.t.service.TicketPoolService - Added ticket for event: Event_VEND003
2024-11-30 19:54:02 [Thread-17] INFO  c.h.t.service.TicketPoolService - Thread 91 notified consumers for event: Event_VEND003
2024-11-30 19:54:02 [Thread-18] INFO  c.h.t.service.TicketPoolService - Added ticket for event: Event_VEND001
2024-11-30 19:54:02 [Thread-18] INFO  c.h.t.service.TicketPoolService - Thread 92 notified consumers for event: Event_VEND001
2024-11-30 19:54:02 [Thread-20] INFO  c.h.t.service.TicketPoolService - Added ticket for event: Event_VEND004
2024-11-30 19:54:02 [Thread-20] INFO  c.h.t.service.TicketPoolService - Thread 94 notified consumers for event: Event_VEND004
2024-11-30 19:54:02 [Thread-19] INFO  c.h.t.service.TicketPoolService - Added ticket for event: Event_VEND002
2024-11-30 19:54:02 [Thread-19] INFO  c.h.t.service.TicketPoolService - Thread 93 notified consumers for event: Event_VEND002
2024-11-30 19:54:02 [Thread-24] INFO  c.h.t.service.TicketPoolService - Added ticket for event: Event_VEND005
2024-11-30 19:54:02 [Thread-24] INFO  c.h.t.service.TicketPoolService - Thread 98 notified consumers for event: Event_VEND005
2024-11-30 19:54:04 [Thread-17] INFO  c.h.t.service.TicketPoolService - Added ticket for event: Event_VEND003
2024-11-30 19:54:04 [Thread-17] INFO  c.h.t.service.TicketPoolService - Thread 91 notified consumers for event: Event_VEND003
2024-11-30 19:54:04 [Thread-22] INFO  c.h.t.service.TicketPoolService - Thread 96 booked ticket 62 for event: Event_VEND001 by customer: cust001
2024-11-30 19:54:04 [Thread-22] INFO  c.h.t.service.TicketPoolService - Thread 96 signaled vendors for more capacity
2024-11-30 19:54:04 [Thread-18] INFO  c.h.t.service.TicketPoolService - Added ticket for event: Event_VEND001
2024-11-30 19:54:04 [Thread-18] INFO  c.h.t.service.TicketPoolService - Thread 92 notified consumers for event: Event_VEND001
2024-11-30 19:54:04 [Thread-23] INFO  c.h.t.service.TicketPoolService - Thread 97 booked ticket 61 for event: Event_VEND003 by customer: cust003
2024-11-30 19:54:04 [Thread-23] INFO  c.h.t.service.TicketPoolService - Thread 97 signaled vendors for more capacity
2024-11-30 19:54:04 [Thread-20] INFO  c.h.t.service.TicketPoolService - Added ticket for event: Event_VEND004
2024-11-30 19:54:04 [Thread-20] INFO  c.h.t.service.TicketPoolService - Thread 94 notified consumers for event: Event_VEND004
2024-11-30 19:54:04 [Thread-26] INFO  c.h.t.service.TicketPoolService - Thread 100 booked ticket 64 for event: Event_VEND002 by customer: cust002
2024-11-30 19:54:04 [Thread-26] INFO  c.h.t.service.TicketPoolService - Thread 100 signaled vendors for more capacity
2024-11-30 19:54:04 [Thread-19] INFO  c.h.t.service.TicketPoolService - Added ticket for event: Event_VEND002
2024-11-30 19:54:04 [Thread-19] INFO  c.h.t.service.TicketPoolService - Thread 93 notified consumers for event: Event_VEND002
2024-11-30 19:54:04 [Thread-25] INFO  c.h.t.service.TicketPoolService - Thread 99 booked ticket 65 for event: Event_VEND005 by customer: cust005
2024-11-30 19:54:04 [Thread-25] INFO  c.h.t.service.TicketPoolService - Thread 99 signaled vendors for more capacity
2024-11-30 19:54:04 [Thread-21] INFO  c.h.t.service.TicketPoolService - Thread 95 booked ticket 63 for event: Event_VEND004 by customer: cust004
2024-11-30 19:54:04 [Thread-21] INFO  c.h.t.service.TicketPoolService - Thread 95 signaled vendors for more capacity
2024-11-30 19:54:04 [Thread-24] INFO  c.h.t.service.TicketPoolService - Added ticket for event: Event_VEND005
2024-11-30 19:54:04 [Thread-24] INFO  c.h.t.service.TicketPoolService - Thread 98 notified consumers for event: Event_VEND005
2024-11-30 19:54:06 [Thread-17] INFO  c.h.t.service.TicketPoolService - Added ticket for event: Event_VEND003
2024-11-30 19:54:06 [Thread-17] INFO  c.h.t.service.TicketPoolService - Thread 91 notified consumers for event: Event_VEND003
2024-11-30 19:54:06 [Thread-18] INFO  c.h.t.service.TicketPoolService - Added ticket for event: Event_VEND001
2024-11-30 19:54:06 [Thread-18] INFO  c.h.t.service.TicketPoolService - Thread 92 notified consumers for event: Event_VEND001
2024-11-30 19:54:06 [Thread-20] INFO  c.h.t.service.TicketPoolService - Added ticket for event: Event_VEND004
2024-11-30 19:54:06 [Thread-20] INFO  c.h.t.service.TicketPoolService - Thread 94 notified consumers for event: Event_VEND004
2024-11-30 19:54:06 [Thread-19] INFO  c.h.t.service.TicketPoolService - Added ticket for event: Event_VEND002
2024-11-30 19:54:06 [Thread-19] INFO  c.h.t.service.TicketPoolService - Thread 93 notified consumers for event: Event_VEND002
2024-11-30 19:54:06 [Thread-24] INFO  c.h.t.service.TicketPoolService - Added ticket for event: Event_VEND005
2024-11-30 19:54:06 [Thread-24] INFO  c.h.t.service.TicketPoolService - Thread 98 notified consumers for event: Event_VEND005
2024-11-30 19:54:07 [Thread-22] INFO  c.h.t.service.TicketPoolService - Thread 96 booked ticket 67 for event: Event_VEND001 by customer: cust001
2024-11-30 19:54:07 [Thread-22] INFO  c.h.t.service.TicketPoolService - Thread 96 signaled vendors for more capacity
2024-11-30 19:54:07 [Thread-23] INFO  c.h.t.service.TicketPoolService - Thread 97 booked ticket 66 for event: Event_VEND003 by customer: cust003
2024-11-30 19:54:07 [Thread-23] INFO  c.h.t.service.TicketPoolService - Thread 97 signaled vendors for more capacity
2024-11-30 19:54:07 [Thread-26] INFO  c.h.t.service.TicketPoolService - Thread 100 booked ticket 69 for event: Event_VEND002 by customer: cust002
2024-11-30 19:54:07 [Thread-26] INFO  c.h.t.service.TicketPoolService - Thread 100 signaled vendors for more capacity
2024-11-30 19:54:07 [Thread-25] INFO  c.h.t.service.TicketPoolService - Thread 99 booked ticket 70 for event: Event_VEND005 by customer: cust005
2024-11-30 19:54:07 [Thread-25] INFO  c.h.t.service.TicketPoolService - Thread 99 signaled vendors for more capacity
2024-11-30 19:54:07 [Thread-21] INFO  c.h.t.service.TicketPoolService - Thread 95 booked ticket 68 for event: Event_VEND004 by customer: cust004
2024-11-30 19:54:07 [Thread-21] INFO  c.h.t.service.TicketPoolService - Thread 95 signaled vendors for more capacity
2024-11-30 19:54:08 [Thread-17] INFO  c.h.t.service.TicketPoolService - Added ticket for event: Event_VEND003
2024-11-30 19:54:08 [Thread-17] INFO  c.h.t.service.TicketPoolService - Thread 91 notified consumers for event: Event_VEND003
2024-11-30 19:54:08 [Thread-18] INFO  c.h.t.service.TicketPoolService - Added ticket for event: Event_VEND001
2024-11-30 19:54:08 [Thread-18] INFO  c.h.t.service.TicketPoolService - Thread 92 notified consumers for event: Event_VEND001
2024-11-30 19:54:08 [Thread-20] INFO  c.h.t.service.TicketPoolService - Added ticket for event: Event_VEND004
2024-11-30 19:54:08 [Thread-20] INFO  c.h.t.service.TicketPoolService - Thread 94 notified consumers for event: Event_VEND004
2024-11-30 19:54:08 [Thread-19] INFO  c.h.t.service.TicketPoolService - Added ticket for event: Event_VEND002
2024-11-30 19:54:08 [Thread-19] INFO  c.h.t.service.TicketPoolService - Thread 93 notified consumers for event: Event_VEND002
2024-11-30 19:54:08 [Thread-24] INFO  c.h.t.service.TicketPoolService - Added ticket for event: Event_VEND005
2024-11-30 19:54:08 [Thread-24] INFO  c.h.t.service.TicketPoolService - Thread 98 notified consumers for event: Event_VEND005
2024-11-30 19:54:10 [Thread-22] INFO  c.h.t.service.TicketPoolService - Thread 96 booked ticket 72 for event: Event_VEND001 by customer: cust001
2024-11-30 19:54:10 [Thread-22] INFO  c.h.t.service.TicketPoolService - Thread 96 signaled vendors for more capacity
2024-11-30 19:54:10 [Thread-17] INFO  c.h.t.service.TicketPoolService - Added ticket for event: Event_VEND003
2024-11-30 19:54:10 [Thread-17] INFO  c.h.t.service.TicketPoolService - Thread 91 notified consumers for event: Event_VEND003
2024-11-30 19:54:10 [Thread-18] INFO  c.h.t.service.TicketPoolService - Added ticket for event: Event_VEND001
2024-11-30 19:54:10 [Thread-18] INFO  c.h.t.service.TicketPoolService - Thread 92 notified consumers for event: Event_VEND001
2024-11-30 19:54:10 [Thread-23] INFO  c.h.t.service.TicketPoolService - Thread 97 booked ticket 71 for event: Event_VEND003 by customer: cust003
2024-11-30 19:54:10 [Thread-23] INFO  c.h.t.service.TicketPoolService - Thread 97 signaled vendors for more capacity
2024-11-30 19:54:10 [Thread-20] INFO  c.h.t.service.TicketPoolService - Added ticket for event: Event_VEND004
2024-11-30 19:54:10 [Thread-20] INFO  c.h.t.service.TicketPoolService - Thread 94 notified consumers for event: Event_VEND004
2024-11-30 19:54:10 [Thread-26] INFO  c.h.t.service.TicketPoolService - Thread 100 booked ticket 74 for event: Event_VEND002 by customer: cust002
2024-11-30 19:54:10 [Thread-26] INFO  c.h.t.service.TicketPoolService - Thread 100 signaled vendors for more capacity
2024-11-30 19:54:10 [Thread-25] INFO  c.h.t.service.TicketPoolService - Thread 99 booked ticket 75 for event: Event_VEND005 by customer: cust005
2024-11-30 19:54:10 [Thread-25] INFO  c.h.t.service.TicketPoolService - Thread 99 signaled vendors for more capacity
2024-11-30 19:54:10 [Thread-21] INFO  c.h.t.service.TicketPoolService - Thread 95 booked ticket 73 for event: Event_VEND004 by customer: cust004
2024-11-30 19:54:10 [Thread-21] INFO  c.h.t.service.TicketPoolService - Thread 95 signaled vendors for more capacity
2024-11-30 19:54:10 [Thread-19] INFO  c.h.t.service.TicketPoolService - Added ticket for event: Event_VEND002
2024-11-30 19:54:10 [Thread-19] INFO  c.h.t.service.TicketPoolService - Thread 93 notified consumers for event: Event_VEND002
2024-11-30 19:54:10 [Thread-24] INFO  c.h.t.service.TicketPoolService - Added ticket for event: Event_VEND005
2024-11-30 19:54:10 [Thread-24] INFO  c.h.t.service.TicketPoolService - Thread 98 notified consumers for event: Event_VEND005
2024-11-30 19:54:12 [Thread-17] INFO  c.h.t.service.TicketPoolService - Added ticket for event: Event_VEND003
2024-11-30 19:54:12 [Thread-17] INFO  c.h.t.service.TicketPoolService - Thread 91 notified consumers for event: Event_VEND003
2024-11-30 19:54:12 [Thread-18] INFO  c.h.t.service.TicketPoolService - Added ticket for event: Event_VEND001
2024-11-30 19:54:12 [Thread-18] INFO  c.h.t.service.TicketPoolService - Thread 92 notified consumers for event: Event_VEND001
2024-11-30 19:54:12 [Thread-20] INFO  c.h.t.service.TicketPoolService - Added ticket for event: Event_VEND004
2024-11-30 19:54:12 [Thread-20] INFO  c.h.t.service.TicketPoolService - Thread 94 notified consumers for event: Event_VEND004
2024-11-30 19:54:12 [Thread-19] INFO  c.h.t.service.TicketPoolService - Added ticket for event: Event_VEND002
2024-11-30 19:54:12 [Thread-19] INFO  c.h.t.service.TicketPoolService - Thread 93 notified consumers for event: Event_VEND002
2024-11-30 19:54:12 [Thread-24] INFO  c.h.t.service.TicketPoolService - Added ticket for event: Event_VEND005
2024-11-30 19:54:12 [Thread-24] INFO  c.h.t.service.TicketPoolService - Thread 98 notified consumers for event: Event_VEND005
2024-11-30 19:54:13 [Thread-22] INFO  c.h.t.service.TicketPoolService - Thread 96 booked ticket 77 for event: Event_VEND001 by customer: cust001
2024-11-30 19:54:13 [Thread-22] INFO  c.h.t.service.TicketPoolService - Thread 96 signaled vendors for more capacity
2024-11-30 19:54:13 [Thread-23] INFO  c.h.t.service.TicketPoolService - Thread 97 booked ticket 76 for event: Event_VEND003 by customer: cust003
2024-11-30 19:54:13 [Thread-23] INFO  c.h.t.service.TicketPoolService - Thread 97 signaled vendors for more capacity
2024-11-30 19:54:13 [Thread-26] INFO  c.h.t.service.TicketPoolService - Thread 100 booked ticket 79 for event: Event_VEND002 by customer: cust002
2024-11-30 19:54:13 [Thread-26] INFO  c.h.t.service.TicketPoolService - Thread 100 signaled vendors for more capacity
2024-11-30 19:54:13 [Thread-25] INFO  c.h.t.service.TicketPoolService - Thread 99 booked ticket 80 for event: Event_VEND005 by customer: cust005
2024-11-30 19:54:13 [Thread-25] INFO  c.h.t.service.TicketPoolService - Thread 99 signaled vendors for more capacity
2024-11-30 19:54:13 [Thread-21] INFO  c.h.t.service.TicketPoolService - Thread 95 booked ticket 78 for event: Event_VEND004 by customer: cust004
2024-11-30 19:54:13 [Thread-21] INFO  c.h.t.service.TicketPoolService - Thread 95 signaled vendors for more capacity
2024-11-30 19:54:14 [Thread-17] INFO  c.h.t.service.TicketPoolService - Added ticket for event: Event_VEND003
2024-11-30 19:54:14 [Thread-17] INFO  c.h.t.service.TicketPoolService - Thread 91 notified consumers for event: Event_VEND003
2024-11-30 19:54:14 [Thread-18] INFO  c.h.t.service.TicketPoolService - Added ticket for event: Event_VEND001
2024-11-30 19:54:14 [Thread-18] INFO  c.h.t.service.TicketPoolService - Thread 92 notified consumers for event: Event_VEND001
2024-11-30 19:54:14 [Thread-20] INFO  c.h.t.service.TicketPoolService - Added ticket for event: Event_VEND004
2024-11-30 19:54:14 [Thread-20] INFO  c.h.t.service.TicketPoolService - Thread 94 notified consumers for event: Event_VEND004
2024-11-30 19:54:15 [Thread-19] INFO  c.h.t.service.TicketPoolService - Added ticket for event: Event_VEND002
2024-11-30 19:54:15 [Thread-19] INFO  c.h.t.service.TicketPoolService - Thread 93 notified consumers for event: Event_VEND002
2024-11-30 19:54:15 [Thread-24] INFO  c.h.t.service.TicketPoolService - Added ticket for event: Event_VEND005
2024-11-30 19:54:15 [Thread-24] INFO  c.h.t.service.TicketPoolService - Thread 98 notified consumers for event: Event_VEND005
2024-11-30 19:54:16 [Thread-22] INFO  c.h.t.service.TicketPoolService - Thread 96 booked ticket 82 for event: Event_VEND001 by customer: cust001
2024-11-30 19:54:16 [Thread-22] INFO  c.h.t.service.TicketPoolService - Thread 96 signaled vendors for more capacity
2024-11-30 19:54:16 [Thread-17] INFO  c.h.t.service.TicketPoolService - Added ticket for event: Event_VEND003
2024-11-30 19:54:16 [Thread-17] INFO  c.h.t.service.TicketPoolService - Thread 91 notified consumers for event: Event_VEND003
2024-11-30 19:54:16 [Thread-23] INFO  c.h.t.service.TicketPoolService - Thread 97 booked ticket 81 for event: Event_VEND003 by customer: cust003
2024-11-30 19:54:16 [Thread-23] INFO  c.h.t.service.TicketPoolService - Thread 97 signaled vendors for more capacity
2024-11-30 19:54:16 [Thread-18] INFO  c.h.t.service.TicketPoolService - Added ticket for event: Event_VEND001
2024-11-30 19:54:16 [Thread-18] INFO  c.h.t.service.TicketPoolService - Thread 92 notified consumers for event: Event_VEND001
2024-11-30 19:54:16 [Thread-26] INFO  c.h.t.service.TicketPoolService - Thread 100 booked ticket 84 for event: Event_VEND002 by customer: cust002
2024-11-30 19:54:16 [Thread-26] INFO  c.h.t.service.TicketPoolService - Thread 100 signaled vendors for more capacity
2024-11-30 19:54:16 [Thread-20] INFO  c.h.t.service.TicketPoolService - Added ticket for event: Event_VEND004
2024-11-30 19:54:16 [Thread-20] INFO  c.h.t.service.TicketPoolService - Thread 94 notified consumers for event: Event_VEND004
2024-11-30 19:54:16 [Thread-25] INFO  c.h.t.service.TicketPoolService - Thread 99 booked ticket 85 for event: Event_VEND005 by customer: cust005
2024-11-30 19:54:16 [Thread-25] INFO  c.h.t.service.TicketPoolService - Thread 99 signaled vendors for more capacity
2024-11-30 19:54:16 [Thread-21] INFO  c.h.t.service.TicketPoolService - Thread 95 booked ticket 83 for event: Event_VEND004 by customer: cust004
2024-11-30 19:54:16 [Thread-21] INFO  c.h.t.service.TicketPoolService - Thread 95 signaled vendors for more capacity
2024-11-30 19:54:17 [Thread-19] INFO  c.h.t.service.TicketPoolService - Added ticket for event: Event_VEND002
2024-11-30 19:54:17 [Thread-19] INFO  c.h.t.service.TicketPoolService - Thread 93 notified consumers for event: Event_VEND002
2024-11-30 19:54:17 [Thread-24] INFO  c.h.t.service.TicketPoolService - Added ticket for event: Event_VEND005
2024-11-30 19:54:17 [Thread-24] INFO  c.h.t.service.TicketPoolService - Thread 98 notified consumers for event: Event_VEND005
2024-11-30 19:54:19 [Thread-22] INFO  c.h.t.service.TicketPoolService - Thread 96 booked ticket 87 for event: Event_VEND001 by customer: cust001
2024-11-30 19:54:19 [Thread-22] INFO  c.h.t.service.TicketPoolService - Thread 96 signaled vendors for more capacity
2024-11-30 19:54:19 [Thread-23] INFO  c.h.t.service.TicketPoolService - Thread 97 booked ticket 86 for event: Event_VEND003 by customer: cust003
2024-11-30 19:54:19 [Thread-23] INFO  c.h.t.service.TicketPoolService - Thread 97 signaled vendors for more capacity
2024-11-30 19:54:19 [Thread-26] INFO  c.h.t.service.TicketPoolService - Thread 100 booked ticket 89 for event: Event_VEND002 by customer: cust002
2024-11-30 19:54:19 [Thread-26] INFO  c.h.t.service.TicketPoolService - Thread 100 signaled vendors for more capacity
2024-11-30 19:54:19 [Thread-25] INFO  c.h.t.service.TicketPoolService - Thread 99 booked ticket 90 for event: Event_VEND005 by customer: cust005
2024-11-30 19:54:19 [Thread-25] INFO  c.h.t.service.TicketPoolService - Thread 99 signaled vendors for more capacity
2024-11-30 19:54:19 [Thread-21] INFO  c.h.t.service.TicketPoolService - Thread 95 booked ticket 88 for event: Event_VEND004 by customer: cust004
2024-11-30 19:54:19 [Thread-21] INFO  c.h.t.service.TicketPoolService - Thread 95 signaled vendors for more capacity
2024-11-30 19:54:22 [Thread-22] INFO  c.h.t.service.TicketPoolService - Thread 96 booked ticket 92 for event: Event_VEND001 by customer: cust001
2024-11-30 19:54:22 [Thread-22] INFO  c.h.t.service.TicketPoolService - Thread 96 signaled vendors for more capacity
2024-11-30 19:54:22 [Thread-23] INFO  c.h.t.service.TicketPoolService - Thread 97 booked ticket 91 for event: Event_VEND003 by customer: cust003
2024-11-30 19:54:22 [Thread-23] INFO  c.h.t.service.TicketPoolService - Thread 97 signaled vendors for more capacity
2024-11-30 19:54:22 [Thread-26] INFO  c.h.t.service.TicketPoolService - Thread 100 booked ticket 94 for event: Event_VEND002 by customer: cust002
2024-11-30 19:54:22 [Thread-26] INFO  c.h.t.service.TicketPoolService - Thread 100 signaled vendors for more capacity
2024-11-30 19:54:22 [Thread-25] INFO  c.h.t.service.TicketPoolService - Thread 99 booked ticket 95 for event: Event_VEND005 by customer: cust005
2024-11-30 19:54:22 [Thread-25] INFO  c.h.t.service.TicketPoolService - Thread 99 signaled vendors for more capacity
2024-11-30 19:54:22 [Thread-21] INFO  c.h.t.service.TicketPoolService - Thread 95 booked ticket 93 for event: Event_VEND004 by customer: cust004
2024-11-30 19:54:22 [Thread-21] INFO  c.h.t.service.TicketPoolService - Thread 95 signaled vendors for more capacity
2024-11-30 19:54:25 [Thread-22] INFO  c.h.t.service.TicketPoolService - Thread 96 booked ticket 97 for event: Event_VEND001 by customer: cust001
2024-11-30 19:54:25 [Thread-22] INFO  c.h.t.service.TicketPoolService - Thread 96 signaled vendors for more capacity
2024-11-30 19:54:25 [Thread-23] INFO  c.h.t.service.TicketPoolService - Thread 97 booked ticket 96 for event: Event_VEND003 by customer: cust003
2024-11-30 19:54:25 [Thread-23] INFO  c.h.t.service.TicketPoolService - Thread 97 signaled vendors for more capacity
2024-11-30 19:54:25 [Thread-26] INFO  c.h.t.service.TicketPoolService - Thread 100 booked ticket 99 for event: Event_VEND002 by customer: cust002
2024-11-30 19:54:25 [Thread-26] INFO  c.h.t.service.TicketPoolService - Thread 100 signaled vendors for more capacity
2024-11-30 19:54:25 [Thread-25] INFO  c.h.t.service.TicketPoolService - Thread 99 booked ticket 100 for event: Event_VEND005 by customer: cust005
2024-11-30 19:54:25 [Thread-25] INFO  c.h.t.service.TicketPoolService - Thread 99 signaled vendors for more capacity
2024-11-30 19:54:25 [Thread-21] INFO  c.h.t.service.TicketPoolService - Thread 95 booked ticket 98 for event: Event_VEND004 by customer: cust004
2024-11-30 19:54:25 [Thread-21] INFO  c.h.t.service.TicketPoolService - Thread 95 signaled vendors for more capacity
