2024-11-25 15:28:49 [Thread-4] INFO  CustomerRun - Ticket purchased by robe234 (Event: rolo)
2024-11-25 15:28:49 [Thread-5] INFO  CustomerRun - Ticket purchased by bele234 (Event: polo)
2024-11-25 15:28:49 [Thread-6] INFO  CustomerRun - Ticket purchased by relo234 (Event: yolo)
2024-11-25 15:28:49 [Thread-7] INFO  CustomerRun - Ticket purchased by robe234 (Event: holo)
2024-11-25 15:28:51 [Thread-5] INFO  CustomerRun - Ticket purchased by bele234 (Event: polo)
2024-11-25 15:28:51 [Thread-4] INFO  CustomerRun - Ticket purchased by robe234 (Event: rolo)
2024-11-25 15:28:51 [Thread-6] INFO  CustomerRun - Ticket purchased by relo234 (Event: yolo)
2024-11-25 15:28:51 [Thread-7] INFO  CustomerRun - Ticket purchased by robe234 (Event: holo)
2024-11-25 15:28:53 [Thread-4] INFO  CustomerRun - Ticket purchased by robe234 (Event: rolo)
2024-11-25 15:28:53 [Thread-5] INFO  CustomerRun - Ticket purchased by bele234 (Event: polo)
2024-11-25 15:28:53 [Thread-6] INFO  CustomerRun - Ticket purchased by relo234 (Event: yolo)
2024-11-25 15:28:53 [Thread-7] INFO  CustomerRun - Ticket purchased by robe234 (Event: holo)
2024-11-25 15:28:55 [Thread-4] INFO  CustomerRun - Ticket purchased by robe234 (Event: rolo)
2024-11-25 15:28:55 [Thread-5] INFO  CustomerRun - Ticket purchased by bele234 (Event: polo)
2024-11-25 15:28:55 [Thread-6] INFO  CustomerRun - Ticket purchased by relo234 (Event: yolo)
2024-11-25 15:28:55 [Thread-7] INFO  CustomerRun - Ticket purchased by robe234 (Event: holo)
2024-11-25 15:28:57 [Thread-4] INFO  CustomerRun - Ticket purchased by robe234 (Event: rolo)
2024-11-25 15:28:57 [Thread-6] INFO  CustomerRun - Ticket purchased by relo234 (Event: yolo)
2024-11-25 15:28:57 [Thread-5] INFO  CustomerRun - Ticket purchased by bele234 (Event: polo)
2024-11-25 15:28:57 [Thread-7] INFO  CustomerRun - Ticket purchased by robe234 (Event: holo)
2024-11-25 15:28:59 [Thread-4] INFO  CustomerRun - Ticket purchased by robe234 (Event: rolo)
2024-11-25 15:28:59 [Thread-6] INFO  CustomerRun - Ticket purchased by relo234 (Event: yolo)
2024-11-25 15:28:59 [Thread-5] INFO  CustomerRun - Ticket purchased by bele234 (Event: polo)
2024-11-25 15:28:59 [Thread-7] INFO  CustomerRun - Ticket purchased by robe234 (Event: holo)
2024-11-25 15:29:01 [Thread-4] INFO  CustomerRun - Ticket purchased by robe234 (Event: rolo)
2024-11-25 15:29:01 [Thread-5] INFO  CustomerRun - Ticket purchased by bele234 (Event: polo)
2024-11-25 15:29:01 [Thread-6] INFO  CustomerRun - Ticket purchased by relo234 (Event: yolo)
2024-11-25 15:29:01 [Thread-7] INFO  CustomerRun - Ticket purchased by robe234 (Event: holo)
2024-11-25 15:29:03 [Thread-4] INFO  CustomerRun - Ticket purchased by robe234 (Event: rolo)
2024-11-25 15:29:03 [Thread-6] INFO  CustomerRun - Ticket purchased by relo234 (Event: yolo)
2024-11-25 15:29:03 [Thread-5] INFO  CustomerRun - Ticket purchased by bele234 (Event: polo)
2024-11-25 15:29:03 [Thread-7] INFO  CustomerRun - Ticket purchased by robe234 (Event: holo)
2024-11-25 15:29:05 [Thread-4] INFO  CustomerRun - Ticket purchased by robe234 (Event: rolo)
2024-11-25 15:29:05 [Thread-6] INFO  CustomerRun - Ticket purchased by relo234 (Event: yolo)
2024-11-25 15:29:05 [Thread-5] INFO  CustomerRun - Ticket purchased by bele234 (Event: polo)
2024-11-25 15:29:05 [Thread-7] INFO  CustomerRun - Ticket purchased by robe234 (Event: holo)
2024-11-25 15:29:07 [Thread-4] INFO  CustomerRun - Ticket purchased by robe234 (Event: rolo)
2024-11-25 15:29:07 [Thread-6] INFO  CustomerRun - Ticket purchased by relo234 (Event: yolo)
2024-11-25 15:29:07 [Thread-7] INFO  CustomerRun - Ticket purchased by robe234 (Event: holo)
2024-11-25 15:29:07 [Thread-5] INFO  CustomerRun - Ticket purchased by bele234 (Event: polo)
2024-11-25 15:29:09 [Thread-4] INFO  CustomerRun - Ticket purchased by robe234 (Event: rolo)
2024-11-25 15:29:09 [Thread-6] INFO  CustomerRun - Ticket purchased by relo234 (Event: yolo)
2024-11-25 15:29:09 [Thread-7] INFO  CustomerRun - Ticket purchased by robe234 (Event: holo)
2024-11-25 15:29:09 [Thread-5] INFO  CustomerRun - Ticket purchased by bele234 (Event: polo)
2024-11-25 15:29:11 [Thread-4] INFO  CustomerRun - Ticket purchased by robe234 (Event: rolo)
2024-11-25 15:29:11 [Thread-6] INFO  CustomerRun - Ticket purchased by relo234 (Event: yolo)
2024-11-25 15:29:11 [Thread-7] INFO  CustomerRun - Ticket purchased by robe234 (Event: holo)
2024-11-25 15:29:11 [Thread-5] INFO  CustomerRun - Ticket purchased by bele234 (Event: polo)
2024-11-25 15:29:13 [Thread-4] INFO  CustomerRun - Ticket purchased by robe234 (Event: rolo)
2024-11-25 15:29:13 [Thread-6] INFO  CustomerRun - Ticket purchased by relo234 (Event: yolo)
2024-11-25 15:29:13 [Thread-7] INFO  CustomerRun - Ticket purchased by robe234 (Event: holo)
2024-11-25 15:29:13 [Thread-5] INFO  CustomerRun - Ticket purchased by bele234 (Event: polo)
2024-11-25 15:29:15 [Thread-4] INFO  CustomerRun - Ticket purchased by robe234 (Event: rolo)
2024-11-25 15:29:15 [Thread-6] INFO  CustomerRun - Ticket purchased by relo234 (Event: yolo)
2024-11-25 15:29:15 [Thread-7] INFO  CustomerRun - Ticket purchased by robe234 (Event: holo)
2024-11-25 15:29:15 [Thread-5] INFO  CustomerRun - Ticket purchased by bele234 (Event: polo)
2024-11-25 15:29:17 [Thread-4] INFO  CustomerRun - Ticket purchased by robe234 (Event: rolo)
2024-11-25 15:29:17 [Thread-6] INFO  CustomerRun - Ticket purchased by relo234 (Event: yolo)
2024-11-25 15:29:17 [Thread-7] INFO  CustomerRun - Ticket purchased by robe234 (Event: holo)
2024-11-25 15:29:17 [Thread-5] INFO  CustomerRun - Ticket purchased by bele234 (Event: polo)
2024-11-25 15:29:19 [Thread-4] INFO  CustomerRun - Ticket purchased by robe234 (Event: rolo)
2024-11-25 15:29:19 [Thread-6] INFO  CustomerRun - Ticket purchased by relo234 (Event: yolo)
2024-11-25 15:29:19 [Thread-7] INFO  CustomerRun - Ticket purchased by robe234 (Event: holo)
2024-11-25 15:29:19 [Thread-5] INFO  CustomerRun - Ticket purchased by bele234 (Event: polo)
2024-11-25 15:29:21 [Thread-4] INFO  CustomerRun - Ticket purchased by robe234 (Event: rolo)
2024-11-25 15:29:21 [Thread-7] INFO  CustomerRun - Ticket purchased by robe234 (Event: holo)
2024-11-25 15:29:21 [Thread-6] INFO  CustomerRun - Ticket purchased by relo234 (Event: yolo)
2024-11-25 15:29:21 [Thread-5] INFO  CustomerRun - Ticket purchased by bele234 (Event: polo)
2024-11-25 15:29:23 [Thread-4] INFO  CustomerRun - Ticket purchased by robe234 (Event: rolo)
2024-11-25 15:29:23 [Thread-7] INFO  CustomerRun - Ticket purchased by robe234 (Event: holo)
2024-11-25 15:29:23 [Thread-6] INFO  CustomerRun - Ticket purchased by relo234 (Event: yolo)
2024-11-25 15:29:24 [Thread-5] INFO  CustomerRun - Ticket purchased by bele234 (Event: polo)
2024-11-25 15:29:25 [Thread-4] INFO  CustomerRun - Ticket purchased by robe234 (Event: rolo)
2024-11-25 15:29:25 [Thread-7] INFO  CustomerRun - Ticket purchased by robe234 (Event: holo)
2024-11-25 15:29:26 [Thread-6] INFO  CustomerRun - Ticket purchased by relo234 (Event: yolo)
2024-11-25 15:29:26 [Thread-5] INFO  CustomerRun - Ticket purchased by bele234 (Event: polo)
2024-11-25 15:29:27 [Thread-4] INFO  CustomerRun - Ticket purchased by robe234 (Event: rolo)
2024-11-25 15:29:27 [Thread-7] INFO  CustomerRun - Ticket purchased by robe234 (Event: holo)
2024-11-25 15:29:28 [Thread-6] INFO  CustomerRun - Ticket purchased by relo234 (Event: yolo)
2024-11-25 15:29:28 [Thread-5] INFO  CustomerRun - Ticket purchased by bele234 (Event: polo)
2024-11-25 15:29:29 [Thread-4] INFO  CustomerRun - Ticket purchased by robe234 (Event: rolo)
2024-11-25 15:29:30 [Thread-7] INFO  CustomerRun - Ticket purchased by robe234 (Event: holo)
2024-11-25 15:29:30 [Thread-6] INFO  CustomerRun - Ticket purchased by relo234 (Event: yolo)
2024-11-25 15:29:30 [Thread-5] INFO  CustomerRun - Ticket purchased by bele234 (Event: polo)
2024-11-25 15:29:31 [Thread-4] INFO  CustomerRun - Ticket purchased by robe234 (Event: rolo)
2024-11-25 15:29:32 [Thread-7] INFO  CustomerRun - Ticket purchased by robe234 (Event: holo)
2024-11-25 15:29:32 [Thread-6] INFO  CustomerRun - Ticket purchased by relo234 (Event: yolo)
2024-11-25 15:29:32 [Thread-5] INFO  CustomerRun - Ticket purchased by bele234 (Event: polo)
2024-11-25 15:29:33 [Thread-4] INFO  CustomerRun - Ticket purchased by robe234 (Event: rolo)
2024-11-25 15:29:34 [Thread-7] INFO  CustomerRun - Ticket purchased by robe234 (Event: holo)
2024-11-25 15:29:34 [Thread-6] INFO  CustomerRun - Ticket purchased by relo234 (Event: yolo)
2024-11-25 15:29:34 [Thread-5] INFO  CustomerRun - Ticket purchased by bele234 (Event: polo)
2024-11-25 15:29:35 [Thread-4] INFO  CustomerRun - Ticket purchased by robe234 (Event: rolo)
2024-11-25 15:29:36 [Thread-7] INFO  CustomerRun - Ticket purchased by robe234 (Event: holo)
2024-11-25 15:29:36 [Thread-6] INFO  CustomerRun - Ticket purchased by relo234 (Event: yolo)
2024-11-25 15:29:36 [Thread-5] INFO  CustomerRun - Ticket purchased by bele234 (Event: polo)
2024-11-25 15:29:37 [Thread-4] INFO  CustomerRun - Ticket purchased by robe234 (Event: rolo)
2024-11-25 15:29:38 [Thread-7] INFO  CustomerRun - Ticket purchased by robe234 (Event: holo)
2024-11-25 15:29:38 [Thread-6] INFO  CustomerRun - Ticket purchased by relo234 (Event: yolo)
2024-11-25 15:29:38 [Thread-5] INFO  CustomerRun - Ticket purchased by bele234 (Event: polo)
2024-11-25 15:29:40 [Thread-4] INFO  CustomerRun - Ticket purchased by robe234 (Event: rolo)
2024-11-25 15:29:40 [Thread-7] INFO  CustomerRun - Ticket purchased by robe234 (Event: holo)
2024-11-25 15:29:40 [Thread-6] INFO  CustomerRun - Ticket purchased by relo234 (Event: yolo)
2024-11-25 15:29:40 [Thread-5] INFO  CustomerRun - Ticket purchased by bele234 (Event: polo)
2024-11-25 15:29:42 [Thread-4] INFO  CustomerRun - Ticket purchased by robe234 (Event: rolo)
2024-11-25 15:29:42 [Thread-6] INFO  CustomerRun - Ticket purchased by relo234 (Event: yolo)
2024-11-25 15:29:42 [Thread-7] INFO  CustomerRun - Ticket purchased by robe234 (Event: holo)
2024-11-25 15:29:42 [Thread-5] INFO  CustomerRun - Ticket purchased by bele234 (Event: polo)
2024-11-25 15:29:44 [Thread-4] INFO  CustomerRun - Ticket purchased by robe234 (Event: rolo)
2024-11-25 15:29:44 [Thread-7] INFO  CustomerRun - Ticket purchased by robe234 (Event: holo)
2024-11-25 15:29:44 [Thread-6] INFO  CustomerRun - Ticket purchased by relo234 (Event: yolo)
2024-11-25 15:29:44 [Thread-5] INFO  CustomerRun - Ticket purchased by bele234 (Event: polo)
2024-11-25 15:29:46 [Thread-4] INFO  CustomerRun - Ticket purchased by robe234 (Event: rolo)
2024-11-25 15:29:46 [Thread-7] INFO  CustomerRun - Ticket purchased by robe234 (Event: holo)
2024-11-25 15:29:46 [Thread-6] INFO  CustomerRun - Ticket purchased by relo234 (Event: yolo)
2024-11-25 15:29:46 [Thread-5] INFO  CustomerRun - Ticket purchased by bele234 (Event: polo)
2024-11-25 15:29:48 [Thread-4] INFO  CustomerRun - Ticket purchased by robe234 (Event: rolo)
2024-11-25 15:29:48 [Thread-7] INFO  CustomerRun - Ticket purchased by robe234 (Event: holo)
2024-11-25 15:29:48 [Thread-6] INFO  CustomerRun - Ticket purchased by relo234 (Event: yolo)
2024-11-25 15:29:48 [Thread-5] INFO  CustomerRun - Ticket purchased by bele234 (Event: polo)
2024-11-25 15:29:50 [Thread-4] INFO  CustomerRun - Ticket purchased by robe234 (Event: rolo)
2024-11-25 15:29:50 [Thread-7] INFO  CustomerRun - Ticket purchased by robe234 (Event: holo)
2024-11-25 15:29:50 [Thread-6] INFO  CustomerRun - Ticket purchased by relo234 (Event: yolo)
2024-11-25 15:29:50 [Thread-5] INFO  CustomerRun - Ticket purchased by bele234 (Event: polo)
2024-11-25 15:29:52 [Thread-4] INFO  CustomerRun - Ticket purchased by robe234 (Event: rolo)
2024-11-25 15:29:52 [Thread-7] INFO  CustomerRun - Ticket purchased by robe234 (Event: holo)
2024-11-25 15:29:52 [Thread-5] INFO  CustomerRun - Ticket purchased by bele234 (Event: polo)
2024-11-25 15:29:52 [Thread-6] INFO  CustomerRun - Ticket purchased by relo234 (Event: yolo)
2024-11-25 15:29:54 [Thread-4] INFO  CustomerRun - Ticket purchased by robe234 (Event: rolo)
2024-11-25 15:29:54 [Thread-7] INFO  CustomerRun - Ticket purchased by robe234 (Event: holo)
2024-11-25 15:29:54 [Thread-6] INFO  CustomerRun - Ticket purchased by relo234 (Event: yolo)
2024-11-25 15:29:54 [Thread-5] INFO  CustomerRun - Ticket purchased by bele234 (Event: polo)
2024-11-25 15:29:56 [Thread-4] INFO  CustomerRun - Ticket purchased by robe234 (Event: rolo)
2024-11-25 15:29:56 [Thread-7] INFO  CustomerRun - Ticket purchased by robe234 (Event: holo)
2024-11-25 15:29:56 [Thread-6] INFO  CustomerRun - Ticket purchased by relo234 (Event: yolo)
2024-11-25 15:29:56 [Thread-5] INFO  CustomerRun - Ticket purchased by bele234 (Event: polo)
2024-11-25 15:29:58 [Thread-4] INFO  CustomerRun - Ticket purchased by robe234 (Event: rolo)
2024-11-25 15:29:58 [Thread-7] INFO  CustomerRun - Ticket purchased by robe234 (Event: holo)
2024-11-25 15:29:58 [Thread-6] INFO  CustomerRun - Ticket purchased by relo234 (Event: yolo)
2024-11-25 15:29:58 [Thread-5] INFO  CustomerRun - Ticket purchased by bele234 (Event: polo)
2024-11-25 15:30:00 [Thread-4] INFO  CustomerRun - Ticket purchased by robe234 (Event: rolo)
2024-11-25 15:30:00 [Thread-7] INFO  CustomerRun - Ticket purchased by robe234 (Event: holo)
2024-11-25 15:30:00 [Thread-6] INFO  CustomerRun - Ticket purchased by relo234 (Event: yolo)
2024-11-25 15:30:00 [Thread-5] INFO  CustomerRun - Ticket purchased by bele234 (Event: polo)
2024-11-25 15:30:02 [Thread-4] INFO  CustomerRun - Ticket purchased by robe234 (Event: rolo)
2024-11-25 15:30:02 [Thread-7] INFO  CustomerRun - Ticket purchased by robe234 (Event: holo)
2024-11-25 15:30:02 [Thread-6] INFO  CustomerRun - Ticket purchased by relo234 (Event: yolo)
2024-11-25 15:30:02 [Thread-5] INFO  CustomerRun - Ticket purchased by bele234 (Event: polo)
2024-11-25 15:30:04 [Thread-4] INFO  CustomerRun - Ticket purchased by robe234 (Event: rolo)
2024-11-25 15:30:04 [Thread-7] INFO  CustomerRun - Ticket purchased by robe234 (Event: holo)
2024-11-25 15:30:04 [Thread-6] INFO  CustomerRun - Ticket purchased by relo234 (Event: yolo)
2024-11-25 15:30:04 [Thread-5] INFO  CustomerRun - Ticket purchased by bele234 (Event: polo)
2024-11-25 15:30:06 [Thread-4] INFO  CustomerRun - Ticket purchased by robe234 (Event: rolo)
2024-11-25 15:30:06 [Thread-7] INFO  CustomerRun - Ticket purchased by robe234 (Event: holo)
2024-11-25 15:30:06 [Thread-6] INFO  CustomerRun - Ticket purchased by relo234 (Event: yolo)
2024-11-25 15:30:06 [Thread-5] INFO  CustomerRun - Ticket purchased by bele234 (Event: polo)
2024-11-25 15:30:08 [Thread-4] INFO  CustomerRun - Ticket purchased by robe234 (Event: rolo)
2024-11-25 15:30:08 [Thread-7] INFO  CustomerRun - Ticket purchased by robe234 (Event: holo)
2024-11-25 15:30:08 [Thread-6] INFO  CustomerRun - Ticket purchased by relo234 (Event: yolo)
2024-11-25 15:30:08 [Thread-5] INFO  CustomerRun - Ticket purchased by bele234 (Event: polo)
2024-11-25 15:30:10 [Thread-4] INFO  CustomerRun - Ticket purchased by robe234 (Event: rolo)
2024-11-25 15:30:10 [Thread-7] INFO  CustomerRun - Ticket purchased by robe234 (Event: holo)
2024-11-25 15:30:10 [Thread-6] INFO  CustomerRun - Ticket purchased by relo234 (Event: yolo)
2024-11-25 15:30:10 [Thread-5] INFO  CustomerRun - Ticket purchased by bele234 (Event: polo)
2024-11-25 15:30:12 [Thread-4] INFO  CustomerRun - Ticket purchased by robe234 (Event: rolo)
2024-11-25 15:30:12 [Thread-7] INFO  CustomerRun - Ticket purchased by robe234 (Event: holo)
2024-11-25 15:30:12 [Thread-6] INFO  CustomerRun - Ticket purchased by relo234 (Event: yolo)
2024-11-25 15:30:12 [Thread-5] INFO  CustomerRun - Ticket purchased by bele234 (Event: polo)
2024-11-25 15:30:14 [Thread-4] INFO  CustomerRun - Ticket purchased by robe234 (Event: rolo)
2024-11-25 15:30:14 [Thread-7] INFO  CustomerRun - Ticket purchased by robe234 (Event: holo)
2024-11-25 15:30:14 [Thread-6] INFO  CustomerRun - Ticket purchased by relo234 (Event: yolo)
2024-11-25 15:30:14 [Thread-5] INFO  CustomerRun - Ticket purchased by bele234 (Event: polo)
2024-11-25 15:30:16 [Thread-4] INFO  CustomerRun - Ticket purchased by robe234 (Event: rolo)
2024-11-25 15:30:16 [Thread-7] INFO  CustomerRun - Ticket purchased by robe234 (Event: holo)
2024-11-25 15:30:16 [Thread-6] INFO  CustomerRun - Ticket purchased by relo234 (Event: yolo)
2024-11-25 15:30:16 [Thread-5] INFO  CustomerRun - Ticket purchased by bele234 (Event: polo)
2024-11-25 15:30:18 [Thread-4] INFO  CustomerRun - Ticket purchased by robe234 (Event: rolo)
2024-11-25 15:30:18 [Thread-7] INFO  CustomerRun - Ticket purchased by robe234 (Event: holo)
2024-11-25 15:30:18 [Thread-6] INFO  CustomerRun - Ticket purchased by relo234 (Event: yolo)
2024-11-25 15:30:18 [Thread-5] INFO  CustomerRun - Ticket purchased by bele234 (Event: polo)
2024-11-25 15:30:20 [Thread-4] INFO  CustomerRun - Ticket purchased by robe234 (Event: rolo)
2024-11-25 15:30:20 [Thread-7] INFO  CustomerRun - Ticket purchased by robe234 (Event: holo)
2024-11-25 15:30:20 [Thread-6] INFO  CustomerRun - Ticket purchased by relo234 (Event: yolo)
2024-11-25 15:30:20 [Thread-5] INFO  CustomerRun - Ticket purchased by bele234 (Event: polo)
2024-11-25 15:30:22 [Thread-4] INFO  CustomerRun - Ticket purchased by robe234 (Event: rolo)
2024-11-25 15:30:22 [Thread-7] INFO  CustomerRun - Ticket purchased by robe234 (Event: holo)
2024-11-25 15:30:22 [Thread-6] INFO  CustomerRun - Ticket purchased by relo234 (Event: yolo)
2024-11-25 15:30:22 [Thread-5] INFO  CustomerRun - Ticket purchased by bele234 (Event: polo)
2024-11-25 15:30:24 [Thread-4] INFO  CustomerRun - Ticket purchased by robe234 (Event: rolo)
2024-11-25 15:30:24 [Thread-7] INFO  CustomerRun - Ticket purchased by robe234 (Event: holo)
2024-11-25 15:30:24 [Thread-6] INFO  CustomerRun - Ticket purchased by relo234 (Event: yolo)
2024-11-25 15:30:24 [Thread-5] INFO  CustomerRun - Ticket purchased by bele234 (Event: polo)
2024-11-25 15:30:26 [Thread-4] INFO  CustomerRun - Ticket purchased by robe234 (Event: rolo)
2024-11-25 15:30:26 [Thread-7] INFO  CustomerRun - Ticket purchased by robe234 (Event: holo)
2024-11-25 15:30:26 [Thread-6] INFO  CustomerRun - Ticket purchased by relo234 (Event: yolo)
2024-11-25 15:30:26 [Thread-5] INFO  CustomerRun - Ticket purchased by bele234 (Event: polo)
2024-11-25 15:30:28 [Thread-4] INFO  CustomerRun - Ticket purchased by robe234 (Event: rolo)
2024-11-25 15:30:28 [Thread-7] INFO  CustomerRun - Ticket purchased by robe234 (Event: holo)
2024-11-25 15:30:28 [Thread-6] INFO  CustomerRun - Ticket purchased by relo234 (Event: yolo)
2024-11-25 15:30:28 [Thread-5] INFO  CustomerRun - Ticket purchased by bele234 (Event: polo)
2024-11-25 15:30:30 [Thread-4] INFO  CustomerRun - Ticket purchasing completed for consumer: robe234 (Event: rolo)
2024-11-25 15:30:30 [Thread-7] INFO  CustomerRun - Ticket purchasing completed for consumer: robe234 (Event: holo)
2024-11-25 15:30:30 [Thread-6] INFO  CustomerRun - Ticket purchasing completed for consumer: relo234 (Event: yolo)
2024-11-25 15:30:30 [Thread-5] INFO  CustomerRun - Ticket purchasing completed for consumer: bele234 (Event: polo)
