2024-11-25 15:28:49 [Thread-0] INFO  VendorRun - Ticket added by gren234: gren234-1 rolo
2024-11-25 15:28:49 [Thread-1] INFO  VendorRun - Ticket added by kren234: kren234-1 polo
2024-11-25 15:28:49 [Thread-2] INFO  VendorRun - Ticket added by jren234: jren234-1 yolo
2024-11-25 15:28:49 [Thread-3] INFO  VendorRun - Ticket added by gren234: gren234-1 holo
2024-11-25 15:28:50 [Thread-1] INFO  VendorRun - Ticket added by kren234: kren234-2 polo
2024-11-25 15:28:50 [Thread-2] INFO  VendorRun - Ticket added by jren234: jren234-2 yolo
2024-11-25 15:28:50 [Thread-0] INFO  VendorRun - Ticket added by gren234: gren234-2 rolo
2024-11-25 15:28:50 [Thread-3] INFO  VendorRun - Ticket added by gren234: gren234-2 holo
2024-11-25 15:28:51 [Thread-2] INFO  VendorRun - Ticket added by jren234: jren234-3 yolo
2024-11-25 15:28:51 [Thread-1] INFO  VendorRun - Ticket added by kren234: kren234-3 polo
2024-11-25 15:28:51 [Thread-0] INFO  VendorRun - Ticket added by gren234: gren234-3 rolo
2024-11-25 15:28:51 [Thread-3] INFO  VendorRun - Ticket added by gren234: gren234-3 holo
2024-11-25 15:28:52 [Thread-2] INFO  VendorRun - Ticket added by jren234: jren234-4 yolo
2024-11-25 15:28:52 [Thread-0] INFO  VendorRun - Ticket added by gren234: gren234-4 rolo
2024-11-25 15:28:52 [Thread-1] INFO  VendorRun - Ticket added by kren234: kren234-4 polo
2024-11-25 15:28:52 [Thread-3] INFO  VendorRun - Ticket added by gren234: gren234-4 holo
2024-11-25 15:28:53 [Thread-2] INFO  VendorRun - Ticket added by jren234: jren234-5 yolo
2024-11-25 15:28:53 [Thread-1] INFO  VendorRun - Ticket added by kren234: kren234-5 polo
2024-11-25 15:28:53 [Thread-0] INFO  VendorRun - Ticket added by gren234: gren234-5 rolo
2024-11-25 15:28:53 [Thread-3] INFO  VendorRun - Ticket added by gren234: gren234-5 holo
2024-11-25 15:28:54 [Thread-2] INFO  VendorRun - Ticket added by jren234: jren234-6 yolo
2024-11-25 15:28:54 [Thread-1] INFO  VendorRun - Ticket added by kren234: kren234-6 polo
2024-11-25 15:28:54 [Thread-0] INFO  VendorRun - Ticket added by gren234: gren234-6 rolo
2024-11-25 15:28:54 [Thread-3] INFO  VendorRun - Ticket added by gren234: gren234-6 holo
2024-11-25 15:28:55 [Thread-2] INFO  VendorRun - Ticket added by jren234: jren234-7 yolo
2024-11-25 15:28:55 [Thread-0] INFO  VendorRun - Ticket added by gren234: gren234-7 rolo
2024-11-25 15:28:55 [Thread-1] INFO  VendorRun - Ticket added by kren234: kren234-7 polo
2024-11-25 15:28:55 [Thread-3] INFO  VendorRun - Ticket added by gren234: gren234-7 holo
2024-11-25 15:28:56 [Thread-2] INFO  VendorRun - Ticket added by jren234: jren234-8 yolo
2024-11-25 15:28:56 [Thread-1] INFO  VendorRun - Ticket added by kren234: kren234-8 polo
2024-11-25 15:28:56 [Thread-0] INFO  VendorRun - Ticket added by gren234: gren234-8 rolo
2024-11-25 15:28:56 [Thread-3] INFO  VendorRun - Ticket added by gren234: gren234-8 holo
2024-11-25 15:28:57 [Thread-2] INFO  VendorRun - Ticket added by jren234: jren234-9 yolo
2024-11-25 15:28:57 [Thread-0] INFO  VendorRun - Ticket added by gren234: gren234-9 rolo
2024-11-25 15:28:57 [Thread-1] INFO  VendorRun - Ticket added by kren234: kren234-9 polo
2024-11-25 15:28:57 [Thread-3] INFO  VendorRun - Ticket added by gren234: gren234-9 holo
2024-11-25 15:28:58 [Thread-2] INFO  VendorRun - Ticket added by jren234: jren234-10 yolo
2024-11-25 15:28:58 [Thread-1] INFO  VendorRun - Ticket added by kren234: kren234-10 polo
2024-11-25 15:28:58 [Thread-0] INFO  VendorRun - Ticket added by gren234: gren234-10 rolo
2024-11-25 15:28:58 [Thread-3] INFO  VendorRun - Ticket added by gren234: gren234-10 holo
2024-11-25 15:28:59 [Thread-2] INFO  VendorRun - Ticket added by jren234: jren234-11 yolo
2024-11-25 15:28:59 [Thread-0] INFO  VendorRun - Ticket added by gren234: gren234-11 rolo
2024-11-25 15:28:59 [Thread-1] INFO  VendorRun - Ticket added by kren234: kren234-11 polo
2024-11-25 15:28:59 [Thread-3] INFO  VendorRun - Ticket added by gren234: gren234-11 holo
2024-11-25 15:29:00 [Thread-2] INFO  VendorRun - Ticket added by jren234: jren234-12 yolo
2024-11-25 15:29:00 [Thread-1] INFO  VendorRun - Ticket added by kren234: kren234-12 polo
2024-11-25 15:29:00 [Thread-0] INFO  VendorRun - Ticket added by gren234: gren234-12 rolo
2024-11-25 15:29:00 [Thread-3] INFO  VendorRun - Ticket added by gren234: gren234-12 holo
2024-11-25 15:29:01 [Thread-2] INFO  VendorRun - Ticket added by jren234: jren234-13 yolo
2024-11-25 15:29:01 [Thread-1] INFO  VendorRun - Ticket added by kren234: kren234-13 polo
2024-11-25 15:29:01 [Thread-0] INFO  VendorRun - Ticket added by gren234: gren234-13 rolo
2024-11-25 15:29:01 [Thread-3] INFO  VendorRun - Ticket added by gren234: gren234-13 holo
2024-11-25 15:29:02 [Thread-1] INFO  VendorRun - Ticket added by kren234: kren234-14 polo
2024-11-25 15:29:02 [Thread-2] INFO  VendorRun - Ticket added by jren234: jren234-14 yolo
2024-11-25 15:29:02 [Thread-0] INFO  VendorRun - Ticket added by gren234: gren234-14 rolo
2024-11-25 15:29:02 [Thread-3] INFO  VendorRun - Ticket added by gren234: gren234-14 holo
2024-11-25 15:29:03 [Thread-2] INFO  VendorRun - Ticket added by jren234: jren234-15 yolo
2024-11-25 15:29:03 [Thread-1] INFO  VendorRun - Ticket added by kren234: kren234-15 polo
2024-11-25 15:29:03 [Thread-0] INFO  VendorRun - Ticket added by gren234: gren234-15 rolo
2024-11-25 15:29:03 [Thread-3] INFO  VendorRun - Ticket added by gren234: gren234-15 holo
2024-11-25 15:29:04 [Thread-2] INFO  VendorRun - Ticket added by jren234: jren234-16 yolo
2024-11-25 15:29:04 [Thread-1] INFO  VendorRun - Ticket added by kren234: kren234-16 polo
2024-11-25 15:29:04 [Thread-3] INFO  VendorRun - Ticket added by gren234: gren234-16 holo
2024-11-25 15:29:04 [Thread-0] INFO  VendorRun - Ticket added by gren234: gren234-16 rolo
2024-11-25 15:29:05 [Thread-2] INFO  VendorRun - Ticket added by jren234: jren234-17 yolo
2024-11-25 15:29:05 [Thread-1] INFO  VendorRun - Ticket added by kren234: kren234-17 polo
2024-11-25 15:29:05 [Thread-3] INFO  VendorRun - Ticket added by gren234: gren234-17 holo
2024-11-25 15:29:05 [Thread-0] INFO  VendorRun - Ticket added by gren234: gren234-17 rolo
2024-11-25 15:29:06 [Thread-2] INFO  VendorRun - Ticket added by jren234: jren234-18 yolo
2024-11-25 15:29:06 [Thread-1] INFO  VendorRun - Ticket added by kren234: kren234-18 polo
2024-11-25 15:29:06 [Thread-3] INFO  VendorRun - Ticket added by gren234: gren234-18 holo
2024-11-25 15:29:06 [Thread-0] INFO  VendorRun - Ticket added by gren234: gren234-18 rolo
2024-11-25 15:29:07 [Thread-2] INFO  VendorRun - Ticket added by jren234: jren234-19 yolo
2024-11-25 15:29:07 [Thread-1] INFO  VendorRun - Ticket added by kren234: kren234-19 polo
2024-11-25 15:29:07 [Thread-3] INFO  VendorRun - Ticket added by gren234: gren234-19 holo
2024-11-25 15:29:07 [Thread-0] INFO  VendorRun - Ticket added by gren234: gren234-19 rolo
2024-11-25 15:29:08 [Thread-2] INFO  VendorRun - Ticket added by jren234: jren234-20 yolo
2024-11-25 15:29:08 [Thread-1] INFO  VendorRun - Ticket added by kren234: kren234-20 polo
2024-11-25 15:29:08 [Thread-3] INFO  VendorRun - Ticket added by gren234: gren234-20 holo
2024-11-25 15:29:08 [Thread-0] INFO  VendorRun - Ticket added by gren234: gren234-20 rolo
2024-11-25 15:29:09 [Thread-2] INFO  VendorRun - Ticket added by jren234: jren234-21 yolo
2024-11-25 15:29:09 [Thread-1] INFO  VendorRun - Ticket added by kren234: kren234-21 polo
2024-11-25 15:29:09 [Thread-3] INFO  VendorRun - Ticket added by gren234: gren234-21 holo
2024-11-25 15:29:09 [Thread-0] INFO  VendorRun - Ticket added by gren234: gren234-21 rolo
2024-11-25 15:29:10 [Thread-2] INFO  VendorRun - Ticket added by jren234: jren234-22 yolo
2024-11-25 15:29:10 [Thread-1] INFO  VendorRun - Ticket added by kren234: kren234-22 polo
2024-11-25 15:29:10 [Thread-3] INFO  VendorRun - Ticket added by gren234: gren234-22 holo
2024-11-25 15:29:10 [Thread-0] INFO  VendorRun - Ticket added by gren234: gren234-22 rolo
2024-11-25 15:29:11 [Thread-2] INFO  VendorRun - Ticket added by jren234: jren234-23 yolo
2024-11-25 15:29:11 [Thread-1] INFO  VendorRun - Ticket added by kren234: kren234-23 polo
2024-11-25 15:29:11 [Thread-3] INFO  VendorRun - Ticket added by gren234: gren234-23 holo
2024-11-25 15:29:11 [Thread-0] INFO  VendorRun - Ticket added by gren234: gren234-23 rolo
2024-11-25 15:29:12 [Thread-2] INFO  VendorRun - Ticket added by jren234: jren234-24 yolo
2024-11-25 15:29:12 [Thread-1] INFO  VendorRun - Ticket added by kren234: kren234-24 polo
2024-11-25 15:29:12 [Thread-3] INFO  VendorRun - Ticket added by gren234: gren234-24 holo
2024-11-25 15:29:12 [Thread-0] INFO  VendorRun - Ticket added by gren234: gren234-24 rolo
2024-11-25 15:29:13 [Thread-2] INFO  VendorRun - Ticket added by jren234: jren234-25 yolo
2024-11-25 15:29:13 [Thread-1] INFO  VendorRun - Ticket added by kren234: kren234-25 polo
2024-11-25 15:29:13 [Thread-3] INFO  VendorRun - Ticket added by gren234: gren234-25 holo
2024-11-25 15:29:13 [Thread-0] INFO  VendorRun - Ticket added by gren234: gren234-25 rolo
2024-11-25 15:29:14 [Thread-2] INFO  VendorRun - Ticket added by jren234: jren234-26 yolo
2024-11-25 15:29:14 [Thread-1] INFO  VendorRun - Ticket added by kren234: kren234-26 polo
2024-11-25 15:29:14 [Thread-3] INFO  VendorRun - Ticket added by gren234: gren234-26 holo
2024-11-25 15:29:14 [Thread-0] INFO  VendorRun - Ticket added by gren234: gren234-26 rolo
2024-11-25 15:29:15 [Thread-2] INFO  VendorRun - Ticket added by jren234: jren234-27 yolo
2024-11-25 15:29:15 [Thread-1] INFO  VendorRun - Ticket added by kren234: kren234-27 polo
2024-11-25 15:29:15 [Thread-3] INFO  VendorRun - Ticket added by gren234: gren234-27 holo
2024-11-25 15:29:16 [Thread-0] INFO  VendorRun - Ticket added by gren234: gren234-27 rolo
2024-11-25 15:29:16 [Thread-2] INFO  VendorRun - Ticket added by jren234: jren234-28 yolo
2024-11-25 15:29:16 [Thread-1] INFO  VendorRun - Ticket added by kren234: kren234-28 polo
2024-11-25 15:29:17 [Thread-3] INFO  VendorRun - Ticket added by gren234: gren234-28 holo
2024-11-25 15:29:17 [Thread-0] INFO  VendorRun - Ticket added by gren234: gren234-28 rolo
2024-11-25 15:29:17 [Thread-2] INFO  VendorRun - Ticket added by jren234: jren234-29 yolo
2024-11-25 15:29:17 [Thread-1] INFO  VendorRun - Ticket added by kren234: kren234-29 polo
2024-11-25 15:29:18 [Thread-3] INFO  VendorRun - Ticket added by gren234: gren234-29 holo
2024-11-25 15:29:18 [Thread-0] INFO  VendorRun - Ticket added by gren234: gren234-29 rolo
2024-11-25 15:29:18 [Thread-2] INFO  VendorRun - Ticket added by jren234: jren234-30 yolo
2024-11-25 15:29:19 [Thread-1] INFO  VendorRun - Ticket added by kren234: kren234-30 polo
2024-11-25 15:29:19 [Thread-3] INFO  VendorRun - Ticket added by gren234: gren234-30 holo
2024-11-25 15:29:19 [Thread-0] INFO  VendorRun - Ticket added by gren234: gren234-30 rolo
2024-11-25 15:29:20 [Thread-2] INFO  VendorRun - Ticket added by jren234: jren234-31 yolo
2024-11-25 15:29:20 [Thread-1] INFO  VendorRun - Ticket added by kren234: kren234-31 polo
2024-11-25 15:29:20 [Thread-3] INFO  VendorRun - Ticket added by gren234: gren234-31 holo
2024-11-25 15:29:20 [Thread-0] INFO  VendorRun - Ticket added by gren234: gren234-31 rolo
2024-11-25 15:29:21 [Thread-2] INFO  VendorRun - Ticket added by jren234: jren234-32 yolo
2024-11-25 15:29:21 [Thread-1] INFO  VendorRun - Ticket added by kren234: kren234-32 polo
2024-11-25 15:29:21 [Thread-3] INFO  VendorRun - Ticket added by gren234: gren234-32 holo
2024-11-25 15:29:21 [Thread-0] INFO  VendorRun - Ticket added by gren234: gren234-32 rolo
2024-11-25 15:29:22 [Thread-2] INFO  VendorRun - Ticket added by jren234: jren234-33 yolo
2024-11-25 15:29:22 [Thread-1] INFO  VendorRun - Ticket added by kren234: kren234-33 polo
2024-11-25 15:29:22 [Thread-3] INFO  VendorRun - Ticket added by gren234: gren234-33 holo
2024-11-25 15:29:22 [Thread-0] INFO  VendorRun - Ticket added by gren234: gren234-33 rolo
2024-11-25 15:29:23 [Thread-2] INFO  VendorRun - Ticket added by jren234: jren234-34 yolo
2024-11-25 15:29:23 [Thread-1] INFO  VendorRun - Ticket added by kren234: kren234-34 polo
2024-11-25 15:29:23 [Thread-3] INFO  VendorRun - Ticket added by gren234: gren234-34 holo
2024-11-25 15:29:23 [Thread-0] INFO  VendorRun - Ticket added by gren234: gren234-34 rolo
2024-11-25 15:29:24 [Thread-2] INFO  VendorRun - Ticket added by jren234: jren234-35 yolo
2024-11-25 15:29:24 [Thread-1] INFO  VendorRun - Ticket added by kren234: kren234-35 polo
2024-11-25 15:29:24 [Thread-3] INFO  VendorRun - Ticket added by gren234: gren234-35 holo
2024-11-25 15:29:24 [Thread-0] INFO  VendorRun - Ticket added by gren234: gren234-35 rolo
2024-11-25 15:29:25 [Thread-2] INFO  VendorRun - Ticket added by jren234: jren234-36 yolo
2024-11-25 15:29:25 [Thread-1] INFO  VendorRun - Ticket added by kren234: kren234-36 polo
2024-11-25 15:29:25 [Thread-3] INFO  VendorRun - Ticket added by gren234: gren234-36 holo
2024-11-25 15:29:25 [Thread-0] INFO  VendorRun - Ticket added by gren234: gren234-36 rolo
2024-11-25 15:29:26 [Thread-2] INFO  VendorRun - Ticket added by jren234: jren234-37 yolo
2024-11-25 15:29:26 [Thread-1] INFO  VendorRun - Ticket added by kren234: kren234-37 polo
2024-11-25 15:29:26 [Thread-3] INFO  VendorRun - Ticket added by gren234: gren234-37 holo
2024-11-25 15:29:26 [Thread-0] INFO  VendorRun - Ticket added by gren234: gren234-37 rolo
2024-11-25 15:29:27 [Thread-2] INFO  VendorRun - Ticket added by jren234: jren234-38 yolo
2024-11-25 15:29:27 [Thread-1] INFO  VendorRun - Ticket added by kren234: kren234-38 polo
2024-11-25 15:29:27 [Thread-3] INFO  VendorRun - Ticket added by gren234: gren234-38 holo
2024-11-25 15:29:27 [Thread-0] INFO  VendorRun - Ticket added by gren234: gren234-38 rolo
2024-11-25 15:29:28 [Thread-2] INFO  VendorRun - Ticket added by jren234: jren234-39 yolo
2024-11-25 15:29:28 [Thread-1] INFO  VendorRun - Ticket added by kren234: kren234-39 polo
2024-11-25 15:29:28 [Thread-3] INFO  VendorRun - Ticket added by gren234: gren234-39 holo
2024-11-25 15:29:28 [Thread-0] INFO  VendorRun - Ticket added by gren234: gren234-39 rolo
2024-11-25 15:29:29 [Thread-2] INFO  VendorRun - Ticket added by jren234: jren234-40 yolo
2024-11-25 15:29:29 [Thread-1] INFO  VendorRun - Ticket added by kren234: kren234-40 polo
2024-11-25 15:29:29 [Thread-3] INFO  VendorRun - Ticket added by gren234: gren234-40 holo
2024-11-25 15:29:29 [Thread-0] INFO  VendorRun - Ticket added by gren234: gren234-40 rolo
2024-11-25 15:29:30 [Thread-2] INFO  VendorRun - Ticket added by jren234: jren234-41 yolo
2024-11-25 15:29:30 [Thread-1] INFO  VendorRun - Ticket added by kren234: kren234-41 polo
2024-11-25 15:29:30 [Thread-3] INFO  VendorRun - Ticket added by gren234: gren234-41 holo
2024-11-25 15:29:30 [Thread-0] INFO  VendorRun - Ticket added by gren234: gren234-41 rolo
2024-11-25 15:29:31 [Thread-2] INFO  VendorRun - Ticket added by jren234: jren234-42 yolo
2024-11-25 15:29:31 [Thread-1] INFO  VendorRun - Ticket added by kren234: kren234-42 polo
2024-11-25 15:29:31 [Thread-3] INFO  VendorRun - Ticket added by gren234: gren234-42 holo
2024-11-25 15:29:31 [Thread-0] INFO  VendorRun - Ticket added by gren234: gren234-42 rolo
2024-11-25 15:29:32 [Thread-2] INFO  VendorRun - Ticket added by jren234: jren234-43 yolo
2024-11-25 15:29:32 [Thread-1] INFO  VendorRun - Ticket added by kren234: kren234-43 polo
2024-11-25 15:29:32 [Thread-3] INFO  VendorRun - Ticket added by gren234: gren234-43 holo
2024-11-25 15:29:32 [Thread-0] INFO  VendorRun - Ticket added by gren234: gren234-43 rolo
2024-11-25 15:29:33 [Thread-2] INFO  VendorRun - Ticket added by jren234: jren234-44 yolo
2024-11-25 15:29:33 [Thread-1] INFO  VendorRun - Ticket added by kren234: kren234-44 polo
2024-11-25 15:29:33 [Thread-3] INFO  VendorRun - Ticket added by gren234: gren234-44 holo
2024-11-25 15:29:33 [Thread-0] INFO  VendorRun - Ticket added by gren234: gren234-44 rolo
2024-11-25 15:29:34 [Thread-2] INFO  VendorRun - Ticket added by jren234: jren234-45 yolo
2024-11-25 15:29:34 [Thread-1] INFO  VendorRun - Ticket added by kren234: kren234-45 polo
2024-11-25 15:29:34 [Thread-3] INFO  VendorRun - Ticket added by gren234: gren234-45 holo
2024-11-25 15:29:34 [Thread-0] INFO  VendorRun - Ticket added by gren234: gren234-45 rolo
2024-11-25 15:29:35 [Thread-2] INFO  VendorRun - Ticket added by jren234: jren234-46 yolo
2024-11-25 15:29:35 [Thread-1] INFO  VendorRun - Ticket added by kren234: kren234-46 polo
2024-11-25 15:29:35 [Thread-3] INFO  VendorRun - Ticket added by gren234: gren234-46 holo
2024-11-25 15:29:35 [Thread-0] INFO  VendorRun - Ticket added by gren234: gren234-46 rolo
2024-11-25 15:29:36 [Thread-2] INFO  VendorRun - Ticket added by jren234: jren234-47 yolo
2024-11-25 15:29:36 [Thread-1] INFO  VendorRun - Ticket added by kren234: kren234-47 polo
2024-11-25 15:29:36 [Thread-3] INFO  VendorRun - Ticket added by gren234: gren234-47 holo
2024-11-25 15:29:36 [Thread-0] INFO  VendorRun - Ticket added by gren234: gren234-47 rolo
2024-11-25 15:29:37 [Thread-2] INFO  VendorRun - Ticket added by jren234: jren234-48 yolo
2024-11-25 15:29:37 [Thread-1] INFO  VendorRun - Ticket added by kren234: kren234-48 polo
2024-11-25 15:29:37 [Thread-3] INFO  VendorRun - Ticket added by gren234: gren234-48 holo
2024-11-25 15:29:37 [Thread-0] INFO  VendorRun - Ticket added by gren234: gren234-48 rolo
2024-11-25 15:29:38 [Thread-2] INFO  VendorRun - Ticket added by jren234: jren234-49 yolo
2024-11-25 15:29:38 [Thread-1] INFO  VendorRun - Ticket added by kren234: kren234-49 polo
2024-11-25 15:29:38 [Thread-3] INFO  VendorRun - Ticket added by gren234: gren234-49 holo
2024-11-25 15:29:38 [Thread-0] INFO  VendorRun - Ticket added by gren234: gren234-49 rolo
2024-11-25 15:29:39 [Thread-2] INFO  VendorRun - Ticket added by jren234: jren234-50 yolo
2024-11-25 15:29:39 [Thread-1] INFO  VendorRun - Ticket added by kren234: kren234-50 polo
2024-11-25 15:29:39 [Thread-3] INFO  VendorRun - Ticket added by gren234: gren234-50 holo
2024-11-25 15:29:39 [Thread-0] INFO  VendorRun - Ticket added by gren234: gren234-50 rolo
2024-11-25 15:29:40 [Thread-2] INFO  VendorRun - Ticket added by jren234: jren234-51 yolo
2024-11-25 15:29:40 [Thread-1] INFO  VendorRun - Ticket added by kren234: kren234-51 polo
2024-11-25 15:29:40 [Thread-3] INFO  VendorRun - Ticket added by gren234: gren234-51 holo
2024-11-25 15:29:40 [Thread-0] INFO  VendorRun - Ticket added by gren234: gren234-51 rolo
2024-11-25 15:29:41 [Thread-2] INFO  VendorRun - Ticket added by jren234: jren234-52 yolo
2024-11-25 15:29:41 [Thread-1] INFO  VendorRun - Ticket added by kren234: kren234-52 polo
2024-11-25 15:29:41 [Thread-3] INFO  VendorRun - Ticket added by gren234: gren234-52 holo
2024-11-25 15:29:41 [Thread-0] INFO  VendorRun - Ticket added by gren234: gren234-52 rolo
2024-11-25 15:29:42 [Thread-2] INFO  VendorRun - Ticket added by jren234: jren234-53 yolo
2024-11-25 15:29:42 [Thread-1] INFO  VendorRun - Ticket added by kren234: kren234-53 polo
2024-11-25 15:29:42 [Thread-3] INFO  VendorRun - Ticket added by gren234: gren234-53 holo
2024-11-25 15:29:42 [Thread-0] INFO  VendorRun - Ticket added by gren234: gren234-53 rolo
2024-11-25 15:29:43 [Thread-2] INFO  VendorRun - Ticket added by jren234: jren234-54 yolo
2024-11-25 15:29:43 [Thread-1] INFO  VendorRun - Ticket added by kren234: kren234-54 polo
2024-11-25 15:29:43 [Thread-3] INFO  VendorRun - Ticket added by gren234: gren234-54 holo
2024-11-25 15:29:43 [Thread-0] INFO  VendorRun - Ticket added by gren234: gren234-54 rolo
2024-11-25 15:29:44 [Thread-2] INFO  VendorRun - Ticket added by jren234: jren234-55 yolo
2024-11-25 15:29:44 [Thread-1] INFO  VendorRun - Ticket added by kren234: kren234-55 polo
2024-11-25 15:29:44 [Thread-3] INFO  VendorRun - Ticket added by gren234: gren234-55 holo
2024-11-25 15:29:44 [Thread-0] INFO  VendorRun - Ticket added by gren234: gren234-55 rolo
2024-11-25 15:29:45 [Thread-2] INFO  VendorRun - Ticket added by jren234: jren234-56 yolo
2024-11-25 15:29:45 [Thread-1] INFO  VendorRun - Ticket added by kren234: kren234-56 polo
2024-11-25 15:29:45 [Thread-3] INFO  VendorRun - Ticket added by gren234: gren234-56 holo
2024-11-25 15:29:45 [Thread-0] INFO  VendorRun - Ticket added by gren234: gren234-56 rolo
2024-11-25 15:29:46 [Thread-2] INFO  VendorRun - Ticket added by jren234: jren234-57 yolo
2024-11-25 15:29:46 [Thread-1] INFO  VendorRun - Ticket added by kren234: kren234-57 polo
2024-11-25 15:29:46 [Thread-3] INFO  VendorRun - Ticket added by gren234: gren234-57 holo
2024-11-25 15:29:46 [Thread-0] INFO  VendorRun - Ticket added by gren234: gren234-57 rolo
2024-11-25 15:29:47 [Thread-2] INFO  VendorRun - Ticket added by jren234: jren234-58 yolo
2024-11-25 15:29:47 [Thread-1] INFO  VendorRun - Ticket added by kren234: kren234-58 polo
2024-11-25 15:29:47 [Thread-3] INFO  VendorRun - Ticket added by gren234: gren234-58 holo
2024-11-25 15:29:47 [Thread-0] INFO  VendorRun - Ticket added by gren234: gren234-58 rolo
2024-11-25 15:29:48 [Thread-2] INFO  VendorRun - Ticket added by jren234: jren234-59 yolo
2024-11-25 15:29:48 [Thread-1] INFO  VendorRun - Ticket added by kren234: kren234-59 polo
2024-11-25 15:29:48 [Thread-3] INFO  VendorRun - Ticket added by gren234: gren234-59 holo
2024-11-25 15:29:48 [Thread-0] INFO  VendorRun - Ticket added by gren234: gren234-59 rolo
2024-11-25 15:29:49 [Thread-2] INFO  VendorRun - Ticket added by jren234: jren234-60 yolo
2024-11-25 15:29:49 [Thread-1] INFO  VendorRun - Ticket added by kren234: kren234-60 polo
2024-11-25 15:29:49 [Thread-3] INFO  VendorRun - Ticket added by gren234: gren234-60 holo
2024-11-25 15:29:49 [Thread-0] INFO  VendorRun - Ticket added by gren234: gren234-60 rolo
2024-11-25 15:29:50 [Thread-2] INFO  VendorRun - Ticket added by jren234: jren234-61 yolo
2024-11-25 15:29:50 [Thread-3] INFO  VendorRun - Ticket added by gren234: gren234-61 holo
2024-11-25 15:29:50 [Thread-1] INFO  VendorRun - Ticket added by kren234: kren234-61 polo
2024-11-25 15:29:50 [Thread-0] INFO  VendorRun - Ticket added by gren234: gren234-61 rolo
2024-11-25 15:29:51 [Thread-2] INFO  VendorRun - Ticket added by jren234: jren234-62 yolo
2024-11-25 15:29:51 [Thread-3] INFO  VendorRun - Ticket added by gren234: gren234-62 holo
2024-11-25 15:29:51 [Thread-1] INFO  VendorRun - Ticket added by kren234: kren234-62 polo
2024-11-25 15:29:51 [Thread-0] INFO  VendorRun - Ticket added by gren234: gren234-62 rolo
2024-11-25 15:29:52 [Thread-2] INFO  VendorRun - Ticket added by jren234: jren234-63 yolo
2024-11-25 15:29:52 [Thread-3] INFO  VendorRun - Ticket added by gren234: gren234-63 holo
2024-11-25 15:29:52 [Thread-1] INFO  VendorRun - Ticket added by kren234: kren234-63 polo
2024-11-25 15:29:52 [Thread-0] INFO  VendorRun - Ticket added by gren234: gren234-63 rolo
2024-11-25 15:29:53 [Thread-2] INFO  VendorRun - Ticket added by jren234: jren234-64 yolo
2024-11-25 15:29:53 [Thread-3] INFO  VendorRun - Ticket added by gren234: gren234-64 holo
2024-11-25 15:29:53 [Thread-1] INFO  VendorRun - Ticket added by kren234: kren234-64 polo
2024-11-25 15:29:53 [Thread-0] INFO  VendorRun - Ticket added by gren234: gren234-64 rolo
2024-11-25 15:29:54 [Thread-2] INFO  VendorRun - Ticket added by jren234: jren234-65 yolo
2024-11-25 15:29:54 [Thread-3] INFO  VendorRun - Ticket added by gren234: gren234-65 holo
2024-11-25 15:29:54 [Thread-1] INFO  VendorRun - Ticket added by kren234: kren234-65 polo
2024-11-25 15:29:54 [Thread-0] INFO  VendorRun - Ticket added by gren234: gren234-65 rolo
2024-11-25 15:29:55 [Thread-2] INFO  VendorRun - Ticket added by jren234: jren234-66 yolo
2024-11-25 15:29:55 [Thread-3] INFO  VendorRun - Ticket added by gren234: gren234-66 holo
2024-11-25 15:29:55 [Thread-1] INFO  VendorRun - Ticket added by kren234: kren234-66 polo
2024-11-25 15:29:55 [Thread-0] INFO  VendorRun - Ticket added by gren234: gren234-66 rolo
2024-11-25 15:29:56 [Thread-2] INFO  VendorRun - Ticket added by jren234: jren234-67 yolo
2024-11-25 15:29:56 [Thread-3] INFO  VendorRun - Ticket added by gren234: gren234-67 holo
2024-11-25 15:29:56 [Thread-1] INFO  VendorRun - Ticket added by kren234: kren234-67 polo
2024-11-25 15:29:56 [Thread-0] INFO  VendorRun - Ticket added by gren234: gren234-67 rolo
2024-11-25 15:29:57 [Thread-2] INFO  VendorRun - Ticket added by jren234: jren234-68 yolo
2024-11-25 15:29:57 [Thread-3] INFO  VendorRun - Ticket added by gren234: gren234-68 holo
2024-11-25 15:29:57 [Thread-1] INFO  VendorRun - Ticket added by kren234: kren234-68 polo
2024-11-25 15:29:57 [Thread-0] INFO  VendorRun - Ticket added by gren234: gren234-68 rolo
2024-11-25 15:29:58 [Thread-2] INFO  VendorRun - Ticket added by jren234: jren234-69 yolo
2024-11-25 15:29:58 [Thread-3] INFO  VendorRun - Ticket added by gren234: gren234-69 holo
2024-11-25 15:29:58 [Thread-1] INFO  VendorRun - Ticket added by kren234: kren234-69 polo
2024-11-25 15:29:58 [Thread-0] INFO  VendorRun - Ticket added by gren234: gren234-69 rolo
2024-11-25 15:29:59 [Thread-2] INFO  VendorRun - Ticket added by jren234: jren234-70 yolo
2024-11-25 15:29:59 [Thread-3] INFO  VendorRun - Ticket added by gren234: gren234-70 holo
2024-11-25 15:29:59 [Thread-1] INFO  VendorRun - Ticket added by kren234: kren234-70 polo
2024-11-25 15:29:59 [Thread-0] INFO  VendorRun - Ticket added by gren234: gren234-70 rolo
2024-11-25 15:30:00 [Thread-2] INFO  VendorRun - Ticket added by jren234: jren234-71 yolo
2024-11-25 15:30:00 [Thread-3] INFO  VendorRun - Ticket added by gren234: gren234-71 holo
2024-11-25 15:30:00 [Thread-1] INFO  VendorRun - Ticket added by kren234: kren234-71 polo
2024-11-25 15:30:00 [Thread-0] INFO  VendorRun - Ticket added by gren234: gren234-71 rolo
2024-11-25 15:30:01 [Thread-2] INFO  VendorRun - Ticket added by jren234: jren234-72 yolo
2024-11-25 15:30:01 [Thread-3] INFO  VendorRun - Ticket added by gren234: gren234-72 holo
2024-11-25 15:30:01 [Thread-1] INFO  VendorRun - Ticket added by kren234: kren234-72 polo
2024-11-25 15:30:01 [Thread-0] INFO  VendorRun - Ticket added by gren234: gren234-72 rolo
2024-11-25 15:30:02 [Thread-2] INFO  VendorRun - Ticket added by jren234: jren234-73 yolo
2024-11-25 15:30:02 [Thread-3] INFO  VendorRun - Ticket added by gren234: gren234-73 holo
2024-11-25 15:30:02 [Thread-1] INFO  VendorRun - Ticket added by kren234: kren234-73 polo
2024-11-25 15:30:02 [Thread-0] INFO  VendorRun - Ticket added by gren234: gren234-73 rolo
2024-11-25 15:30:03 [Thread-2] INFO  VendorRun - Ticket added by jren234: jren234-74 yolo
2024-11-25 15:30:03 [Thread-3] INFO  VendorRun - Ticket added by gren234: gren234-74 holo
2024-11-25 15:30:03 [Thread-1] INFO  VendorRun - Ticket added by kren234: kren234-74 polo
2024-11-25 15:30:03 [Thread-0] INFO  VendorRun - Ticket added by gren234: gren234-74 rolo
2024-11-25 15:30:04 [Thread-2] INFO  VendorRun - Ticket added by jren234: jren234-75 yolo
2024-11-25 15:30:04 [Thread-3] INFO  VendorRun - Ticket added by gren234: gren234-75 holo
2024-11-25 15:30:04 [Thread-1] INFO  VendorRun - Ticket added by kren234: kren234-75 polo
2024-11-25 15:30:04 [Thread-0] INFO  VendorRun - Ticket added by gren234: gren234-75 rolo
2024-11-25 15:30:05 [Thread-2] INFO  VendorRun - Ticket added by jren234: jren234-76 yolo
2024-11-25 15:30:05 [Thread-3] INFO  VendorRun - Ticket added by gren234: gren234-76 holo
2024-11-25 15:30:05 [Thread-1] INFO  VendorRun - Ticket added by kren234: kren234-76 polo
2024-11-25 15:30:05 [Thread-0] INFO  VendorRun - Ticket added by gren234: gren234-76 rolo
2024-11-25 15:30:06 [Thread-2] INFO  VendorRun - Ticket added by jren234: jren234-77 yolo
2024-11-25 15:30:06 [Thread-3] INFO  VendorRun - Ticket added by gren234: gren234-77 holo
2024-11-25 15:30:06 [Thread-1] INFO  VendorRun - Ticket added by kren234: kren234-77 polo
2024-11-25 15:30:06 [Thread-0] INFO  VendorRun - Ticket added by gren234: gren234-77 rolo
2024-11-25 15:30:07 [Thread-2] INFO  VendorRun - Ticket added by jren234: jren234-78 yolo
2024-11-25 15:30:07 [Thread-3] INFO  VendorRun - Ticket added by gren234: gren234-78 holo
2024-11-25 15:30:07 [Thread-1] INFO  VendorRun - Ticket added by kren234: kren234-78 polo
2024-11-25 15:30:07 [Thread-0] INFO  VendorRun - Ticket added by gren234: gren234-78 rolo
2024-11-25 15:30:08 [Thread-2] INFO  VendorRun - Ticket added by jren234: jren234-79 yolo
2024-11-25 15:30:08 [Thread-1] INFO  VendorRun - Ticket added by kren234: kren234-79 polo
2024-11-25 15:30:08 [Thread-3] INFO  VendorRun - Ticket added by gren234: gren234-79 holo
2024-11-25 15:30:08 [Thread-0] INFO  VendorRun - Ticket added by gren234: gren234-79 rolo
2024-11-25 15:30:09 [Thread-1] INFO  VendorRun - Ticket added by kren234: kren234-80 polo
2024-11-25 15:30:09 [Thread-2] INFO  VendorRun - Ticket added by jren234: jren234-80 yolo
2024-11-25 15:30:09 [Thread-3] INFO  VendorRun - Ticket added by gren234: gren234-80 holo
2024-11-25 15:30:09 [Thread-0] INFO  VendorRun - Ticket added by gren234: gren234-80 rolo
2024-11-25 15:30:10 [Thread-2] INFO  VendorRun - Ticket added by jren234: jren234-81 yolo
2024-11-25 15:30:10 [Thread-1] INFO  VendorRun - Ticket added by kren234: kren234-81 polo
2024-11-25 15:30:10 [Thread-3] INFO  VendorRun - Ticket added by gren234: gren234-81 holo
2024-11-25 15:30:10 [Thread-0] INFO  VendorRun - Ticket added by gren234: gren234-81 rolo
2024-11-25 15:30:11 [Thread-2] INFO  VendorRun - Ticket added by jren234: jren234-82 yolo
2024-11-25 15:30:11 [Thread-1] INFO  VendorRun - Ticket added by kren234: kren234-82 polo
2024-11-25 15:30:11 [Thread-3] INFO  VendorRun - Ticket added by gren234: gren234-82 holo
2024-11-25 15:30:11 [Thread-0] INFO  VendorRun - Ticket added by gren234: gren234-82 rolo
2024-11-25 15:30:12 [Thread-2] INFO  VendorRun - Ticket added by jren234: jren234-83 yolo
2024-11-25 15:30:12 [Thread-1] INFO  VendorRun - Ticket added by kren234: kren234-83 polo
2024-11-25 15:30:12 [Thread-3] INFO  VendorRun - Ticket added by gren234: gren234-83 holo
2024-11-25 15:30:12 [Thread-0] INFO  VendorRun - Ticket added by gren234: gren234-83 rolo
2024-11-25 15:30:13 [Thread-2] INFO  VendorRun - Ticket added by jren234: jren234-84 yolo
2024-11-25 15:30:13 [Thread-1] INFO  VendorRun - Ticket added by kren234: kren234-84 polo
2024-11-25 15:30:13 [Thread-3] INFO  VendorRun - Ticket added by gren234: gren234-84 holo
2024-11-25 15:30:13 [Thread-0] INFO  VendorRun - Ticket added by gren234: gren234-84 rolo
2024-11-25 15:30:14 [Thread-2] INFO  VendorRun - Ticket added by jren234: jren234-85 yolo
2024-11-25 15:30:14 [Thread-1] INFO  VendorRun - Ticket added by kren234: kren234-85 polo
2024-11-25 15:30:14 [Thread-3] INFO  VendorRun - Ticket added by gren234: gren234-85 holo
2024-11-25 15:30:14 [Thread-0] INFO  VendorRun - Ticket added by gren234: gren234-85 rolo
2024-11-25 15:30:15 [Thread-2] INFO  VendorRun - Ticket added by jren234: jren234-86 yolo
2024-11-25 15:30:15 [Thread-1] INFO  VendorRun - Ticket added by kren234: kren234-86 polo
2024-11-25 15:30:15 [Thread-3] INFO  VendorRun - Ticket added by gren234: gren234-86 holo
2024-11-25 15:30:15 [Thread-0] INFO  VendorRun - Ticket added by gren234: gren234-86 rolo
2024-11-25 15:30:16 [Thread-2] INFO  VendorRun - Ticket added by jren234: jren234-87 yolo
2024-11-25 15:30:16 [Thread-1] INFO  VendorRun - Ticket added by kren234: kren234-87 polo
2024-11-25 15:30:16 [Thread-3] INFO  VendorRun - Ticket added by gren234: gren234-87 holo
2024-11-25 15:30:16 [Thread-0] INFO  VendorRun - Ticket added by gren234: gren234-87 rolo
2024-11-25 15:30:17 [Thread-2] INFO  VendorRun - Ticket added by jren234: jren234-88 yolo
2024-11-25 15:30:17 [Thread-1] INFO  VendorRun - Ticket added by kren234: kren234-88 polo
2024-11-25 15:30:17 [Thread-3] INFO  VendorRun - Ticket added by gren234: gren234-88 holo
2024-11-25 15:30:17 [Thread-0] INFO  VendorRun - Ticket added by gren234: gren234-88 rolo
2024-11-25 15:30:18 [Thread-2] INFO  VendorRun - Ticket added by jren234: jren234-89 yolo
2024-11-25 15:30:18 [Thread-1] INFO  VendorRun - Ticket added by kren234: kren234-89 polo
2024-11-25 15:30:18 [Thread-3] INFO  VendorRun - Ticket added by gren234: gren234-89 holo
2024-11-25 15:30:18 [Thread-0] INFO  VendorRun - Ticket added by gren234: gren234-89 rolo
2024-11-25 15:30:19 [Thread-2] INFO  VendorRun - Ticket added by jren234: jren234-90 yolo
2024-11-25 15:30:19 [Thread-1] INFO  VendorRun - Ticket added by kren234: kren234-90 polo
2024-11-25 15:30:19 [Thread-3] INFO  VendorRun - Ticket added by gren234: gren234-90 holo
2024-11-25 15:30:19 [Thread-0] INFO  VendorRun - Ticket added by gren234: gren234-90 rolo
2024-11-25 15:30:20 [Thread-2] INFO  VendorRun - Ticket added by jren234: jren234-91 yolo
2024-11-25 15:30:20 [Thread-1] INFO  VendorRun - Ticket added by kren234: kren234-91 polo
2024-11-25 15:30:20 [Thread-3] INFO  VendorRun - Ticket added by gren234: gren234-91 holo
2024-11-25 15:30:20 [Thread-0] INFO  VendorRun - Ticket added by gren234: gren234-91 rolo
2024-11-25 15:30:21 [Thread-2] INFO  VendorRun - Ticket added by jren234: jren234-92 yolo
2024-11-25 15:30:21 [Thread-1] INFO  VendorRun - Ticket added by kren234: kren234-92 polo
2024-11-25 15:30:21 [Thread-3] INFO  VendorRun - Ticket added by gren234: gren234-92 holo
2024-11-25 15:30:21 [Thread-0] INFO  VendorRun - Ticket added by gren234: gren234-92 rolo
2024-11-25 15:30:22 [Thread-2] INFO  VendorRun - Ticket added by jren234: jren234-93 yolo
2024-11-25 15:30:22 [Thread-1] INFO  VendorRun - Ticket added by kren234: kren234-93 polo
2024-11-25 15:30:22 [Thread-3] INFO  VendorRun - Ticket added by gren234: gren234-93 holo
2024-11-25 15:30:22 [Thread-0] INFO  VendorRun - Ticket added by gren234: gren234-93 rolo
2024-11-25 15:30:23 [Thread-2] INFO  VendorRun - Ticket added by jren234: jren234-94 yolo
2024-11-25 15:30:23 [Thread-1] INFO  VendorRun - Ticket added by kren234: kren234-94 polo
2024-11-25 15:30:23 [Thread-3] INFO  VendorRun - Ticket added by gren234: gren234-94 holo
2024-11-25 15:30:24 [Thread-0] INFO  VendorRun - Ticket added by gren234: gren234-94 rolo
2024-11-25 15:30:24 [Thread-2] INFO  VendorRun - Ticket added by jren234: jren234-95 yolo
2024-11-25 15:30:25 [Thread-1] INFO  VendorRun - Ticket added by kren234: kren234-95 polo
2024-11-25 15:30:25 [Thread-3] INFO  VendorRun - Ticket added by gren234: gren234-95 holo
2024-11-25 15:30:25 [Thread-0] INFO  VendorRun - Ticket added by gren234: gren234-95 rolo
2024-11-25 15:30:26 [Thread-2] INFO  VendorRun - Ticket added by jren234: jren234-96 yolo
2024-11-25 15:30:26 [Thread-1] INFO  VendorRun - Ticket added by kren234: kren234-96 polo
2024-11-25 15:30:26 [Thread-3] INFO  VendorRun - Ticket added by gren234: gren234-96 holo
2024-11-25 15:30:26 [Thread-0] INFO  VendorRun - Ticket added by gren234: gren234-96 rolo
2024-11-25 15:30:27 [Thread-2] INFO  VendorRun - Ticket added by jren234: jren234-97 yolo
2024-11-25 15:30:27 [Thread-1] INFO  VendorRun - Ticket added by kren234: kren234-97 polo
2024-11-25 15:30:27 [Thread-3] INFO  VendorRun - Ticket added by gren234: gren234-97 holo
2024-11-25 15:30:27 [Thread-0] INFO  VendorRun - Ticket added by gren234: gren234-97 rolo
2024-11-25 15:30:28 [Thread-2] INFO  VendorRun - Ticket added by jren234: jren234-98 yolo
2024-11-25 15:30:28 [Thread-1] INFO  VendorRun - Ticket added by kren234: kren234-98 polo
2024-11-25 15:30:28 [Thread-3] INFO  VendorRun - Ticket added by gren234: gren234-98 holo
2024-11-25 15:30:28 [Thread-0] INFO  VendorRun - Ticket added by gren234: gren234-98 rolo
2024-11-25 15:30:29 [Thread-2] INFO  VendorRun - Ticket added by jren234: jren234-99 yolo
2024-11-25 15:30:29 [Thread-1] INFO  VendorRun - Ticket added by kren234: kren234-99 polo
2024-11-25 15:30:29 [Thread-3] INFO  VendorRun - Ticket added by gren234: gren234-99 holo
2024-11-25 15:30:29 [Thread-0] INFO  VendorRun - Ticket added by gren234: gren234-99 rolo
2024-11-25 15:30:30 [Thread-2] INFO  VendorRun - Ticket added by jren234: jren234-100 yolo
2024-11-25 15:30:30 [Thread-1] INFO  VendorRun - Ticket added by kren234: kren234-100 polo
2024-11-25 15:30:30 [Thread-3] INFO  VendorRun - Ticket added by gren234: gren234-100 holo
2024-11-25 15:30:30 [Thread-0] INFO  VendorRun - Ticket added by gren234: gren234-100 rolo
2024-11-25 15:30:31 [Thread-2] INFO  VendorRun - Ticket release completed for vendor: jren234 selling yolo tickets.
2024-11-25 15:30:31 [Thread-1] INFO  VendorRun - Ticket release completed for vendor: kren234 selling polo tickets.
2024-11-25 15:30:31 [Thread-3] INFO  VendorRun - Ticket release completed for vendor: gren234 selling holo tickets.
2024-11-25 15:30:31 [Thread-0] INFO  VendorRun - Ticket release completed for vendor: gren234 selling rolo tickets.
